Log file open, 12/09/19 21:18:17
LogWindows: Failed to load 'aqProf.dll' (GetLastError=126)
LogWindows: File 'aqProf.dll' does not exist
LogWindows: Failed to load 'VtuneApi.dll' (GetLastError=126)
LogWindows: File 'VtuneApi.dll' does not exist
LogWindows: Failed to load 'VtuneApi32e.dll' (GetLastError=126)
LogWindows: File 'VtuneApi32e.dll' does not exist
LogConsoleResponse: Display: Failed to find resolution value strings in scalability ini. Falling back to default.
LogInit: Display: Running engine for game: final_sample
LogPakFile: Registered encryption key '00000000000000000000000000000000': 0 pak files mounted, 0 remain pending
LogPlatformFile: Not using cached read wrapper
LogTaskGraph: Started task graph with 5 named threads and 35 total threads with 3 sets of task threads.
LogStats: Stats thread started at 0.421595
LogD3D11RHI: Loaded GFSDK_Aftermath_Lib.x64.dll
LogICUInternationalization: ICU TimeZone Detection - Raw Offset: -5:00, Platform Override: ''
LogPluginManager: Mounting plugin Paper2D
LogPluginManager: Mounting plugin AISupport
LogPluginManager: Mounting plugin LightPropagationVolume
LogPluginManager: Mounting plugin ActorLayerUtilities
LogPluginManager: Mounting plugin AnimationSharing
LogPluginManager: Mounting plugin CLionSourceCodeAccess
LogPluginManager: Mounting plugin CodeLiteSourceCodeAccess
LogPluginManager: Mounting plugin GitSourceControl
LogPluginManager: Mounting plugin KDevelopSourceCodeAccess
LogPluginManager: Mounting plugin NullSourceCodeAccess
LogPluginManager: Mounting plugin PerforceSourceControl
LogPluginManager: Mounting plugin SubversionSourceControl
LogPluginManager: Mounting plugin UObjectPlugin
LogPluginManager: Mounting plugin VisualStudioCodeSourceCodeAccess
LogPluginManager: Mounting plugin VisualStudioSourceCodeAccess
LogPluginManager: Mounting plugin XCodeSourceCodeAccess
LogPluginManager: Mounting plugin AssetManagerEditor
LogPluginManager: Mounting plugin CryptoKeys
LogPluginManager: Mounting plugin DataValidation
LogPluginManager: Mounting plugin FacialAnimation
LogPluginManager: Mounting plugin GameplayTagsEditor
LogPluginManager: Mounting plugin MacGraphicsSwitching
LogPluginManager: Mounting plugin MaterialAnalyzer
LogPluginManager: Mounting plugin MobileLauncherProfileWizard
LogPluginManager: Mounting plugin PluginBrowser
LogPluginManager: Mounting plugin SpeedTreeImporter
LogPluginManager: Mounting plugin DatasmithContent
LogPluginManager: Mounting plugin VariantManagerContent
LogPluginManager: Mounting plugin AlembicImporter
LogPluginManager: Mounting plugin AppleImageUtils
LogPluginManager: Mounting plugin AppleVision
LogPluginManager: Mounting plugin BackChannel
LogPluginManager: Mounting plugin CharacterAI
LogPluginManager: Mounting plugin GeometryCache
LogPluginManager: Mounting plugin HTML5Networking
LogPluginManager: Mounting plugin ProxyLODPlugin
LogPluginManager: Mounting plugin SkeletalReduction
LogPluginManager: Mounting plugin MagicLeap
LogPluginManager: Mounting plugin MagicLeapMedia
LogPluginManager: Mounting plugin AndroidMedia
LogPluginManager: Mounting plugin AvfMedia
LogPluginManager: Mounting plugin ImgMedia
LogPluginManager: Mounting plugin LinearTimecode
LogPluginManager: Mounting plugin MediaCompositing
LogPluginManager: Mounting plugin MediaPlayerEditor
LogPluginManager: Mounting plugin WebMMedia
LogPluginManager: Mounting plugin WmfMedia
LogPluginManager: Mounting plugin TcpMessaging
LogPluginManager: Mounting plugin UdpMessaging
LogPluginManager: Mounting plugin ActorSequence
LogPluginManager: Mounting plugin LevelSequenceEditor
LogPluginManager: Mounting plugin MatineeToLevelSequence
LogPluginManager: Mounting plugin NetcodeUnitTest
LogPluginManager: Mounting plugin NUTUnrealEngine4
LogPluginManager: Mounting plugin OnlineSubsystemGooglePlay
LogPluginManager: Mounting plugin OnlineSubsystemIOS
LogPluginManager: Mounting plugin OnlineSubsystem
LogPluginManager: Mounting plugin OnlineSubsystemNull
LogPluginManager: Mounting plugin OnlineSubsystemUtils
LogPluginManager: Mounting plugin LauncherChunkInstaller
LogPluginManager: Mounting plugin AndroidDeviceProfileSelector
LogPluginManager: Mounting plugin AndroidMoviePlayer
LogPluginManager: Mounting plugin AndroidPermission
LogPluginManager: Mounting plugin AppleMoviePlayer
LogPluginManager: Mounting plugin ArchVisCharacter
LogPluginManager: Mounting plugin AudioCapture
LogPluginManager: Mounting plugin CableComponent
LogPluginManager: Mounting plugin CustomMeshComponent
LogPluginManager: Mounting plugin EditableMesh
LogPluginManager: Mounting plugin ExampleDeviceProfileSelector
LogPluginManager: Mounting plugin Firebase
LogPluginManager: Mounting plugin GoogleCloudMessaging
LogPluginManager: Mounting plugin IOSDeviceProfileSelector
LogPluginManager: Mounting plugin LinuxDeviceProfileSelector
LogPluginManager: Mounting plugin LocationServicesBPLibrary
LogPluginManager: Mounting plugin MobilePatchingUtils
LogPluginManager: Mounting plugin OculusVR
LogPluginManager: Mounting plugin PhysXVehicles
LogPluginManager: Mounting plugin ProceduralMeshComponent
LogPluginManager: Mounting plugin RuntimePhysXCooking
LogPluginManager: Mounting plugin SignificanceManager
LogPluginManager: Mounting plugin SteamVR
LogPluginManager: Mounting plugin WebMMoviePlayer
LogPluginManager: Mounting plugin WindowsMoviePlayer
LogInit: Using libcurl 7.55.1-DEV
LogInit:  - built for x86_64-pc-win32
LogInit:  - supports SSL with OpenSSL/1.1.1
LogInit:  - supports HTTP deflate (compression) using libz 1.2.8
LogInit:  - other features:
LogInit:      CURL_VERSION_SSL
LogInit:      CURL_VERSION_LIBZ
LogInit:      CURL_VERSION_IPV6
LogInit:      CURL_VERSION_ASYNCHDNS
LogInit:      CURL_VERSION_LARGEFILE
LogInit:      CURL_VERSION_IDN
LogInit:  CurlRequestOptions (configurable via config and command line):
LogInit:  - bVerifyPeer = true  - Libcurl will verify peer certificate
LogInit:  - bUseHttpProxy = false  - Libcurl will NOT use HTTP proxy
LogInit:  - bDontReuseConnections = false  - Libcurl will reuse connections
LogInit:  - MaxHostConnections = 16  - Libcurl will limit the number of connections to a host
LogInit:  - LocalHostAddr = Default
LogInit:  - BufferSize = 65536
LogInit: WinSock: version 1.1 (2.2), MaxSocks=32767, MaxUdp=65467
LogInit: Build: ++UE4+Release-4.22-CL-7053642
LogInit: Engine Version: 4.22.3-7053642+++UE4+Release-4.22
LogInit: Compatible Engine Version: 4.22.0-5660361+++UE4+Release-4.22
LogInit: Net CL: 5660361
LogInit: OS: Windows 10 (Release 1903) (), CPU: Intel(R) Core(TM) i7-8700K CPU @ 3.70GHz, GPU: NVIDIA GeForce GTX 1080 Ti
LogInit: Compiled (64-bit): Jun 18 2019 03:09:11
LogInit: Compiled with Visual C++: 19.16.27025.01
LogInit: Build Configuration: Development
LogInit: Branch Name: ++UE4+Release-4.22
LogInit: Command Line: 
LogInit: Base Directory: C:/Program Files/Epic Games/UE_4.22/Engine/Binaries/Win64/
LogInit: Installed Engine Build: 1
LogDevObjectVersion: Number of dev versions registered: 23
LogDevObjectVersion:   Dev-Blueprints (B0D832E4-1F89-4F0D-ACCF-7EB736FD4AA2): 10
LogDevObjectVersion:   Dev-Build (E1C64328-A22C-4D53-A36C-8E866417BD8C): 0
LogDevObjectVersion:   Dev-Core (375EC13C-06E4-48FB-B500-84F0262A717E): 3
LogDevObjectVersion:   Dev-Editor (E4B068ED-F494-42E9-A231-DA0B2E46BB41): 30
LogDevObjectVersion:   Dev-Framework (CFFC743F-43B0-4480-9391-14DF171D2073): 35
LogDevObjectVersion:   Dev-Mobile (B02B49B5-BB20-44E9-A304-32B752E40360): 2
LogDevObjectVersion:   Dev-Networking (A4E4105C-59A1-49B5-A7C5-40C4547EDFEE): 0
LogDevObjectVersion:   Dev-Online (39C831C9-5AE6-47DC-9A44-9C173E1C8E7C): 0
LogDevObjectVersion:   Dev-Physics (78F01B33-EBEA-4F98-B9B4-84EACCB95AA2): 0
LogDevObjectVersion:   Dev-Platform (6631380F-2D4D-43E0-8009-CF276956A95A): 0
LogDevObjectVersion:   Dev-Rendering (12F88B9F-8875-4AFC-A67C-D90C383ABD29): 28
LogDevObjectVersion:   Dev-Sequencer (7B5AE74C-D270-4C10-A958-57980B212A5A): 11
LogDevObjectVersion:   Dev-VR (D7296918-1DD6-4BDD-9DE2-64A83CC13884): 2
LogDevObjectVersion:   Dev-LoadTimes (C2A15278-BFE7-4AFE-6C17-90FF531DF755): 1
LogDevObjectVersion:   Private-Geometry (6EACA3D4-40EC-4CC1-B786-8BED09428FC5): 3
LogDevObjectVersion:   Dev-AnimPhys (29E575DD-E0A3-4627-9D10-D276232CDCEA): 17
LogDevObjectVersion:   Dev-Anim (AF43A65D-7FD3-4947-9873-3E8ED9C1BB05): 2
LogDevObjectVersion:   Dev-ReflectionCapture (6B266CEC-1EC7-4B8F-A30B-E4D90942FC07): 1
LogDevObjectVersion:   Dev-Automation (0DF73D61-A23F-47EA-B727-89E90C41499A): 1
LogDevObjectVersion:   FortniteMain (601D1886-AC64-4F84-AA16-D3DE0DEAC7D6): 25
LogDevObjectVersion:   Dev-Enterprise (9DFFBCD6-494F-0158-E221-12823C92A888): 6
LogDevObjectVersion:   Dev-Niagara (F2AED0AC-9AFE-416F-8664-AA7FFA26D6FC): 1
LogDevObjectVersion:   Dev-Destruction (174F1F0B-B4C6-45A5-B13F-2EE8D0FB917D): 2
LogInit: Presizing for max 16777216 objects, including 0 objects not considered by GC, pre-allocating 0 bytes for permanent pool.
LogInit: Object subsystem initialized
LogConfig: Setting CVar [[con.DebugEarlyDefault:1]]
LogConfig: Setting CVar [[r.setres:1280x720]]
[2019.12.10-02.18.17:673][  0]LogConfig: Setting CVar [[r.VSync:0]]
[2019.12.10-02.18.17:673][  0]LogConfig: Setting CVar [[r.RHICmdBypass:0]]
[2019.12.10-02.18.17:673][  0]LogConfig: Applying CVar settings from Section [/Script/Engine.RendererSettings] File [B:/Unreal Projects/GE3_Final-Exam/final_sample/Saved/Config/Windows/Engine.ini]
[2019.12.10-02.18.17:673][  0]LogConfig: Setting CVar [[r.GPUCrashDebugging:0]]
[2019.12.10-02.18.17:673][  0]LogConfig: Applying CVar settings from Section [/Script/Engine.RendererOverrideSettings] File [B:/Unreal Projects/GE3_Final-Exam/final_sample/Saved/Config/Windows/Engine.ini]
[2019.12.10-02.18.17:674][  0]LogConfig: Applying CVar settings from Section [/Script/Engine.StreamingSettings] File [B:/Unreal Projects/GE3_Final-Exam/final_sample/Saved/Config/Windows/Engine.ini]
[2019.12.10-02.18.17:674][  0]LogConfig: Setting CVar [[s.MinBulkDataSizeForAsyncLoading:131072]]
[2019.12.10-02.18.17:674][  0]LogConfig: Setting CVar [[s.AsyncLoadingThreadEnabled:0]]
[2019.12.10-02.18.17:674][  0]LogConfig: Setting CVar [[s.EventDrivenLoaderEnabled:1]]
[2019.12.10-02.18.17:674][  0]LogConfig: Setting CVar [[s.WarnIfTimeLimitExceeded:0]]
[2019.12.10-02.18.17:674][  0]LogConfig: Setting CVar [[s.TimeLimitExceededMultiplier:1.5]]
[2019.12.10-02.18.17:674][  0]LogConfig: Setting CVar [[s.TimeLimitExceededMinTime:0.005]]
[2019.12.10-02.18.17:674][  0]LogConfig: Setting CVar [[s.UseBackgroundLevelStreaming:1]]
[2019.12.10-02.18.17:674][  0]LogConfig: Setting CVar [[s.PriorityAsyncLoadingExtraTime:15.0]]
[2019.12.10-02.18.17:674][  0]LogConfig: Setting CVar [[s.LevelStreamingActorsUpdateTimeLimit:5.0]]
[2019.12.10-02.18.17:674][  0]LogConfig: Setting CVar [[s.PriorityLevelStreamingActorsUpdateExtraTime:5.0]]
[2019.12.10-02.18.17:674][  0]LogConfig: Setting CVar [[s.LevelStreamingComponentsRegistrationGranularity:10]]
[2019.12.10-02.18.17:674][  0]LogConfig: Setting CVar [[s.UnregisterComponentsTimeLimit:1.0]]
[2019.12.10-02.18.17:674][  0]LogConfig: Setting CVar [[s.LevelStreamingComponentsUnregistrationGranularity:5]]
[2019.12.10-02.18.17:674][  0]LogConfig: Applying CVar settings from Section [/Script/Engine.GarbageCollectionSettings] File [B:/Unreal Projects/GE3_Final-Exam/final_sample/Saved/Config/Windows/Engine.ini]
[2019.12.10-02.18.17:674][  0]LogConfig: Setting CVar [[gc.MaxObjectsNotConsideredByGC:1]]
[2019.12.10-02.18.17:674][  0]LogConfig: Setting CVar [[gc.SizeOfPermanentObjectPool:0]]
[2019.12.10-02.18.17:674][  0]LogConfig: Setting CVar [[gc.FlushStreamingOnGC:0]]
[2019.12.10-02.18.17:674][  0]LogConfig: Setting CVar [[gc.NumRetriesBeforeForcingGC:10]]
[2019.12.10-02.18.17:674][  0]LogConfig: Setting CVar [[gc.AllowParallelGC:1]]
[2019.12.10-02.18.17:674][  0]LogConfig: Setting CVar [[gc.TimeBetweenPurgingPendingKillObjects:61.1]]
[2019.12.10-02.18.17:674][  0]LogConfig: Setting CVar [[gc.MaxObjectsInEditor:16777216]]
[2019.12.10-02.18.17:674][  0]LogConfig: Setting CVar [[gc.IncrementalBeginDestroyEnabled:1]]
[2019.12.10-02.18.17:674][  0]LogConfig: Setting CVar [[gc.CreateGCClusters:1]]
[2019.12.10-02.18.17:674][  0]LogConfig: Setting CVar [[gc.MinGCClusterSize:5]]
[2019.12.10-02.18.17:674][  0]LogConfig: Setting CVar [[gc.ActorClusteringEnabled:0]]
[2019.12.10-02.18.17:674][  0]LogConfig: Setting CVar [[gc.BlueprintClusteringEnabled:0]]
[2019.12.10-02.18.17:674][  0]LogConfig: Setting CVar [[gc.UseDisregardForGCOnDedicatedServers:0]]
[2019.12.10-02.18.17:674][  0]LogConfig: Applying CVar settings from Section [/Script/Engine.NetworkSettings] File [B:/Unreal Projects/GE3_Final-Exam/final_sample/Saved/Config/Windows/Engine.ini]
[2019.12.10-02.18.17:674][  0]LogConfig: Applying CVar settings from Section [/Script/UnrealEd.CookerSettings] File [B:/Unreal Projects/GE3_Final-Exam/final_sample/Saved/Config/Windows/Engine.ini]
[2019.12.10-02.18.17:680][  0]LogConfig: Applying CVar settings from Section [ViewDistanceQuality@3] File [B:/Unreal Projects/GE3_Final-Exam/final_sample/Saved/Config/Windows/Scalability.ini]
[2019.12.10-02.18.17:680][  0]LogConfig: Setting CVar [[r.SkeletalMeshLODBias:0]]
[2019.12.10-02.18.17:680][  0]LogConfig: Setting CVar [[r.ViewDistanceScale:1.0]]
[2019.12.10-02.18.17:680][  0]LogConfig: Applying CVar settings from Section [AntiAliasingQuality@3] File [B:/Unreal Projects/GE3_Final-Exam/final_sample/Saved/Config/Windows/Scalability.ini]
[2019.12.10-02.18.17:680][  0]LogConfig: Setting CVar [[r.PostProcessAAQuality:4]]
[2019.12.10-02.18.17:680][  0]LogConfig: Applying CVar settings from Section [ShadowQuality@3] File [B:/Unreal Projects/GE3_Final-Exam/final_sample/Saved/Config/Windows/Scalability.ini]
[2019.12.10-02.18.17:680][  0]LogConfig: Setting CVar [[r.LightFunctionQuality:1]]
[2019.12.10-02.18.17:680][  0]LogConfig: Setting CVar [[r.ShadowQuality:5]]
[2019.12.10-02.18.17:680][  0]LogConfig: Setting CVar [[r.Shadow.CSM.MaxCascades:10]]
[2019.12.10-02.18.17:680][  0]LogConfig: Setting CVar [[r.Shadow.MaxResolution:2048]]
[2019.12.10-02.18.17:680][  0]LogConfig: Setting CVar [[r.Shadow.MaxCSMResolution:2048]]
[2019.12.10-02.18.17:680][  0]LogConfig: Setting CVar [[r.Shadow.RadiusThreshold:0.01]]
[2019.12.10-02.18.17:680][  0]LogConfig: Setting CVar [[r.Shadow.DistanceScale:1.0]]
[2019.12.10-02.18.17:680][  0]LogConfig: Setting CVar [[r.Shadow.CSM.TransitionScale:1.0]]
[2019.12.10-02.18.17:680][  0]LogConfig: Setting CVar [[r.Shadow.PreShadowResolutionFactor:1.0]]
[2019.12.10-02.18.17:680][  0]LogConfig: Setting CVar [[r.DistanceFieldShadowing:1]]
[2019.12.10-02.18.17:680][  0]LogConfig: Setting CVar [[r.DistanceFieldAO:1]]
[2019.12.10-02.18.17:680][  0]LogConfig: Setting CVar [[r.AOQuality:2]]
[2019.12.10-02.18.17:680][  0]LogConfig: Setting CVar [[r.VolumetricFog:1]]
[2019.12.10-02.18.17:680][  0]LogConfig: Setting CVar [[r.VolumetricFog.GridPixelSize:8]]
[2019.12.10-02.18.17:680][  0]LogConfig: Setting CVar [[r.VolumetricFog.GridSizeZ:128]]
[2019.12.10-02.18.17:680][  0]LogConfig: Setting CVar [[r.VolumetricFog.HistoryMissSupersampleCount:4]]
[2019.12.10-02.18.17:680][  0]LogConfig: Setting CVar [[r.LightMaxDrawDistanceScale:1]]
[2019.12.10-02.18.17:680][  0]LogConfig: Setting CVar [[r.CapsuleShadows:1]]
[2019.12.10-02.18.17:680][  0]LogConfig: Applying CVar settings from Section [PostProcessQuality@3] File [B:/Unreal Projects/GE3_Final-Exam/final_sample/Saved/Config/Windows/Scalability.ini]
[2019.12.10-02.18.17:680][  0]LogConfig: Setting CVar [[r.MotionBlurQuality:4]]
[2019.12.10-02.18.17:680][  0]LogConfig: Setting CVar [[r.AmbientOcclusionMipLevelFactor:0.4]]
[2019.12.10-02.18.17:680][  0]LogConfig: Setting CVar [[r.AmbientOcclusionMaxQuality:100]]
[2019.12.10-02.18.17:680][  0]LogConfig: Setting CVar [[r.AmbientOcclusionLevels:-1]]
[2019.12.10-02.18.17:680][  0]LogConfig: Setting CVar [[r.AmbientOcclusionRadiusScale:1.0]]
[2019.12.10-02.18.17:680][  0]LogConfig: Setting CVar [[r.DepthOfFieldQuality:2]]
[2019.12.10-02.18.17:680][  0]LogConfig: Setting CVar [[r.RenderTargetPoolMin:400]]
[2019.12.10-02.18.17:680][  0]LogConfig: Setting CVar [[r.LensFlareQuality:2]]
[2019.12.10-02.18.17:680][  0]LogConfig: Setting CVar [[r.SceneColorFringeQuality:1]]
[2019.12.10-02.18.17:680][  0]LogConfig: Setting CVar [[r.EyeAdaptationQuality:2]]
[2019.12.10-02.18.17:680][  0]LogConfig: Setting CVar [[r.BloomQuality:5]]
[2019.12.10-02.18.17:680][  0]LogConfig: Setting CVar [[r.FastBlurThreshold:100]]
[2019.12.10-02.18.17:680][  0]LogConfig: Setting CVar [[r.Upscale.Quality:3]]
[2019.12.10-02.18.17:680][  0]LogConfig: Setting CVar [[r.Tonemapper.GrainQuantization:1]]
[2019.12.10-02.18.17:680][  0]LogConfig: Setting CVar [[r.LightShaftQuality:1]]
[2019.12.10-02.18.17:680][  0]LogConfig: Setting CVar [[r.Filter.SizeScale:1]]
[2019.12.10-02.18.17:680][  0]LogConfig: Setting CVar [[r.Tonemapper.Quality:5]]
[2019.12.10-02.18.17:680][  0]LogConfig: Setting CVar [[r.DOF.Gather.AccumulatorQuality:1        ; higher gathering accumulator quality]]
[2019.12.10-02.18.17:680][  0]LogConfig: Setting CVar [[r.DOF.Gather.PostfilterMethod:1          ; Median3x3 postfilering method]]
[2019.12.10-02.18.17:680][  0]LogConfig: Setting CVar [[r.DOF.Gather.EnableBokehSettings:0       ; no bokeh simulation when gathering]]
[2019.12.10-02.18.17:680][  0]LogConfig: Setting CVar [[r.DOF.Gather.RingCount:4                 ; medium number of samples when gathering]]
[2019.12.10-02.18.17:680][  0]LogConfig: Setting CVar [[r.DOF.Scatter.ForegroundCompositing:1    ; additive foreground scattering]]
[2019.12.10-02.18.17:680][  0]LogConfig: Setting CVar [[r.DOF.Scatter.BackgroundCompositing:2    ; additive background scattering]]
[2019.12.10-02.18.17:680][  0]LogConfig: Setting CVar [[r.DOF.Scatter.EnableBokehSettings:1      ; bokeh simulation when scattering]]
[2019.12.10-02.18.17:680][  0]LogConfig: Setting CVar [[r.DOF.Scatter.MaxSpriteRatio:0.1         ; only a maximum of 10% of scattered bokeh]]
[2019.12.10-02.18.17:680][  0]LogConfig: Setting CVar [[r.DOF.Recombine.Quality:1                ; cheap slight out of focus]]
[2019.12.10-02.18.17:680][  0]LogConfig: Setting CVar [[r.DOF.Recombine.EnableBokehSettings:0    ; no bokeh simulation on slight out of focus]]
[2019.12.10-02.18.17:680][  0]LogConfig: Setting CVar [[r.DOF.TemporalAAQuality:1                ; more stable temporal accumulation]]
[2019.12.10-02.18.17:680][  0]LogConfig: Setting CVar [[r.DOF.Kernel.MaxForegroundRadius:0.025]]
[2019.12.10-02.18.17:680][  0]LogConfig: Setting CVar [[r.DOF.Kernel.MaxBackgroundRadius:0.025]]
[2019.12.10-02.18.17:680][  0]LogConfig: Applying CVar settings from Section [TextureQuality@3] File [B:/Unreal Projects/GE3_Final-Exam/final_sample/Saved/Config/Windows/Scalability.ini]
[2019.12.10-02.18.17:680][  0]LogConfig: Setting CVar [[r.Streaming.MipBias:0]]
[2019.12.10-02.18.17:680][  0]LogConfig: Setting CVar [[r.Streaming.AmortizeCPUToGPUCopy:0]]
[2019.12.10-02.18.17:680][  0]LogConfig: Setting CVar [[r.Streaming.MaxNumTexturesToStreamPerFrame:0]]
[2019.12.10-02.18.17:680][  0]LogConfig: Setting CVar [[r.Streaming.Boost:1]]
[2019.12.10-02.18.17:680][  0]LogConfig: Setting CVar [[r.MaxAnisotropy:8]]
[2019.12.10-02.18.17:680][  0]LogConfig: Setting CVar [[r.Streaming.LimitPoolSizeToVRAM:0]]
[2019.12.10-02.18.17:680][  0]LogConfig: Setting CVar [[r.Streaming.PoolSize:1000]]
[2019.12.10-02.18.17:680][  0]LogConfig: Setting CVar [[r.Streaming.MaxEffectiveScreenSize:0]]
[2019.12.10-02.18.17:680][  0]LogConfig: Applying CVar settings from Section [EffectsQuality@3] File [B:/Unreal Projects/GE3_Final-Exam/final_sample/Saved/Config/Windows/Scalability.ini]
[2019.12.10-02.18.17:680][  0]LogConfig: Setting CVar [[r.TranslucencyLightingVolumeDim:64]]
[2019.12.10-02.18.17:680][  0]LogConfig: Setting CVar [[r.RefractionQuality:2]]
[2019.12.10-02.18.17:680][  0]LogConfig: Setting CVar [[r.SSR.Quality:3]]
[2019.12.10-02.18.17:680][  0]LogConfig: Setting CVar [[r.SceneColorFormat:4]]
[2019.12.10-02.18.17:680][  0]LogConfig: Setting CVar [[r.DetailMode:2]]
[2019.12.10-02.18.17:680][  0]LogConfig: Setting CVar [[r.TranslucencyVolumeBlur:1]]
[2019.12.10-02.18.17:680][  0]LogConfig: Setting CVar [[r.MaterialQualityLevel:1 ; High quality]]
[2019.12.10-02.18.17:680][  0]LogConfig: Setting CVar [[r.SSS.Scale:1]]
[2019.12.10-02.18.17:680][  0]LogConfig: Setting CVar [[r.SSS.SampleSet:2]]
[2019.12.10-02.18.17:680][  0]LogConfig: Setting CVar [[r.SSS.Quality:1]]
[2019.12.10-02.18.17:680][  0]LogConfig: Setting CVar [[r.SSS.HalfRes:1]]
[2019.12.10-02.18.17:680][  0]LogConfig: Setting CVar [[r.EmitterSpawnRateScale:1.0]]
[2019.12.10-02.18.17:680][  0]LogConfig: Setting CVar [[r.ParticleLightQuality:2]]
[2019.12.10-02.18.17:680][  0]LogConfig: Applying CVar settings from Section [FoliageQuality@3] File [B:/Unreal Projects/GE3_Final-Exam/final_sample/Saved/Config/Windows/Scalability.ini]
[2019.12.10-02.18.17:680][  0]LogConfig: Setting CVar [[foliage.DensityScale:1.0]]
[2019.12.10-02.18.17:681][  0]LogConfig: Setting CVar [[grass.DensityScale:1.0]]
[2019.12.10-02.18.17:681][  0]LogInit: Selected Device Profile: [Windows]
[2019.12.10-02.18.17:681][  0]LogInit: Applying CVar settings loaded from the selected device profile: [Windows]
[2019.12.10-02.18.17:693][  0]LogHAL: Display: Platform has ~ 16 GB [17125888000 / 17179869184 / 16], which maps to Larger [LargestMinGB=32, LargerMinGB=12, DefaultMinGB=8, SmallerMinGB=6, SmallestMinGB=0)
[2019.12.10-02.18.17:693][  0]LogConfig: Setting CVar [[r.Vulkan.UseRealUBs:0		; Required until we fix HLR fall-out]]
[2019.12.10-02.18.17:693][  0]LogInit: Going up to parent DeviceProfile []
[2019.12.10-02.18.17:693][  0]LogConfig: Applying CVar settings from Section [ViewDistanceQuality@3] File [B:/Unreal Projects/GE3_Final-Exam/final_sample/Saved/Config/Windows/Scalability.ini]
[2019.12.10-02.18.17:693][  0]LogConfig: Setting CVar [[r.SkeletalMeshLODBias:0]]
[2019.12.10-02.18.17:693][  0]LogConfig: Setting CVar [[r.ViewDistanceScale:1.0]]
[2019.12.10-02.18.17:693][  0]LogConfig: Applying CVar settings from Section [AntiAliasingQuality@3] File [B:/Unreal Projects/GE3_Final-Exam/final_sample/Saved/Config/Windows/Scalability.ini]
[2019.12.10-02.18.17:693][  0]LogConfig: Setting CVar [[r.PostProcessAAQuality:4]]
[2019.12.10-02.18.17:693][  0]LogConfig: Applying CVar settings from Section [ShadowQuality@3] File [B:/Unreal Projects/GE3_Final-Exam/final_sample/Saved/Config/Windows/Scalability.ini]
[2019.12.10-02.18.17:693][  0]LogConfig: Setting CVar [[r.LightFunctionQuality:1]]
[2019.12.10-02.18.17:693][  0]LogConfig: Setting CVar [[r.ShadowQuality:5]]
[2019.12.10-02.18.17:693][  0]LogConfig: Setting CVar [[r.Shadow.CSM.MaxCascades:10]]
[2019.12.10-02.18.17:693][  0]LogConfig: Setting CVar [[r.Shadow.MaxResolution:2048]]
[2019.12.10-02.18.17:693][  0]LogConfig: Setting CVar [[r.Shadow.MaxCSMResolution:2048]]
[2019.12.10-02.18.17:693][  0]LogConfig: Setting CVar [[r.Shadow.RadiusThreshold:0.01]]
[2019.12.10-02.18.17:693][  0]LogConfig: Setting CVar [[r.Shadow.DistanceScale:1.0]]
[2019.12.10-02.18.17:693][  0]LogConfig: Setting CVar [[r.Shadow.CSM.TransitionScale:1.0]]
[2019.12.10-02.18.17:693][  0]LogConfig: Setting CVar [[r.Shadow.PreShadowResolutionFactor:1.0]]
[2019.12.10-02.18.17:693][  0]LogConfig: Setting CVar [[r.DistanceFieldShadowing:1]]
[2019.12.10-02.18.17:693][  0]LogConfig: Setting CVar [[r.DistanceFieldAO:1]]
[2019.12.10-02.18.17:693][  0]LogConfig: Setting CVar [[r.AOQuality:2]]
[2019.12.10-02.18.17:693][  0]LogConfig: Setting CVar [[r.VolumetricFog:1]]
[2019.12.10-02.18.17:693][  0]LogConfig: Setting CVar [[r.VolumetricFog.GridPixelSize:8]]
[2019.12.10-02.18.17:693][  0]LogConfig: Setting CVar [[r.VolumetricFog.GridSizeZ:128]]
[2019.12.10-02.18.17:693][  0]LogConfig: Setting CVar [[r.VolumetricFog.HistoryMissSupersampleCount:4]]
[2019.12.10-02.18.17:693][  0]LogConfig: Setting CVar [[r.LightMaxDrawDistanceScale:1]]
[2019.12.10-02.18.17:693][  0]LogConfig: Setting CVar [[r.CapsuleShadows:1]]
[2019.12.10-02.18.17:693][  0]LogConfig: Applying CVar settings from Section [PostProcessQuality@3] File [B:/Unreal Projects/GE3_Final-Exam/final_sample/Saved/Config/Windows/Scalability.ini]
[2019.12.10-02.18.17:693][  0]LogConfig: Setting CVar [[r.MotionBlurQuality:4]]
[2019.12.10-02.18.17:693][  0]LogConfig: Setting CVar [[r.AmbientOcclusionMipLevelFactor:0.4]]
[2019.12.10-02.18.17:693][  0]LogConfig: Setting CVar [[r.AmbientOcclusionMaxQuality:100]]
[2019.12.10-02.18.17:693][  0]LogConfig: Setting CVar [[r.AmbientOcclusionLevels:-1]]
[2019.12.10-02.18.17:693][  0]LogConfig: Setting CVar [[r.AmbientOcclusionRadiusScale:1.0]]
[2019.12.10-02.18.17:693][  0]LogConfig: Setting CVar [[r.DepthOfFieldQuality:2]]
[2019.12.10-02.18.17:693][  0]LogConfig: Setting CVar [[r.RenderTargetPoolMin:400]]
[2019.12.10-02.18.17:693][  0]LogConfig: Setting CVar [[r.LensFlareQuality:2]]
[2019.12.10-02.18.17:693][  0]LogConfig: Setting CVar [[r.SceneColorFringeQuality:1]]
[2019.12.10-02.18.17:693][  0]LogConfig: Setting CVar [[r.EyeAdaptationQuality:2]]
[2019.12.10-02.18.17:693][  0]LogConfig: Setting CVar [[r.BloomQuality:5]]
[2019.12.10-02.18.17:693][  0]LogConfig: Setting CVar [[r.FastBlurThreshold:100]]
[2019.12.10-02.18.17:693][  0]LogConfig: Setting CVar [[r.Upscale.Quality:3]]
[2019.12.10-02.18.17:693][  0]LogConfig: Setting CVar [[r.Tonemapper.GrainQuantization:1]]
[2019.12.10-02.18.17:694][  0]LogConfig: Setting CVar [[r.LightShaftQuality:1]]
[2019.12.10-02.18.17:694][  0]LogConfig: Setting CVar [[r.Filter.SizeScale:1]]
[2019.12.10-02.18.17:694][  0]LogConfig: Setting CVar [[r.Tonemapper.Quality:5]]
[2019.12.10-02.18.17:694][  0]LogConfig: Setting CVar [[r.DOF.Gather.AccumulatorQuality:1        ; higher gathering accumulator quality]]
[2019.12.10-02.18.17:694][  0]LogConfig: Setting CVar [[r.DOF.Gather.PostfilterMethod:1          ; Median3x3 postfilering method]]
[2019.12.10-02.18.17:694][  0]LogConfig: Setting CVar [[r.DOF.Gather.EnableBokehSettings:0       ; no bokeh simulation when gathering]]
[2019.12.10-02.18.17:694][  0]LogConfig: Setting CVar [[r.DOF.Gather.RingCount:4                 ; medium number of samples when gathering]]
[2019.12.10-02.18.17:694][  0]LogConfig: Setting CVar [[r.DOF.Scatter.ForegroundCompositing:1    ; additive foreground scattering]]
[2019.12.10-02.18.17:694][  0]LogConfig: Setting CVar [[r.DOF.Scatter.BackgroundCompositing:2    ; additive background scattering]]
[2019.12.10-02.18.17:694][  0]LogConfig: Setting CVar [[r.DOF.Scatter.EnableBokehSettings:1      ; bokeh simulation when scattering]]
[2019.12.10-02.18.17:694][  0]LogConfig: Setting CVar [[r.DOF.Scatter.MaxSpriteRatio:0.1         ; only a maximum of 10% of scattered bokeh]]
[2019.12.10-02.18.17:694][  0]LogConfig: Setting CVar [[r.DOF.Recombine.Quality:1                ; cheap slight out of focus]]
[2019.12.10-02.18.17:694][  0]LogConfig: Setting CVar [[r.DOF.Recombine.EnableBokehSettings:0    ; no bokeh simulation on slight out of focus]]
[2019.12.10-02.18.17:694][  0]LogConfig: Setting CVar [[r.DOF.TemporalAAQuality:1                ; more stable temporal accumulation]]
[2019.12.10-02.18.17:694][  0]LogConfig: Setting CVar [[r.DOF.Kernel.MaxForegroundRadius:0.025]]
[2019.12.10-02.18.17:694][  0]LogConfig: Setting CVar [[r.DOF.Kernel.MaxBackgroundRadius:0.025]]
[2019.12.10-02.18.17:694][  0]LogConfig: Applying CVar settings from Section [TextureQuality@3] File [B:/Unreal Projects/GE3_Final-Exam/final_sample/Saved/Config/Windows/Scalability.ini]
[2019.12.10-02.18.17:694][  0]LogConfig: Setting CVar [[r.Streaming.MipBias:0]]
[2019.12.10-02.18.17:694][  0]LogConfig: Setting CVar [[r.Streaming.AmortizeCPUToGPUCopy:0]]
[2019.12.10-02.18.17:694][  0]LogConfig: Setting CVar [[r.Streaming.MaxNumTexturesToStreamPerFrame:0]]
[2019.12.10-02.18.17:694][  0]LogConfig: Setting CVar [[r.Streaming.Boost:1]]
[2019.12.10-02.18.17:694][  0]LogConfig: Setting CVar [[r.MaxAnisotropy:8]]
[2019.12.10-02.18.17:694][  0]LogConfig: Setting CVar [[r.Streaming.LimitPoolSizeToVRAM:0]]
[2019.12.10-02.18.17:694][  0]LogConfig: Setting CVar [[r.Streaming.PoolSize:1000]]
[2019.12.10-02.18.17:694][  0]LogConfig: Setting CVar [[r.Streaming.MaxEffectiveScreenSize:0]]
[2019.12.10-02.18.17:694][  0]LogConfig: Applying CVar settings from Section [EffectsQuality@3] File [B:/Unreal Projects/GE3_Final-Exam/final_sample/Saved/Config/Windows/Scalability.ini]
[2019.12.10-02.18.17:694][  0]LogConfig: Setting CVar [[r.TranslucencyLightingVolumeDim:64]]
[2019.12.10-02.18.17:694][  0]LogConfig: Setting CVar [[r.RefractionQuality:2]]
[2019.12.10-02.18.17:694][  0]LogConfig: Setting CVar [[r.SSR.Quality:3]]
[2019.12.10-02.18.17:694][  0]LogConfig: Setting CVar [[r.SceneColorFormat:4]]
[2019.12.10-02.18.17:694][  0]LogConfig: Setting CVar [[r.DetailMode:2]]
[2019.12.10-02.18.17:694][  0]LogConfig: Setting CVar [[r.TranslucencyVolumeBlur:1]]
[2019.12.10-02.18.17:694][  0]LogConfig: Setting CVar [[r.MaterialQualityLevel:1 ; High quality]]
[2019.12.10-02.18.17:694][  0]LogConfig: Setting CVar [[r.SSS.Scale:1]]
[2019.12.10-02.18.17:694][  0]LogConfig: Setting CVar [[r.SSS.SampleSet:2]]
[2019.12.10-02.18.17:694][  0]LogConfig: Setting CVar [[r.SSS.Quality:1]]
[2019.12.10-02.18.17:694][  0]LogConfig: Setting CVar [[r.SSS.HalfRes:1]]
[2019.12.10-02.18.17:694][  0]LogConfig: Setting CVar [[r.EmitterSpawnRateScale:1.0]]
[2019.12.10-02.18.17:694][  0]LogConfig: Setting CVar [[r.ParticleLightQuality:2]]
[2019.12.10-02.18.17:694][  0]LogConfig: Applying CVar settings from Section [FoliageQuality@3] File [B:/Unreal Projects/GE3_Final-Exam/final_sample/Saved/Config/Windows/Scalability.ini]
[2019.12.10-02.18.17:694][  0]LogConfig: Setting CVar [[foliage.DensityScale:1.0]]
[2019.12.10-02.18.17:694][  0]LogConfig: Setting CVar [[grass.DensityScale:1.0]]
[2019.12.10-02.18.17:694][  0]LogConfig: Applying CVar settings from Section [Startup] File [../../../Engine/Config/ConsoleVariables.ini]
[2019.12.10-02.18.17:694][  0]LogConfig: Setting CVar [[net.UseAdaptiveNetUpdateFrequency:0]]
[2019.12.10-02.18.17:694][  0]LogConfig: Setting CVar [[p.chaos.AllowCreatePhysxBodies:1]]
[2019.12.10-02.18.17:694][  0]LogConfig: Applying CVar settings from Section [ConsoleVariables] File [B:/Unreal Projects/GE3_Final-Exam/final_sample/Saved/Config/Windows/Engine.ini]
[2019.12.10-02.18.17:694][  0]LogInit: Computer: YUUKI-PC
[2019.12.10-02.18.17:694][  0]LogInit: User: Angeline
[2019.12.10-02.18.17:694][  0]LogInit: CPU Page size=4096, Cores=6
[2019.12.10-02.18.17:694][  0]LogInit: High frequency timer resolution =10.000000 MHz
[2019.12.10-02.18.17:695][  0]LogMemory: Memory total: Physical=15.9GB (16GB approx)
[2019.12.10-02.18.17:695][  0]LogMemory: Platform Memory Stats for Windows
[2019.12.10-02.18.17:695][  0]LogMemory: Process Physical Memory: 98.22 MB used, 98.23 MB peak
[2019.12.10-02.18.17:695][  0]LogMemory: Process Virtual Memory: 89.85 MB used, 89.85 MB peak
[2019.12.10-02.18.17:695][  0]LogMemory: Physical Memory: 6608.46 MB used,  9724.05 MB free, 16332.52 MB total
[2019.12.10-02.18.17:695][  0]LogMemory: Virtual Memory: 4660.45 MB used,  134213064.00 MB free, 134217728.00 MB total
[2019.12.10-02.18.17:713][  0]LogInit: Using OS detected language (en-US).
[2019.12.10-02.18.17:713][  0]LogInit: Using OS detected locale (en-US).
[2019.12.10-02.18.17:713][  0]LogTextLocalizationManager: No specific localization for 'en-US' exists, so the 'en' localization will be used.
[2019.12.10-02.18.17:856][  0]LogInit: Setting process to per monitor DPI aware
[2019.12.10-02.18.17:882][  0]LogSlate: New Slate User Created.  User Index 0, Is Virtual User: 0
[2019.12.10-02.18.17:882][  0]LogSlate: Slate User Registered.  User Index 0, Is Virtual User: 0
[2019.12.10-02.18.18:027][  0]LogHMD: Failed to initialize OpenVR with code 110
[2019.12.10-02.18.18:027][  0]LogD3D11RHI: D3D11 adapters:
[2019.12.10-02.18.18:081][  0]LogD3D11RHI:    0. 'NVIDIA GeForce GTX 1080 Ti' (Feature Level 11_0)
[2019.12.10-02.18.18:081][  0]LogD3D11RHI:       11127/0/8166 MB DedicatedVideo/DedicatedSystem/SharedSystem, Outputs:2, VendorId:0x10de
[2019.12.10-02.18.18:084][  0]LogD3D11RHI:    1. 'Microsoft Basic Render Driver' (Feature Level 11_0)
[2019.12.10-02.18.18:084][  0]LogD3D11RHI:       0/0/8166 MB DedicatedVideo/DedicatedSystem/SharedSystem, Outputs:0, VendorId:0x1414
[2019.12.10-02.18.18:084][  0]LogD3D11RHI: Chosen D3D11 Adapter: 0
[2019.12.10-02.18.18:094][  0]LogD3D11RHI: Creating new Direct3DDevice
[2019.12.10-02.18.18:094][  0]LogD3D11RHI:     GPU DeviceId: 0x1b06 (for the marketing name, search the web for "GPU Device Id")
[2019.12.10-02.18.18:094][  0]LogWindows: EnumDisplayDevices:
[2019.12.10-02.18.18:094][  0]LogWindows:    0. 'NVIDIA GeForce GTX 1080 Ti' (P:1 D:1)
[2019.12.10-02.18.18:095][  0]LogWindows:    1. 'NVIDIA GeForce GTX 1080 Ti' (P:0 D:1)
[2019.12.10-02.18.18:095][  0]LogWindows:    2. 'NVIDIA GeForce GTX 1080 Ti' (P:0 D:0)
[2019.12.10-02.18.18:095][  0]LogWindows:    3. 'NVIDIA GeForce GTX 1080 Ti' (P:0 D:0)
[2019.12.10-02.18.18:095][  0]LogWindows: DebugString: FoundDriverCount:4 
[2019.12.10-02.18.18:095][  0]LogD3D11RHI:     Adapter Name: NVIDIA GeForce GTX 1080 Ti
[2019.12.10-02.18.18:095][  0]LogD3D11RHI:   Driver Version: 430.86 (internal:26.21.14.3086, unified:430.86)
[2019.12.10-02.18.18:095][  0]LogD3D11RHI:      Driver Date: 5-22-2019
[2019.12.10-02.18.18:095][  0]LogRHI: Texture pool is 7788 MB (70% of 11127 MB)
[2019.12.10-02.18.18:133][  0]LogD3D11RHI: Async texture creation enabled
[2019.12.10-02.18.18:136][  0]LogRendererCore: FGlobalReadBuffer::InitRHI
[2019.12.10-02.18.18:136][  0]LogRendererCore: FGlobalReadBuffer::InitRHI
[2019.12.10-02.18.18:136][  0]LogRendererCore: FGlobalReadBuffer::InitRHI
[2019.12.10-02.18.18:143][  0]LogD3D11RHI: GPU Timing Frequency: 1000.000000 (Debug: 2 1)
[2019.12.10-02.18.18:677][  0]LogTemp: Display: Module 'AllDesktopTargetPlatform' loaded TargetPlatform 'AllDesktop'
[2019.12.10-02.18.18:691][  0]LogTemp: Display: Module 'MacClientTargetPlatform' loaded TargetPlatform 'MacClient'
[2019.12.10-02.18.18:702][  0]LogTemp: Display: Module 'MacNoEditorTargetPlatform' loaded TargetPlatform 'MacNoEditor'
[2019.12.10-02.18.18:713][  0]LogTemp: Display: Module 'MacServerTargetPlatform' loaded TargetPlatform 'MacServer'
[2019.12.10-02.18.18:727][  0]LogTemp: Display: Module 'MacTargetPlatform' loaded TargetPlatform 'Mac'
[2019.12.10-02.18.18:737][  0]LogTemp: Display: Module 'WindowsClientTargetPlatform' loaded TargetPlatform 'WindowsClient'
[2019.12.10-02.18.18:747][  0]LogTemp: Display: Module 'WindowsNoEditorTargetPlatform' loaded TargetPlatform 'WindowsNoEditor'
[2019.12.10-02.18.18:760][  0]LogTemp: Display: Module 'WindowsServerTargetPlatform' loaded TargetPlatform 'WindowsServer'
[2019.12.10-02.18.18:765][  0]LogTemp: Display: Module 'WindowsTargetPlatform' loaded TargetPlatform 'Windows'
[2019.12.10-02.18.18:828][  0]LogTemp: Display: Module 'AndroidTargetPlatform' loaded TargetPlatform 'Android'
[2019.12.10-02.18.18:828][  0]LogTemp: Display: Module 'AndroidTargetPlatform' loaded TargetPlatform 'Android_ASTC'
[2019.12.10-02.18.18:828][  0]LogTemp: Display: Module 'AndroidTargetPlatform' loaded TargetPlatform 'Android_ATC'
[2019.12.10-02.18.18:828][  0]LogTemp: Display: Module 'AndroidTargetPlatform' loaded TargetPlatform 'Android_DXT'
[2019.12.10-02.18.18:828][  0]LogTemp: Display: Module 'AndroidTargetPlatform' loaded TargetPlatform 'Android_ETC1'
[2019.12.10-02.18.18:828][  0]LogTemp: Display: Module 'AndroidTargetPlatform' loaded TargetPlatform 'Android_ETC1a'
[2019.12.10-02.18.18:828][  0]LogTemp: Display: Module 'AndroidTargetPlatform' loaded TargetPlatform 'Android_ETC2'
[2019.12.10-02.18.18:828][  0]LogTemp: Display: Module 'AndroidTargetPlatform' loaded TargetPlatform 'Android_PVRTC'
[2019.12.10-02.18.18:828][  0]LogTemp: Display: Module 'AndroidTargetPlatform' loaded TargetPlatform 'AndroidClient'
[2019.12.10-02.18.18:828][  0]LogTemp: Display: Module 'AndroidTargetPlatform' loaded TargetPlatform 'Android_ASTCClient'
[2019.12.10-02.18.18:828][  0]LogTemp: Display: Module 'AndroidTargetPlatform' loaded TargetPlatform 'Android_ATCClient'
[2019.12.10-02.18.18:828][  0]LogTemp: Display: Module 'AndroidTargetPlatform' loaded TargetPlatform 'Android_DXTClient'
[2019.12.10-02.18.18:828][  0]LogTemp: Display: Module 'AndroidTargetPlatform' loaded TargetPlatform 'Android_ETC1Client'
[2019.12.10-02.18.18:828][  0]LogTemp: Display: Module 'AndroidTargetPlatform' loaded TargetPlatform 'Android_ETC1aClient'
[2019.12.10-02.18.18:828][  0]LogTemp: Display: Module 'AndroidTargetPlatform' loaded TargetPlatform 'Android_ETC2Client'
[2019.12.10-02.18.18:828][  0]LogTemp: Display: Module 'AndroidTargetPlatform' loaded TargetPlatform 'Android_PVRTCClient'
[2019.12.10-02.18.18:828][  0]LogTemp: Display: Module 'AndroidTargetPlatform' loaded TargetPlatform 'Android_Multi'
[2019.12.10-02.18.18:828][  0]LogTemp: Display: Module 'AndroidTargetPlatform' loaded TargetPlatform 'Android_MultiClient'
[2019.12.10-02.18.18:830][  0]LogTemp: Display: Module 'HTML5TargetPlatform' loaded TargetPlatform 'HTML5'
[2019.12.10-02.18.18:875][  0]LogTemp: Display: Module 'IOSTargetPlatform' loaded TargetPlatform 'IOSClient'
[2019.12.10-02.18.18:875][  0]LogTemp: Display: Module 'IOSTargetPlatform' loaded TargetPlatform 'IOS'
[2019.12.10-02.18.18:896][  0]LogTemp: Display: Module 'TVOSTargetPlatform' loaded TargetPlatform 'TVOSClient'
[2019.12.10-02.18.18:896][  0]LogTemp: Display: Module 'TVOSTargetPlatform' loaded TargetPlatform 'TVOS'
[2019.12.10-02.18.18:907][  0]LogTemp: Display: Module 'LinuxClientTargetPlatform' loaded TargetPlatform 'LinuxClient'
[2019.12.10-02.18.18:916][  0]LogTemp: Display: Module 'LinuxNoEditorTargetPlatform' loaded TargetPlatform 'LinuxNoEditor'
[2019.12.10-02.18.18:925][  0]LogTemp: Display: Module 'LinuxServerTargetPlatform' loaded TargetPlatform 'LinuxServer'
[2019.12.10-02.18.18:944][  0]LogTemp: Display: Module 'LinuxTargetPlatform' loaded TargetPlatform 'Linux'
[2019.12.10-02.18.18:995][  0]LogTemp: Display: Module 'LuminTargetPlatform' loaded TargetPlatform 'Lumin'
[2019.12.10-02.18.18:995][  0]LogTemp: Display: Module 'LuminTargetPlatform' loaded TargetPlatform 'LuminClient'
[2019.12.10-02.18.18:995][  0]LogTargetPlatformManager: Display: Building Assets For Windows
[2019.12.10-02.18.19:003][  0]LogAudioDebug: Display: Lib vorbis DLL was dynamically loaded.
[2019.12.10-02.18.19:056][  0]LogShaderCompilers: Guid format shader working directory is 2 characters bigger than the processId version (B:/Unreal Projects/GE3_Final-Exam/final_sample/Intermediate/Shaders/WorkingDirectory/53740/).
[2019.12.10-02.18.19:056][  0]LogShaderCompilers: Cleaned the shader compiler working directory 'C:/Users/Angeline/AppData/Local/Temp/UnrealShaderWorkingDir/94AAC0AA483CDAEEA1EE9981595EC665/'.
[2019.12.10-02.18.19:058][  0]LogXGEController: Cannot use XGE Controller as Incredibuild is not installed on this machine.
[2019.12.10-02.18.19:058][  0]LogShaderCompilers: Cannot use XGE Shader Compiler as Incredibuild is not installed on this machine.
[2019.12.10-02.18.19:058][  0]LogShaderCompilers: Display: Using Local Shader Compiler.
[2019.12.10-02.18.19:537][  0]LogDerivedDataCache: Display: Max Cache Size: 512 MB
[2019.12.10-02.18.19:584][  0]LogDerivedDataCache: Loaded boot cache 0.05s 74MB C:/Users/Angeline/AppData/Local/UnrealEngine/4.22/DerivedDataCache/Boot.ddc.
[2019.12.10-02.18.19:584][  0]LogDerivedDataCache: Display: Loaded Boot cache: C:/Users/Angeline/AppData/Local/UnrealEngine/4.22/DerivedDataCache/Boot.ddc
[2019.12.10-02.18.19:584][  0]LogDerivedDataCache: FDerivedDataBackendGraph:  Pak pak cache file B:/Unreal Projects/GE3_Final-Exam/final_sample/DerivedDataCache/DDC.ddp not found, will not use a pak cache.
[2019.12.10-02.18.19:584][  0]LogDerivedDataCache: Unable to find inner node Pak for hierarchical cache Hierarchy.
[2019.12.10-02.18.19:584][  0]LogDerivedDataCache: FDerivedDataBackendGraph:  CompressedPak pak cache file B:/Unreal Projects/GE3_Final-Exam/final_sample/DerivedDataCache/Compressed.ddp not found, will not use a pak cache.
[2019.12.10-02.18.19:584][  0]LogDerivedDataCache: Unable to find inner node CompressedPak for hierarchical cache Hierarchy.
[2019.12.10-02.18.19:597][  0]LogDerivedDataCache: Display: Pak cache opened for reading ../../../Engine/DerivedDataCache/Compressed.ddp.
[2019.12.10-02.18.19:597][  0]LogDerivedDataCache: FDerivedDataBackendGraph:  EnterprisePak pak cache file ../../../Enterprise/DerivedDataCache/Compressed.ddp not found, will not use a pak cache.
[2019.12.10-02.18.19:597][  0]LogDerivedDataCache: Unable to find inner node EnterprisePak for hierarchical cache Hierarchy.
[2019.12.10-02.18.19:610][  0]LogDerivedDataCache: Using Local data cache path C:/Users/Angeline/AppData/Local/UnrealEngine/Common/DerivedDataCache: Writable
[2019.12.10-02.18.19:610][  0]LogDerivedDataCache: Shared data cache path not found in *engine.ini, will not use an Shared cache.
[2019.12.10-02.18.19:610][  0]LogDerivedDataCache: Unable to find inner node Shared for hierarchical cache Hierarchy.
[2019.12.10-02.18.19:629][  0]LogMaterial: Verifying Global Shaders for PCD3D_SM5
[2019.12.10-02.18.19:630][  0]LogSlate: Using FreeType 2.6.0
[2019.12.10-02.18.19:631][  0]LogSlate: SlateFontServices - WITH_FREETYPE: 1, WITH_HARFBUZZ: 1
[2019.12.10-02.18.19:713][  0]LogAssetRegistry: FAssetRegistry took 0.0328 seconds to start up
[2019.12.10-02.18.19:992][  0]LogInit: Selected Device Profile: [Windows]
[2019.12.10-02.18.20:126][  0]LogMeshReduction: Using QuadricMeshReduction for automatic static mesh reduction
[2019.12.10-02.18.20:126][  0]LogMeshReduction: Using SimplygonMeshReduction for automatic skeletal mesh reduction
[2019.12.10-02.18.20:126][  0]LogMeshReduction: Using ProxyLODMeshReduction for automatic mesh merging
[2019.12.10-02.18.20:126][  0]LogMeshReduction: No distributed automatic mesh merging module available
[2019.12.10-02.18.20:126][  0]LogMeshMerging: No distributed automatic mesh merging module available
[2019.12.10-02.18.20:139][  0]LogNetVersion: final_sample 1.0.0, NetCL: 5660361, EngineNetVer: 10, GameNetVer: 0 (Checksum: 4118418613)
[2019.12.10-02.18.20:551][  0]LogPackageLocalizationCache: Processed 10 localized package path(s) for 1 prioritized culture(s) in 0.030923 seconds
[2019.12.10-02.18.20:559][  0]LogUObjectArray: 42205 objects as part of root set at end of initial load.
[2019.12.10-02.18.20:559][  0]LogUObjectAllocator: 7325032 out of 0 bytes used by permanent object pool.
[2019.12.10-02.18.20:559][  0]LogUObjectArray: CloseDisregardForGC: 0/0 objects in disregard for GC pool
[2019.12.10-02.18.21:375][  0]LogTcpMessaging: Initializing TcpMessaging bridge
[2019.12.10-02.18.21:389][  0]LogUdpMessaging: Initializing bridge on interface 0.0.0.0:0 to multicast group 230.0.0.1:6666.
[2019.12.10-02.18.21:703][  0]SourceControl: Source control is disabled
[2019.12.10-02.18.21:703][  0]SourceControl: Source control is disabled
[2019.12.10-02.18.21:705][  0]SourceControl: Source control is disabled
[2019.12.10-02.18.21:706][  0]SourceControl: Source control is disabled
[2019.12.10-02.18.21:787][  0]LogAndroidPermission: UAndroidPermissionCallbackProxy::GetInstance
[2019.12.10-02.18.21:926][  0]LogOcInput: OculusInput pre-init called
[2019.12.10-02.18.22:621][  0]LogEngine: Initializing Engine...
[2019.12.10-02.18.22:622][  0]LogHMD: Failed to initialize OpenVR with code 110
[2019.12.10-02.18.22:622][  0]LogStats: UGameplayTagsManager::InitializeManager -  0.000 s
[2019.12.10-02.18.22:826][  0]LogInit: Initializing FReadOnlyCVARCache
[2019.12.10-02.18.22:839][  0]LogAIModule: Creating AISystem for world Untitled
[2019.12.10-02.18.22:932][  0]LogInit: XAudio2 using 'Headphones (4- Arctis 7 Game)' : 2 channels at 48 kHz using 16 bits per sample (channel mask 0x3)
[2019.12.10-02.18.23:015][  0]LogInit: FAudioDevice initialized.
[2019.12.10-02.18.23:015][  0]LogNetVersion: Set ProjectVersion to 1.0.0.0. Version Checksum will be recalculated on next use.
[2019.12.10-02.18.23:076][  0]LogDerivedDataCache: Saved boot cache 0.06s 74MB C:/Users/Angeline/AppData/Local/UnrealEngine/4.22/DerivedDataCache/Boot.ddc.
[2019.12.10-02.18.23:082][  0]LogInit: Texture streaming: Enabled
[2019.12.10-02.18.23:104][  0]LogEngineSessionManager: EngineSessionManager initialized
[2019.12.10-02.18.23:131][  0]LogInit: Transaction tracking system initialized
[2019.12.10-02.18.23:158][  0]BlueprintLog: New page: Editor Load
[2019.12.10-02.18.23:245][  0]LocalizationService: Localization service is disabled
[2019.12.10-02.18.23:559][  0]LogFileCache: Scanning file cache for directory 'B:/Unreal Projects/GE3_Final-Exam/final_sample/Content/' took 0.01s
[2019.12.10-02.18.23:559][  0]LogCook: Display: Max memory allowance for cook 16384mb min free memory 0mb
[2019.12.10-02.18.23:559][  0]LogCook: Display: Mobile HDR setting 1
[2019.12.10-02.18.23:754][  0]SourceControl: Source control is disabled
[2019.12.10-02.18.23:754][  0]Cmd: MAP LOAD FILE="B:/Unreal Projects/GE3_Final-Exam/final_sample/Content/FirstPersonCPP/Maps/FirstPersonExampleMap.umap" TEMPLATE=0 SHOWPROGRESS=1 FEATURELEVEL=3
[2019.12.10-02.18.23:754][  0]LightingResults: New page: Lighting Build
[2019.12.10-02.18.23:756][  0]MapCheck: New page: Map Check
[2019.12.10-02.18.23:756][  0]LightingResults: New page: Lighting Build
[2019.12.10-02.18.23:783][  0]LogUObjectHash: Compacting FUObjectHashTables data took   1.52ms
[2019.12.10-02.18.23:950][  0]LogAIModule: Creating AISystem for world FirstPersonExampleMap
[2019.12.10-02.18.23:982][  0]LogEditorServer: Finished looking for orphan Actors (0.000 secs)
[2019.12.10-02.18.24:009][  0]LogUObjectHash: Compacting FUObjectHashTables data took   1.83ms
[2019.12.10-02.18.24:009][  0]Cmd: MAP CHECKDEP NOCLEARLOG
[2019.12.10-02.18.24:009][  0]MapCheck: Map check complete: 0 Error(s), 0 Warning(s), took 0.102ms to complete.
[2019.12.10-02.18.24:009][  0]LogFileHelpers: Loading map 'FirstPersonExampleMap' took 0.256
[2019.12.10-02.18.24:150][  0]LogSlate: Updating window title bar state: overlay mode, drag disabled, window buttons hidden, title bar hidden
[2019.12.10-02.18.24:159][  0]LogSlate: Updating window title bar state: overlay mode, drag disabled, window buttons hidden, title bar hidden
[2019.12.10-02.18.24:165][  0]LogSlate: Updating window title bar state: overlay mode, drag disabled, window buttons hidden, title bar hidden
[2019.12.10-02.18.24:172][  0]LogSlate: Updating window title bar state: overlay mode, drag disabled, window buttons hidden, title bar hidden
[2019.12.10-02.18.24:182][  0]LogCollectionManager: Loaded 0 collections in 0.001403 seconds
[2019.12.10-02.18.24:214][  0]LogFileCache: Scanning file cache for directory 'B:/Unreal Projects/GE3_Final-Exam/final_sample/Saved/Collections/' took 0.01s
[2019.12.10-02.18.24:214][  0]LogFileCache: Scanning file cache for directory 'B:/Unreal Projects/GE3_Final-Exam/final_sample/Content/Developers/Angeline/Collections/' took 0.00s
[2019.12.10-02.18.24:214][  0]LogFileCache: Scanning file cache for directory 'B:/Unreal Projects/GE3_Final-Exam/final_sample/Content/Collections/' took 0.00s
[2019.12.10-02.18.24:214][  0]LogCollectionManager: Rebuilt the GUID cache for 0 collections in 0.000001 seconds
[2019.12.10-02.18.24:225][  0]LogContentBrowser: Native class hierarchy populated in 0.0085 seconds. Added 2741 classes and 661 folders.
[2019.12.10-02.18.24:243][  0]LogContentBrowser: Native class hierarchy updated for 'WidgetCarousel' in 0.0002 seconds. Added 0 classes and 0 folders.
[2019.12.10-02.18.24:249][  0]LogPakFile: Registered encryption key '00000000000000000000000000000000': 0 pak files mounted, 0 remain pending
[2019.12.10-02.18.24:252][  0]LogPakFile: Registered encryption key '00000000000000000000000000000000': 0 pak files mounted, 0 remain pending
[2019.12.10-02.18.24:253][  0]LogPakFile: Registered encryption key '00000000000000000000000000000000': 0 pak files mounted, 0 remain pending
[2019.12.10-02.18.24:255][  0]LogPakFile: Registered encryption key '00000000000000000000000000000000': 0 pak files mounted, 0 remain pending
[2019.12.10-02.18.24:257][  0]LogPakFile: Registered encryption key '00000000000000000000000000000000': 0 pak files mounted, 0 remain pending
[2019.12.10-02.18.24:258][  0]LogPakFile: Registered encryption key '00000000000000000000000000000000': 0 pak files mounted, 0 remain pending
[2019.12.10-02.18.24:259][  0]LogPakFile: Registered encryption key '00000000000000000000000000000000': 0 pak files mounted, 0 remain pending
[2019.12.10-02.18.24:261][  0]LogPakFile: Registered encryption key '00000000000000000000000000000000': 0 pak files mounted, 0 remain pending
[2019.12.10-02.18.24:262][  0]LogPakFile: Registered encryption key '00000000000000000000000000000000': 0 pak files mounted, 0 remain pending
[2019.12.10-02.18.24:264][  0]LogPakFile: Registered encryption key '00000000000000000000000000000000': 0 pak files mounted, 0 remain pending
[2019.12.10-02.18.24:265][  0]LogPakFile: Registered encryption key '00000000000000000000000000000000': 0 pak files mounted, 0 remain pending
[2019.12.10-02.18.24:266][  0]LogPakFile: Registered encryption key '00000000000000000000000000000000': 0 pak files mounted, 0 remain pending
[2019.12.10-02.18.24:268][  0]LogPakFile: Registered encryption key '00000000000000000000000000000000': 0 pak files mounted, 0 remain pending
[2019.12.10-02.18.24:270][  0]LogPakFile: Registered encryption key '00000000000000000000000000000000': 0 pak files mounted, 0 remain pending
[2019.12.10-02.18.24:271][  0]LogPakFile: Registered encryption key '00000000000000000000000000000000': 0 pak files mounted, 0 remain pending
[2019.12.10-02.18.24:273][  0]LogPakFile: Registered encryption key '00000000000000000000000000000000': 0 pak files mounted, 0 remain pending
[2019.12.10-02.18.24:274][  0]LogPakFile: Registered encryption key '00000000000000000000000000000000': 0 pak files mounted, 0 remain pending
[2019.12.10-02.18.24:276][  0]LogPakFile: Registered encryption key '00000000000000000000000000000000': 0 pak files mounted, 0 remain pending
[2019.12.10-02.18.24:278][  0]LogPakFile: Registered encryption key '00000000000000000000000000000000': 0 pak files mounted, 0 remain pending
[2019.12.10-02.18.24:280][  0]LogPakFile: Registered encryption key '00000000000000000000000000000000': 0 pak files mounted, 0 remain pending
[2019.12.10-02.18.24:282][  0]LogPakFile: Registered encryption key '00000000000000000000000000000000': 0 pak files mounted, 0 remain pending
[2019.12.10-02.18.24:284][  0]LogPakFile: Registered encryption key '00000000000000000000000000000000': 0 pak files mounted, 0 remain pending
[2019.12.10-02.18.24:285][  0]LogPakFile: Registered encryption key '00000000000000000000000000000000': 0 pak files mounted, 0 remain pending
[2019.12.10-02.18.24:288][  0]LogPakFile: Registered encryption key '00000000000000000000000000000000': 0 pak files mounted, 0 remain pending
[2019.12.10-02.18.24:290][  0]LogPakFile: Registered encryption key '00000000000000000000000000000000': 0 pak files mounted, 0 remain pending
[2019.12.10-02.18.24:292][  0]LogPakFile: Registered encryption key '00000000000000000000000000000000': 0 pak files mounted, 0 remain pending
[2019.12.10-02.18.24:377][  0]LogContentBrowser: Native class hierarchy updated for 'AddContentDialog' in 0.0003 seconds. Added 0 classes and 0 folders.
[2019.12.10-02.18.24:390][  0]LogContentBrowser: Native class hierarchy updated for 'SceneOutliner' in 0.0004 seconds. Added 1 classes and 2 folders.
[2019.12.10-02.18.24:539][  0]LogSlate: Took 0.000151 seconds to synchronously load lazily loaded font '../../../Engine/Content/Slate/Fonts/Roboto-Regular.ttf' (155K)
[2019.12.10-02.18.24:541][  0]LogSlate: Took 0.000159 seconds to synchronously load lazily loaded font '../../../Engine/Content/Slate/Fonts/Roboto-Bold.ttf' (160K)
[2019.12.10-02.18.24:548][  0]LogSlate: Took 0.000766 seconds to synchronously load lazily loaded font '../../../Engine/Content/Editor/Slate/Fonts/FontAwesome.ttf' (139K)
[2019.12.10-02.18.24:623][  0]LogRenderer: Reallocating scene render targets to support 1208x572 Format 10 NumSamples 1 (Frame:1).
[2019.12.10-02.18.24:698][  0]LogSlate: Took 0.000814 seconds to synchronously load lazily loaded font '../../../Engine/Content/Slate/Fonts/Roboto-Light.ttf' (167K)
[2019.12.10-02.18.24:806][  0]LogContentBrowser: Native class hierarchy updated for 'HierarchicalLODOutliner' in 0.0003 seconds. Added 0 classes and 0 folders.
[2019.12.10-02.18.24:807][  0]LogLoad: (Engine Initialization) Total time: 9.08 seconds
[2019.12.10-02.18.24:807][  0]LogLoad: (Engine Initialization) Total Blueprint compile time: 0.00 seconds
[2019.12.10-02.18.24:842][  0]LogAssetRegistry: Asset discovery search completed in 5.1521 seconds
[2019.12.10-02.18.24:843][  0]LogCollectionManager: Rebuilt the object cache for 0 collections in 0.000000 seconds (found 0 objects)
[2019.12.10-02.18.24:843][  0]LogCollectionManager: Fixed up redirectors for 0 collections in 0.000042 seconds (updated 0 objects)
[2019.12.10-02.18.24:846][  0]LogContentStreaming: Texture pool size now 1000 MB
[2019.12.10-02.18.41:859][274]LogSlate: FSceneViewport::OnFocusLost() reason 0
[2019.12.10-02.18.42:219][317]LogTemp: Repeating last play command: Selected Viewport
[2019.12.10-02.18.42:228][317]LogBlueprintUserMessages: Early PlayInEditor Detection: Level '/Game/FirstPersonCPP/Maps/FirstPersonExampleMap.FirstPersonExampleMap:PersistentLevel' has LevelScriptBlueprint '/Game/FirstPersonCPP/Maps/FirstPersonExampleMap.FirstPersonExampleMap:PersistentLevel.FirstPersonExampleMap' with GeneratedClass '/Game/FirstPersonCPP/Maps/FirstPersonExampleMap.FirstPersonExampleMap_C' with ClassGeneratedBy '/Game/FirstPersonCPP/Maps/FirstPersonExampleMap.FirstPersonExampleMap:PersistentLevel.FirstPersonExampleMap'
[2019.12.10-02.18.42:228][317]LogPlayLevel: PlayLevel: No blueprints needed recompiling
[2019.12.10-02.18.42:232][317]PIE: New page: PIE session: FirstPersonExampleMap (Dec 9, 2019, 4:18:42 PM)
[2019.12.10-02.18.42:248][317]LogPlayLevel: Creating play world package: /Game/FirstPersonCPP/Maps/UEDPIE_0_FirstPersonExampleMap
[2019.12.10-02.18.42:267][317]LogPlayLevel: PIE: StaticDuplicateObject took: (0.018698s)
[2019.12.10-02.18.42:267][317]LogAIModule: Creating AISystem for world FirstPersonExampleMap
[2019.12.10-02.18.42:267][317]LogPlayLevel: PIE: World Init took: (0.000538s)
[2019.12.10-02.18.42:267][317]LogPlayLevel: PIE: Created PIE world by copying editor world from /Game/FirstPersonCPP/Maps/FirstPersonExampleMap.FirstPersonExampleMap to /Game/FirstPersonCPP/Maps/UEDPIE_0_FirstPersonExampleMap.FirstPersonExampleMap (0.019829s)
[2019.12.10-02.18.42:294][317]LogUObjectHash: Compacting FUObjectHashTables data took   0.79ms
[2019.12.10-02.18.42:322][317]LogInit: XAudio2 using 'Headphones (4- Arctis 7 Game)' : 2 channels at 48 kHz using 16 bits per sample (channel mask 0x3)
[2019.12.10-02.18.42:357][317]LogInit: FAudioDevice initialized.
[2019.12.10-02.18.42:396][317]LogLoad: Game class is 'final_sampleGameMode'
[2019.12.10-02.18.42:403][317]LogWorld: Bringing World /Game/FirstPersonCPP/Maps/UEDPIE_0_FirstPersonExampleMap.FirstPersonExampleMap up for play (max tick rate 0) at 2019.12.09-21.18.42
[2019.12.10-02.18.42:405][317]LogWorld: Bringing up level for play took: 0.003523
[2019.12.10-02.18.42:441][317]LogContentBrowser: Native class hierarchy updated for 'MovieSceneCapture' in 0.0007 seconds. Added 20 classes and 0 folders.
[2019.12.10-02.18.42:450][317]PIE: Play in editor start time for /Game/FirstPersonCPP/Maps/UEDPIE_0_FirstPersonExampleMap 1.187
[2019.12.10-02.18.42:451][317]LogBlueprintUserMessages: Late PlayInEditor Detection: Level '/Game/FirstPersonCPP/Maps/FirstPersonExampleMap.FirstPersonExampleMap:PersistentLevel' has LevelScriptBlueprint '/Game/FirstPersonCPP/Maps/FirstPersonExampleMap.FirstPersonExampleMap:PersistentLevel.FirstPersonExampleMap' with GeneratedClass '/Game/FirstPersonCPP/Maps/FirstPersonExampleMap.FirstPersonExampleMap_C' with ClassGeneratedBy '/Game/FirstPersonCPP/Maps/FirstPersonExampleMap.FirstPersonExampleMap:PersistentLevel.FirstPersonExampleMap'
[2019.12.10-02.18.45:090][626]LogBlueprintUserMessages: Early EndPlayMap Detection: Level '/Game/FirstPersonCPP/Maps/FirstPersonExampleMap.FirstPersonExampleMap:PersistentLevel' has LevelScriptBlueprint '/Game/FirstPersonCPP/Maps/FirstPersonExampleMap.FirstPersonExampleMap:PersistentLevel.FirstPersonExampleMap' with GeneratedClass '/Game/FirstPersonCPP/Maps/FirstPersonExampleMap.FirstPersonExampleMap_C' with ClassGeneratedBy '/Game/FirstPersonCPP/Maps/FirstPersonExampleMap.FirstPersonExampleMap:PersistentLevel.FirstPersonExampleMap'
[2019.12.10-02.18.45:091][626]LogSlate: Updating window title bar state: overlay mode, drag disabled, window buttons hidden, title bar hidden
[2019.12.10-02.18.45:120][626]LogPlayLevel: Display: Shutting down PIE online subsystems
[2019.12.10-02.18.45:120][626]LogBlueprintUserMessages: Late EndPlayMap Detection: Level '/Game/FirstPersonCPP/Maps/FirstPersonExampleMap.FirstPersonExampleMap:PersistentLevel' has LevelScriptBlueprint '/Game/FirstPersonCPP/Maps/FirstPersonExampleMap.FirstPersonExampleMap:PersistentLevel.FirstPersonExampleMap' with GeneratedClass '/Game/FirstPersonCPP/Maps/FirstPersonExampleMap.FirstPersonExampleMap_C' with ClassGeneratedBy '/Game/FirstPersonCPP/Maps/FirstPersonExampleMap.FirstPersonExampleMap:PersistentLevel.FirstPersonExampleMap'
[2019.12.10-02.18.45:151][626]LogSlate: Updating window title bar state: overlay mode, drag disabled, window buttons hidden, title bar hidden
[2019.12.10-02.18.45:154][626]LogUObjectHash: Compacting FUObjectHashTables data took   1.14ms
[2019.12.10-02.18.45:195][629]LogPlayLevel: Display: Destroying online subsystem :Context_1
[2019.12.10-02.18.46:371][770]LogSlate: FSceneViewport::OnFocusLost() reason 0
[2019.12.10-02.18.46:413][775]LogTemp: Repeating last play command: Selected Viewport
[2019.12.10-02.18.46:420][775]LogBlueprintUserMessages: Early PlayInEditor Detection: Level '/Game/FirstPersonCPP/Maps/FirstPersonExampleMap.FirstPersonExampleMap:PersistentLevel' has LevelScriptBlueprint '/Game/FirstPersonCPP/Maps/FirstPersonExampleMap.FirstPersonExampleMap:PersistentLevel.FirstPersonExampleMap' with GeneratedClass '/Game/FirstPersonCPP/Maps/FirstPersonExampleMap.FirstPersonExampleMap_C' with ClassGeneratedBy '/Game/FirstPersonCPP/Maps/FirstPersonExampleMap.FirstPersonExampleMap:PersistentLevel.FirstPersonExampleMap'
[2019.12.10-02.18.46:420][775]LogPlayLevel: PlayLevel: No blueprints needed recompiling
[2019.12.10-02.18.46:420][775]PIE: New page: PIE session: FirstPersonExampleMap (Dec 9, 2019, 4:18:46 PM)
[2019.12.10-02.18.46:420][775]LogPlayLevel: Creating play world package: /Game/FirstPersonCPP/Maps/UEDPIE_0_FirstPersonExampleMap
[2019.12.10-02.18.46:431][775]LogPlayLevel: PIE: StaticDuplicateObject took: (0.010077s)
[2019.12.10-02.18.46:431][775]LogAIModule: Creating AISystem for world FirstPersonExampleMap
[2019.12.10-02.18.46:432][775]LogPlayLevel: PIE: World Init took: (0.001087s)
[2019.12.10-02.18.46:432][775]LogPlayLevel: PIE: Created PIE world by copying editor world from /Game/FirstPersonCPP/Maps/FirstPersonExampleMap.FirstPersonExampleMap to /Game/FirstPersonCPP/Maps/UEDPIE_0_FirstPersonExampleMap.FirstPersonExampleMap (0.011314s)
[2019.12.10-02.18.46:457][775]LogUObjectHash: Compacting FUObjectHashTables data took   1.39ms
[2019.12.10-02.18.46:487][775]LogInit: XAudio2 using 'Headphones (4- Arctis 7 Game)' : 2 channels at 48 kHz using 16 bits per sample (channel mask 0x3)
[2019.12.10-02.18.46:523][775]LogInit: FAudioDevice initialized.
[2019.12.10-02.18.46:554][775]LogLoad: Game class is 'final_sampleGameMode'
[2019.12.10-02.18.46:556][775]LogWorld: Bringing World /Game/FirstPersonCPP/Maps/UEDPIE_0_FirstPersonExampleMap.FirstPersonExampleMap up for play (max tick rate 0) at 2019.12.09-21.18.46
[2019.12.10-02.18.46:556][775]LogWorld: Bringing up level for play took: 0.001649
[2019.12.10-02.18.46:570][775]PIE: Play in editor start time for /Game/FirstPersonCPP/Maps/UEDPIE_0_FirstPersonExampleMap -0.694
[2019.12.10-02.18.46:570][775]LogBlueprintUserMessages: Late PlayInEditor Detection: Level '/Game/FirstPersonCPP/Maps/FirstPersonExampleMap.FirstPersonExampleMap:PersistentLevel' has LevelScriptBlueprint '/Game/FirstPersonCPP/Maps/FirstPersonExampleMap.FirstPersonExampleMap:PersistentLevel.FirstPersonExampleMap' with GeneratedClass '/Game/FirstPersonCPP/Maps/FirstPersonExampleMap.FirstPersonExampleMap_C' with ClassGeneratedBy '/Game/FirstPersonCPP/Maps/FirstPersonExampleMap.FirstPersonExampleMap:PersistentLevel.FirstPersonExampleMap'
[2019.12.10-02.18.49:992][183]LogBlueprintUserMessages: Early EndPlayMap Detection: Level '/Game/FirstPersonCPP/Maps/FirstPersonExampleMap.FirstPersonExampleMap:PersistentLevel' has LevelScriptBlueprint '/Game/FirstPersonCPP/Maps/FirstPersonExampleMap.FirstPersonExampleMap:PersistentLevel.FirstPersonExampleMap' with GeneratedClass '/Game/FirstPersonCPP/Maps/FirstPersonExampleMap.FirstPersonExampleMap_C' with ClassGeneratedBy '/Game/FirstPersonCPP/Maps/FirstPersonExampleMap.FirstPersonExampleMap:PersistentLevel.FirstPersonExampleMap'
[2019.12.10-02.18.49:992][183]LogSlate: Updating window title bar state: overlay mode, drag disabled, window buttons hidden, title bar hidden
[2019.12.10-02.18.50:025][183]LogPlayLevel: Display: Shutting down PIE online subsystems
[2019.12.10-02.18.50:025][183]LogBlueprintUserMessages: Late EndPlayMap Detection: Level '/Game/FirstPersonCPP/Maps/FirstPersonExampleMap.FirstPersonExampleMap:PersistentLevel' has LevelScriptBlueprint '/Game/FirstPersonCPP/Maps/FirstPersonExampleMap.FirstPersonExampleMap:PersistentLevel.FirstPersonExampleMap' with GeneratedClass '/Game/FirstPersonCPP/Maps/FirstPersonExampleMap.FirstPersonExampleMap_C' with ClassGeneratedBy '/Game/FirstPersonCPP/Maps/FirstPersonExampleMap.FirstPersonExampleMap:PersistentLevel.FirstPersonExampleMap'
[2019.12.10-02.18.50:054][183]LogSlate: Updating window title bar state: overlay mode, drag disabled, window buttons hidden, title bar hidden
[2019.12.10-02.18.50:057][183]LogUObjectHash: Compacting FUObjectHashTables data took   0.87ms
[2019.12.10-02.18.50:098][186]LogPlayLevel: Display: Destroying online subsystem :Context_2
[2019.12.10-02.19.04:400][451]LogSlate: FSceneViewport::OnFocusLost() reason 0
[2019.12.10-02.19.04:459][458]LogTemp: Repeating last play command: Selected Viewport
[2019.12.10-02.19.04:465][458]LogBlueprintUserMessages: Early PlayInEditor Detection: Level '/Game/FirstPersonCPP/Maps/FirstPersonExampleMap.FirstPersonExampleMap:PersistentLevel' has LevelScriptBlueprint '/Game/FirstPersonCPP/Maps/FirstPersonExampleMap.FirstPersonExampleMap:PersistentLevel.FirstPersonExampleMap' with GeneratedClass '/Game/FirstPersonCPP/Maps/FirstPersonExampleMap.FirstPersonExampleMap_C' with ClassGeneratedBy '/Game/FirstPersonCPP/Maps/FirstPersonExampleMap.FirstPersonExampleMap:PersistentLevel.FirstPersonExampleMap'
[2019.12.10-02.19.04:465][458]LogPlayLevel: PlayLevel: No blueprints needed recompiling
[2019.12.10-02.19.04:465][458]PIE: New page: PIE session: FirstPersonExampleMap (Dec 9, 2019, 4:19:04 PM)
[2019.12.10-02.19.04:465][458]LogPlayLevel: Creating play world package: /Game/FirstPersonCPP/Maps/UEDPIE_0_FirstPersonExampleMap
[2019.12.10-02.19.04:476][458]LogPlayLevel: PIE: StaticDuplicateObject took: (0.010490s)
[2019.12.10-02.19.04:476][458]LogAIModule: Creating AISystem for world FirstPersonExampleMap
[2019.12.10-02.19.04:477][458]LogPlayLevel: PIE: World Init took: (0.000667s)
[2019.12.10-02.19.04:477][458]LogPlayLevel: PIE: Created PIE world by copying editor world from /Game/FirstPersonCPP/Maps/FirstPersonExampleMap.FirstPersonExampleMap to /Game/FirstPersonCPP/Maps/UEDPIE_0_FirstPersonExampleMap.FirstPersonExampleMap (0.011325s)
[2019.12.10-02.19.04:503][458]LogUObjectHash: Compacting FUObjectHashTables data took   1.00ms
[2019.12.10-02.19.04:529][458]LogInit: XAudio2 using 'Headphones (4- Arctis 7 Game)' : 2 channels at 48 kHz using 16 bits per sample (channel mask 0x3)
[2019.12.10-02.19.04:562][458]LogInit: FAudioDevice initialized.
[2019.12.10-02.19.04:595][458]LogLoad: Game class is 'final_sampleGameMode'
[2019.12.10-02.19.04:596][458]LogWorld: Bringing World /Game/FirstPersonCPP/Maps/UEDPIE_0_FirstPersonExampleMap.FirstPersonExampleMap up for play (max tick rate 0) at 2019.12.09-21.19.04
[2019.12.10-02.19.04:597][458]LogWorld: Bringing up level for play took: 0.001310
[2019.12.10-02.19.04:610][458]PIE: Play in editor start time for /Game/FirstPersonCPP/Maps/UEDPIE_0_FirstPersonExampleMap -0.654
[2019.12.10-02.19.04:610][458]LogBlueprintUserMessages: Late PlayInEditor Detection: Level '/Game/FirstPersonCPP/Maps/FirstPersonExampleMap.FirstPersonExampleMap:PersistentLevel' has LevelScriptBlueprint '/Game/FirstPersonCPP/Maps/FirstPersonExampleMap.FirstPersonExampleMap:PersistentLevel.FirstPersonExampleMap' with GeneratedClass '/Game/FirstPersonCPP/Maps/FirstPersonExampleMap.FirstPersonExampleMap_C' with ClassGeneratedBy '/Game/FirstPersonCPP/Maps/FirstPersonExampleMap.FirstPersonExampleMap:PersistentLevel.FirstPersonExampleMap'
[2019.12.10-02.19.05:701][585]LogBlueprintUserMessages: Early EndPlayMap Detection: Level '/Game/FirstPersonCPP/Maps/FirstPersonExampleMap.FirstPersonExampleMap:PersistentLevel' has LevelScriptBlueprint '/Game/FirstPersonCPP/Maps/FirstPersonExampleMap.FirstPersonExampleMap:PersistentLevel.FirstPersonExampleMap' with GeneratedClass '/Game/FirstPersonCPP/Maps/FirstPersonExampleMap.FirstPersonExampleMap_C' with ClassGeneratedBy '/Game/FirstPersonCPP/Maps/FirstPersonExampleMap.FirstPersonExampleMap:PersistentLevel.FirstPersonExampleMap'
[2019.12.10-02.19.05:702][585]LogSlate: Updating window title bar state: overlay mode, drag disabled, window buttons hidden, title bar hidden
[2019.12.10-02.19.05:732][585]LogPlayLevel: Display: Shutting down PIE online subsystems
[2019.12.10-02.19.05:733][585]LogBlueprintUserMessages: Late EndPlayMap Detection: Level '/Game/FirstPersonCPP/Maps/FirstPersonExampleMap.FirstPersonExampleMap:PersistentLevel' has LevelScriptBlueprint '/Game/FirstPersonCPP/Maps/FirstPersonExampleMap.FirstPersonExampleMap:PersistentLevel.FirstPersonExampleMap' with GeneratedClass '/Game/FirstPersonCPP/Maps/FirstPersonExampleMap.FirstPersonExampleMap_C' with ClassGeneratedBy '/Game/FirstPersonCPP/Maps/FirstPersonExampleMap.FirstPersonExampleMap:PersistentLevel.FirstPersonExampleMap'
[2019.12.10-02.19.05:761][585]LogSlate: Updating window title bar state: overlay mode, drag disabled, window buttons hidden, title bar hidden
[2019.12.10-02.19.05:763][585]LogUObjectHash: Compacting FUObjectHashTables data took   0.91ms
[2019.12.10-02.19.05:802][588]LogPlayLevel: Display: Destroying online subsystem :Context_3
[2019.12.10-02.19.17:131][774]LogSlate: FSceneViewport::OnFocusLost() reason 0
[2019.12.10-02.19.17:197][782]LogTemp: Repeating last play command: Selected Viewport
[2019.12.10-02.19.17:204][782]LogBlueprintUserMessages: Early PlayInEditor Detection: Level '/Game/FirstPersonCPP/Maps/FirstPersonExampleMap.FirstPersonExampleMap:PersistentLevel' has LevelScriptBlueprint '/Game/FirstPersonCPP/Maps/FirstPersonExampleMap.FirstPersonExampleMap:PersistentLevel.FirstPersonExampleMap' with GeneratedClass '/Game/FirstPersonCPP/Maps/FirstPersonExampleMap.FirstPersonExampleMap_C' with ClassGeneratedBy '/Game/FirstPersonCPP/Maps/FirstPersonExampleMap.FirstPersonExampleMap:PersistentLevel.FirstPersonExampleMap'
[2019.12.10-02.19.17:204][782]LogPlayLevel: PlayLevel: No blueprints needed recompiling
[2019.12.10-02.19.17:204][782]PIE: New page: PIE session: FirstPersonExampleMap (Dec 9, 2019, 4:19:17 PM)
[2019.12.10-02.19.17:204][782]LogPlayLevel: Creating play world package: /Game/FirstPersonCPP/Maps/UEDPIE_0_FirstPersonExampleMap
[2019.12.10-02.19.17:215][782]LogPlayLevel: PIE: StaticDuplicateObject took: (0.010554s)
[2019.12.10-02.19.17:216][782]LogAIModule: Creating AISystem for world FirstPersonExampleMap
[2019.12.10-02.19.17:216][782]LogPlayLevel: PIE: World Init took: (0.000601s)
[2019.12.10-02.19.17:216][782]LogPlayLevel: PIE: Created PIE world by copying editor world from /Game/FirstPersonCPP/Maps/FirstPersonExampleMap.FirstPersonExampleMap to /Game/FirstPersonCPP/Maps/UEDPIE_0_FirstPersonExampleMap.FirstPersonExampleMap (0.011276s)
[2019.12.10-02.19.17:241][782]LogUObjectHash: Compacting FUObjectHashTables data took   1.03ms
[2019.12.10-02.19.17:269][782]LogInit: XAudio2 using 'Headphones (4- Arctis 7 Game)' : 2 channels at 48 kHz using 16 bits per sample (channel mask 0x3)
[2019.12.10-02.19.17:303][782]LogInit: FAudioDevice initialized.
[2019.12.10-02.19.17:334][782]LogLoad: Game class is 'final_sampleGameMode'
[2019.12.10-02.19.17:335][782]LogWorld: Bringing World /Game/FirstPersonCPP/Maps/UEDPIE_0_FirstPersonExampleMap.FirstPersonExampleMap up for play (max tick rate 0) at 2019.12.09-21.19.17
[2019.12.10-02.19.17:336][782]LogWorld: Bringing up level for play took: 0.001444
[2019.12.10-02.19.17:349][782]PIE: Play in editor start time for /Game/FirstPersonCPP/Maps/UEDPIE_0_FirstPersonExampleMap 0.085
[2019.12.10-02.19.17:349][782]LogBlueprintUserMessages: Late PlayInEditor Detection: Level '/Game/FirstPersonCPP/Maps/FirstPersonExampleMap.FirstPersonExampleMap:PersistentLevel' has LevelScriptBlueprint '/Game/FirstPersonCPP/Maps/FirstPersonExampleMap.FirstPersonExampleMap:PersistentLevel.FirstPersonExampleMap' with GeneratedClass '/Game/FirstPersonCPP/Maps/FirstPersonExampleMap.FirstPersonExampleMap_C' with ClassGeneratedBy '/Game/FirstPersonCPP/Maps/FirstPersonExampleMap.FirstPersonExampleMap:PersistentLevel.FirstPersonExampleMap'
[2019.12.10-02.19.35:869][  1]LogBlueprintUserMessages: Early EndPlayMap Detection: Level '/Game/FirstPersonCPP/Maps/FirstPersonExampleMap.FirstPersonExampleMap:PersistentLevel' has LevelScriptBlueprint '/Game/FirstPersonCPP/Maps/FirstPersonExampleMap.FirstPersonExampleMap:PersistentLevel.FirstPersonExampleMap' with GeneratedClass '/Game/FirstPersonCPP/Maps/FirstPersonExampleMap.FirstPersonExampleMap_C' with ClassGeneratedBy '/Game/FirstPersonCPP/Maps/FirstPersonExampleMap.FirstPersonExampleMap:PersistentLevel.FirstPersonExampleMap'
[2019.12.10-02.19.35:869][  1]LogSlate: Updating window title bar state: overlay mode, drag disabled, window buttons hidden, title bar hidden
[2019.12.10-02.19.35:903][  1]LogPlayLevel: Display: Shutting down PIE online subsystems
[2019.12.10-02.19.35:903][  1]LogBlueprintUserMessages: Late EndPlayMap Detection: Level '/Game/FirstPersonCPP/Maps/FirstPersonExampleMap.FirstPersonExampleMap:PersistentLevel' has LevelScriptBlueprint '/Game/FirstPersonCPP/Maps/FirstPersonExampleMap.FirstPersonExampleMap:PersistentLevel.FirstPersonExampleMap' with GeneratedClass '/Game/FirstPersonCPP/Maps/FirstPersonExampleMap.FirstPersonExampleMap_C' with ClassGeneratedBy '/Game/FirstPersonCPP/Maps/FirstPersonExampleMap.FirstPersonExampleMap:PersistentLevel.FirstPersonExampleMap'
[2019.12.10-02.19.35:932][  1]LogSlate: Updating window title bar state: overlay mode, drag disabled, window buttons hidden, title bar hidden
[2019.12.10-02.19.35:935][  1]LogUObjectHash: Compacting FUObjectHashTables data took   1.00ms
[2019.12.10-02.19.35:971][  3]LogPlayLevel: Display: Destroying online subsystem :Context_4
[2019.12.10-02.19.36:579][ 76]LogEditorViewport: Clicking on Actor (LMB): BP_LaunchPad_C (BP_LaunchPad)
[2019.12.10-02.19.52:122][921]LogSlate: FSceneViewport::OnFocusLost() reason 0
[2019.12.10-02.19.52:197][930]LogTemp: Repeating last play command: Selected Viewport
[2019.12.10-02.19.52:203][930]LogBlueprintUserMessages: Early PlayInEditor Detection: Level '/Game/FirstPersonCPP/Maps/FirstPersonExampleMap.FirstPersonExampleMap:PersistentLevel' has LevelScriptBlueprint '/Game/FirstPersonCPP/Maps/FirstPersonExampleMap.FirstPersonExampleMap:PersistentLevel.FirstPersonExampleMap' with GeneratedClass '/Game/FirstPersonCPP/Maps/FirstPersonExampleMap.FirstPersonExampleMap_C' with ClassGeneratedBy '/Game/FirstPersonCPP/Maps/FirstPersonExampleMap.FirstPersonExampleMap:PersistentLevel.FirstPersonExampleMap'
[2019.12.10-02.19.52:203][930]LogPlayLevel: PlayLevel: No blueprints needed recompiling
[2019.12.10-02.19.52:203][930]PIE: New page: PIE session: FirstPersonExampleMap (Dec 9, 2019, 4:19:52 PM)
[2019.12.10-02.19.52:203][930]LogPlayLevel: Creating play world package: /Game/FirstPersonCPP/Maps/UEDPIE_0_FirstPersonExampleMap
[2019.12.10-02.19.52:212][930]LogPlayLevel: PIE: StaticDuplicateObject took: (0.009349s)
[2019.12.10-02.19.52:213][930]LogAIModule: Creating AISystem for world FirstPersonExampleMap
[2019.12.10-02.19.52:213][930]LogPlayLevel: PIE: World Init took: (0.000906s)
[2019.12.10-02.19.52:213][930]LogPlayLevel: PIE: Created PIE world by copying editor world from /Game/FirstPersonCPP/Maps/FirstPersonExampleMap.FirstPersonExampleMap to /Game/FirstPersonCPP/Maps/UEDPIE_0_FirstPersonExampleMap.FirstPersonExampleMap (0.010395s)
[2019.12.10-02.19.52:239][930]LogUObjectHash: Compacting FUObjectHashTables data took   0.90ms
[2019.12.10-02.19.52:266][930]LogInit: XAudio2 using 'Headphones (4- Arctis 7 Game)' : 2 channels at 48 kHz using 16 bits per sample (channel mask 0x3)
[2019.12.10-02.19.52:299][930]LogInit: FAudioDevice initialized.
[2019.12.10-02.19.52:332][930]LogLoad: Game class is 'final_sampleGameMode'
[2019.12.10-02.19.52:334][930]LogWorld: Bringing World /Game/FirstPersonCPP/Maps/UEDPIE_0_FirstPersonExampleMap.FirstPersonExampleMap up for play (max tick rate 0) at 2019.12.09-21.19.52
[2019.12.10-02.19.52:334][930]LogWorld: Bringing up level for play took: 0.001451
[2019.12.10-02.19.52:348][930]PIE: Play in editor start time for /Game/FirstPersonCPP/Maps/UEDPIE_0_FirstPersonExampleMap 1.084
[2019.12.10-02.19.52:348][930]LogBlueprintUserMessages: Late PlayInEditor Detection: Level '/Game/FirstPersonCPP/Maps/FirstPersonExampleMap.FirstPersonExampleMap:PersistentLevel' has LevelScriptBlueprint '/Game/FirstPersonCPP/Maps/FirstPersonExampleMap.FirstPersonExampleMap:PersistentLevel.FirstPersonExampleMap' with GeneratedClass '/Game/FirstPersonCPP/Maps/FirstPersonExampleMap.FirstPersonExampleMap_C' with ClassGeneratedBy '/Game/FirstPersonCPP/Maps/FirstPersonExampleMap.FirstPersonExampleMap:PersistentLevel.FirstPersonExampleMap'
[2019.12.10-02.20.07:234][712]LogBlueprintUserMessages: Early EndPlayMap Detection: Level '/Game/FirstPersonCPP/Maps/FirstPersonExampleMap.FirstPersonExampleMap:PersistentLevel' has LevelScriptBlueprint '/Game/FirstPersonCPP/Maps/FirstPersonExampleMap.FirstPersonExampleMap:PersistentLevel.FirstPersonExampleMap' with GeneratedClass '/Game/FirstPersonCPP/Maps/FirstPersonExampleMap.FirstPersonExampleMap_C' with ClassGeneratedBy '/Game/FirstPersonCPP/Maps/FirstPersonExampleMap.FirstPersonExampleMap:PersistentLevel.FirstPersonExampleMap'
[2019.12.10-02.20.07:235][712]LogSlate: Updating window title bar state: overlay mode, drag disabled, window buttons hidden, title bar hidden
[2019.12.10-02.20.07:270][712]LogPlayLevel: Display: Shutting down PIE online subsystems
[2019.12.10-02.20.07:270][712]LogBlueprintUserMessages: Late EndPlayMap Detection: Level '/Game/FirstPersonCPP/Maps/FirstPersonExampleMap.FirstPersonExampleMap:PersistentLevel' has LevelScriptBlueprint '/Game/FirstPersonCPP/Maps/FirstPersonExampleMap.FirstPersonExampleMap:PersistentLevel.FirstPersonExampleMap' with GeneratedClass '/Game/FirstPersonCPP/Maps/FirstPersonExampleMap.FirstPersonExampleMap_C' with ClassGeneratedBy '/Game/FirstPersonCPP/Maps/FirstPersonExampleMap.FirstPersonExampleMap:PersistentLevel.FirstPersonExampleMap'
[2019.12.10-02.20.07:298][712]LogSlate: Updating window title bar state: overlay mode, drag disabled, window buttons hidden, title bar hidden
[2019.12.10-02.20.07:301][712]LogUObjectHash: Compacting FUObjectHashTables data took   0.92ms
[2019.12.10-02.20.07:339][715]LogPlayLevel: Display: Destroying online subsystem :Context_7
[2019.12.10-02.20.27:867][134]LogSlate: FSceneViewport::OnFocusLost() reason 0
[2019.12.10-02.20.27:997][149]LogSlate: Took 0.002613 seconds to synchronously load lazily loaded font '../../../Engine/Content/Slate/Fonts/Roboto-Light.ttf' (167K)
[2019.12.10-02.20.28:003][149]LogAssetEditorManager: Opening Asset editor for Class /Script/final_sample.HealKit
[2019.12.10-02.20.35:758][380]LogVSAccessor: Warning: Visual Studio is open but could not be queried - it may be blocked by a modal operation
[2019.12.10-02.46.46:804][354]LogTemp: Repeating last play command: Selected Viewport
[2019.12.10-02.46.46:811][354]LogBlueprintUserMessages: Early PlayInEditor Detection: Level '/Game/FirstPersonCPP/Maps/FirstPersonExampleMap.FirstPersonExampleMap:PersistentLevel' has LevelScriptBlueprint '/Game/FirstPersonCPP/Maps/FirstPersonExampleMap.FirstPersonExampleMap:PersistentLevel.FirstPersonExampleMap' with GeneratedClass '/Game/FirstPersonCPP/Maps/FirstPersonExampleMap.FirstPersonExampleMap_C' with ClassGeneratedBy '/Game/FirstPersonCPP/Maps/FirstPersonExampleMap.FirstPersonExampleMap:PersistentLevel.FirstPersonExampleMap'
[2019.12.10-02.46.46:811][354]LogPlayLevel: PlayLevel: No blueprints needed recompiling
[2019.12.10-02.46.46:811][354]PIE: New page: PIE session: FirstPersonExampleMap (Dec 9, 2019, 4:46:46 PM)
[2019.12.10-02.46.46:812][354]LogPlayLevel: Creating play world package: /Game/FirstPersonCPP/Maps/UEDPIE_0_FirstPersonExampleMap
[2019.12.10-02.46.46:825][354]LogPlayLevel: PIE: StaticDuplicateObject took: (0.012762s)
[2019.12.10-02.46.46:826][354]LogAIModule: Creating AISystem for world FirstPersonExampleMap
[2019.12.10-02.46.46:826][354]LogPlayLevel: PIE: World Init took: (0.001424s)
[2019.12.10-02.46.46:826][354]LogPlayLevel: PIE: Created PIE world by copying editor world from /Game/FirstPersonCPP/Maps/FirstPersonExampleMap.FirstPersonExampleMap to /Game/FirstPersonCPP/Maps/UEDPIE_0_FirstPersonExampleMap.FirstPersonExampleMap (0.014387s)
[2019.12.10-02.46.46:850][354]LogUObjectHash: Compacting FUObjectHashTables data took   1.02ms
[2019.12.10-02.46.46:877][354]LogInit: XAudio2 using 'Headphones (4- Arctis 7 Game)' : 2 channels at 48 kHz using 16 bits per sample (channel mask 0x3)
[2019.12.10-02.46.46:912][354]LogInit: FAudioDevice initialized.
[2019.12.10-02.46.46:941][354]LogLoad: Game class is 'final_sampleGameMode'
[2019.12.10-02.46.46:944][354]LogWorld: Bringing World /Game/FirstPersonCPP/Maps/UEDPIE_0_FirstPersonExampleMap.FirstPersonExampleMap up for play (max tick rate 0) at 2019.12.09-21.46.46
[2019.12.10-02.46.46:944][354]LogWorld: Bringing up level for play took: 0.001772
[2019.12.10-02.46.46:957][354]PIE: Play in editor start time for /Game/FirstPersonCPP/Maps/UEDPIE_0_FirstPersonExampleMap -0.306
[2019.12.10-02.46.46:958][354]LogBlueprintUserMessages: Late PlayInEditor Detection: Level '/Game/FirstPersonCPP/Maps/FirstPersonExampleMap.FirstPersonExampleMap:PersistentLevel' has LevelScriptBlueprint '/Game/FirstPersonCPP/Maps/FirstPersonExampleMap.FirstPersonExampleMap:PersistentLevel.FirstPersonExampleMap' with GeneratedClass '/Game/FirstPersonCPP/Maps/FirstPersonExampleMap.FirstPersonExampleMap_C' with ClassGeneratedBy '/Game/FirstPersonCPP/Maps/FirstPersonExampleMap.FirstPersonExampleMap:PersistentLevel.FirstPersonExampleMap'
[2019.12.10-02.46.50:374][761]LogBlueprintUserMessages: Early EndPlayMap Detection: Level '/Game/FirstPersonCPP/Maps/FirstPersonExampleMap.FirstPersonExampleMap:PersistentLevel' has LevelScriptBlueprint '/Game/FirstPersonCPP/Maps/FirstPersonExampleMap.FirstPersonExampleMap:PersistentLevel.FirstPersonExampleMap' with GeneratedClass '/Game/FirstPersonCPP/Maps/FirstPersonExampleMap.FirstPersonExampleMap_C' with ClassGeneratedBy '/Game/FirstPersonCPP/Maps/FirstPersonExampleMap.FirstPersonExampleMap:PersistentLevel.FirstPersonExampleMap'
[2019.12.10-02.46.50:374][761]LogSlate: Updating window title bar state: overlay mode, drag disabled, window buttons hidden, title bar hidden
[2019.12.10-02.46.50:405][761]LogPlayLevel: Display: Shutting down PIE online subsystems
[2019.12.10-02.46.50:406][761]LogBlueprintUserMessages: Late EndPlayMap Detection: Level '/Game/FirstPersonCPP/Maps/FirstPersonExampleMap.FirstPersonExampleMap:PersistentLevel' has LevelScriptBlueprint '/Game/FirstPersonCPP/Maps/FirstPersonExampleMap.FirstPersonExampleMap:PersistentLevel.FirstPersonExampleMap' with GeneratedClass '/Game/FirstPersonCPP/Maps/FirstPersonExampleMap.FirstPersonExampleMap_C' with ClassGeneratedBy '/Game/FirstPersonCPP/Maps/FirstPersonExampleMap.FirstPersonExampleMap:PersistentLevel.FirstPersonExampleMap'
[2019.12.10-02.46.50:433][761]LogSlate: Updating window title bar state: overlay mode, drag disabled, window buttons hidden, title bar hidden
[2019.12.10-02.46.50:436][761]LogUObjectHash: Compacting FUObjectHashTables data took   0.88ms
[2019.12.10-02.46.50:476][764]LogPlayLevel: Display: Destroying online subsystem :Context_8
[2019.12.10-02.46.51:078][836]LogSlate: FSceneViewport::OnFocusLost() reason 0
[2019.12.10-02.46.51:136][843]LogTemp: Repeating last play command: Selected Viewport
[2019.12.10-02.46.51:142][843]LogBlueprintUserMessages: Early PlayInEditor Detection: Level '/Game/FirstPersonCPP/Maps/FirstPersonExampleMap.FirstPersonExampleMap:PersistentLevel' has LevelScriptBlueprint '/Game/FirstPersonCPP/Maps/FirstPersonExampleMap.FirstPersonExampleMap:PersistentLevel.FirstPersonExampleMap' with GeneratedClass '/Game/FirstPersonCPP/Maps/FirstPersonExampleMap.FirstPersonExampleMap_C' with ClassGeneratedBy '/Game/FirstPersonCPP/Maps/FirstPersonExampleMap.FirstPersonExampleMap:PersistentLevel.FirstPersonExampleMap'
[2019.12.10-02.46.51:142][843]LogPlayLevel: PlayLevel: No blueprints needed recompiling
[2019.12.10-02.46.51:143][843]PIE: New page: PIE session: FirstPersonExampleMap (Dec 9, 2019, 4:46:51 PM)
[2019.12.10-02.46.51:143][843]LogPlayLevel: Creating play world package: /Game/FirstPersonCPP/Maps/UEDPIE_0_FirstPersonExampleMap
[2019.12.10-02.46.51:150][843]LogPlayLevel: PIE: StaticDuplicateObject took: (0.007655s)
[2019.12.10-02.46.51:151][843]LogAIModule: Creating AISystem for world FirstPersonExampleMap
[2019.12.10-02.46.51:151][843]LogPlayLevel: PIE: World Init took: (0.000686s)
[2019.12.10-02.46.51:151][843]LogPlayLevel: PIE: Created PIE world by copying editor world from /Game/FirstPersonCPP/Maps/FirstPersonExampleMap.FirstPersonExampleMap to /Game/FirstPersonCPP/Maps/UEDPIE_0_FirstPersonExampleMap.FirstPersonExampleMap (0.008452s)
[2019.12.10-02.46.51:175][843]LogUObjectHash: Compacting FUObjectHashTables data took   0.78ms
[2019.12.10-02.46.51:200][843]LogInit: XAudio2 using 'Headphones (4- Arctis 7 Game)' : 2 channels at 48 kHz using 16 bits per sample (channel mask 0x3)
[2019.12.10-02.46.51:231][843]LogInit: FAudioDevice initialized.
[2019.12.10-02.46.51:262][843]LogLoad: Game class is 'final_sampleGameMode'
[2019.12.10-02.46.51:268][843]LogWorld: Bringing World /Game/FirstPersonCPP/Maps/UEDPIE_0_FirstPersonExampleMap.FirstPersonExampleMap up for play (max tick rate 0) at 2019.12.09-21.46.51
[2019.12.10-02.46.51:268][843]LogWorld: Bringing up level for play took: 0.004262
[2019.12.10-02.46.51:285][843]PIE: Play in editor start time for /Game/FirstPersonCPP/Maps/UEDPIE_0_FirstPersonExampleMap 0.021
[2019.12.10-02.46.51:285][843]LogBlueprintUserMessages: Late PlayInEditor Detection: Level '/Game/FirstPersonCPP/Maps/FirstPersonExampleMap.FirstPersonExampleMap:PersistentLevel' has LevelScriptBlueprint '/Game/FirstPersonCPP/Maps/FirstPersonExampleMap.FirstPersonExampleMap:PersistentLevel.FirstPersonExampleMap' with GeneratedClass '/Game/FirstPersonCPP/Maps/FirstPersonExampleMap.FirstPersonExampleMap_C' with ClassGeneratedBy '/Game/FirstPersonCPP/Maps/FirstPersonExampleMap.FirstPersonExampleMap:PersistentLevel.FirstPersonExampleMap'
[2019.12.10-02.46.54:625][238]LogBlueprintUserMessages: Early EndPlayMap Detection: Level '/Game/FirstPersonCPP/Maps/FirstPersonExampleMap.FirstPersonExampleMap:PersistentLevel' has LevelScriptBlueprint '/Game/FirstPersonCPP/Maps/FirstPersonExampleMap.FirstPersonExampleMap:PersistentLevel.FirstPersonExampleMap' with GeneratedClass '/Game/FirstPersonCPP/Maps/FirstPersonExampleMap.FirstPersonExampleMap_C' with ClassGeneratedBy '/Game/FirstPersonCPP/Maps/FirstPersonExampleMap.FirstPersonExampleMap:PersistentLevel.FirstPersonExampleMap'
[2019.12.10-02.46.54:626][238]LogSlate: Updating window title bar state: overlay mode, drag disabled, window buttons hidden, title bar hidden
[2019.12.10-02.46.54:657][238]LogPlayLevel: Display: Shutting down PIE online subsystems
[2019.12.10-02.46.54:658][238]LogBlueprintUserMessages: Late EndPlayMap Detection: Level '/Game/FirstPersonCPP/Maps/FirstPersonExampleMap.FirstPersonExampleMap:PersistentLevel' has LevelScriptBlueprint '/Game/FirstPersonCPP/Maps/FirstPersonExampleMap.FirstPersonExampleMap:PersistentLevel.FirstPersonExampleMap' with GeneratedClass '/Game/FirstPersonCPP/Maps/FirstPersonExampleMap.FirstPersonExampleMap_C' with ClassGeneratedBy '/Game/FirstPersonCPP/Maps/FirstPersonExampleMap.FirstPersonExampleMap:PersistentLevel.FirstPersonExampleMap'
[2019.12.10-02.46.54:696][238]LogSlate: Updating window title bar state: overlay mode, drag disabled, window buttons hidden, title bar hidden
[2019.12.10-02.46.54:699][238]LogUObjectHash: Compacting FUObjectHashTables data took   0.89ms
[2019.12.10-02.46.54:733][240]LogPlayLevel: Display: Destroying online subsystem :Context_9
[2019.12.10-02.55.17:210][813]LogHotReload: New module detected: UE4Editor-final_sample-0013.dll
[2019.12.10-02.55.18:909][819]LogHotReload: Starting Hot-Reload from IDE
[2019.12.10-02.55.18:951][819]LogUObjectHash: Compacting FUObjectHashTables data took   0.61ms
[2019.12.10-02.55.18:958][819]LogClass: Could not find existing class HealKit in package /Script/final_sample for HotReload, assuming new class
[2019.12.10-02.55.18:958][819]LogClass: Function Heal is new.
[2019.12.10-02.55.21:707][819]LogWindows: Error: === Critical error: ===
[2019.12.10-02.55.21:707][819]LogWindows: Error: 
[2019.12.10-02.55.21:707][819]LogWindows: Error: Fatal error!
[2019.12.10-02.55.21:707][819]LogWindows: Error: 
[2019.12.10-02.55.21:707][819]LogWindows: Error: Unhandled Exception: EXCEPTION_ACCESS_VIOLATION reading address 0x00000858
[2019.12.10-02.55.21:707][819]LogWindows: Error: 
[2019.12.10-02.55.21:707][819]LogWindows: Error: [Callstack] 0x00007ffded4e8a51 UE4Editor-final_sample-0013.dll!AHealKit::AHealKit() [b:\unreal projects\ge3_final-exam\final_sample\source\final_sample\healkit.cpp:20]
[2019.12.10-02.55.21:707][819]LogWindows: Error: [Callstack] 0x00007ffd9f42610f UE4Editor-CoreUObject.dll!UnknownFunction []
[2019.12.10-02.55.21:707][819]LogWindows: Error: [Callstack] 0x00007ffd9f661056 UE4Editor-CoreUObject.dll!UnknownFunction []
[2019.12.10-02.55.21:707][819]LogWindows: Error: [Callstack] 0x00007ffd9f64edef UE4Editor-CoreUObject.dll!UnknownFunction []
[2019.12.10-02.55.21:707][819]LogWindows: Error: [Callstack] 0x00007ffd9f42a727 UE4Editor-CoreUObject.dll!UnknownFunction []
[2019.12.10-02.55.21:707][819]LogWindows: Error: [Callstack] 0x00007ffd9f9f4a2b UE4Editor-Core.dll!UnknownFunction []
[2019.12.10-02.55.21:707][819]LogWindows: Error: [Callstack] 0x00007ffd9fbc5cb5 UE4Editor-Core.dll!UnknownFunction []
[2019.12.10-02.55.21:707][819]LogWindows: Error: [Callstack] 0x00007ffd9fbc5053 UE4Editor-Core.dll!UnknownFunction []
[2019.12.10-02.55.21:707][819]LogWindows: Error: [Callstack] 0x00007ffd854adf69 UE4Editor-HotReload.dll!UnknownFunction []
[2019.12.10-02.55.21:707][819]LogWindows: Error: [Callstack] 0x00007ffd854adc4e UE4Editor-HotReload.dll!UnknownFunction []
[2019.12.10-02.55.21:707][819]LogWindows: Error: [Callstack] 0x00007ffd854bc8f1 UE4Editor-HotReload.dll!UnknownFunction []
[2019.12.10-02.55.21:707][819]LogWindows: Error: [Callstack] 0x00007ffd9f9908ba UE4Editor-Core.dll!UnknownFunction []
[2019.12.10-02.55.21:707][819]LogWindows: Error: [Callstack] 0x00007ff7659392d2 UE4Editor.exe!UnknownFunction []
[2019.12.10-02.55.21:707][819]LogWindows: Error: [Callstack] 0x00007ff76594554c UE4Editor.exe!UnknownFunction []
[2019.12.10-02.55.21:707][819]LogWindows: Error: [Callstack] 0x00007ff7659455ca UE4Editor.exe!UnknownFunction []
[2019.12.10-02.55.21:707][819]LogWindows: Error: [Callstack] 0x00007ff76595316c UE4Editor.exe!UnknownFunction []
[2019.12.10-02.55.21:707][819]LogWindows: Error: [Callstack] 0x00007ff765955b8e UE4Editor.exe!UnknownFunction []
[2019.12.10-02.55.21:707][819]LogWindows: Error: [Callstack] 0x00007ffdfe387bd4 KERNEL32.DLL!UnknownFunction []
[2019.12.10-02.55.21:707][819]LogWindows: Error: [Callstack] 0x00007ffe0030ced1 ntdll.dll!UnknownFunction []
[2019.12.10-02.55.21:707][819]LogWindows: Error: 
[2019.12.10-02.55.21:715][819]LogExit: Executing StaticShutdownAfterError
[2019.12.10-02.55.21:729][819]LogWindows: FPlatformMisc::RequestExit(1)
[2019.12.10-02.55.21:732][819]Log file closed, 12/09/19 21:55:21
