Log file open, 12/09/19 21:58:19
LogWindows: Failed to load 'aqProf.dll' (GetLastError=126)
LogWindows: File 'aqProf.dll' does not exist
LogWindows: Failed to load 'VtuneApi.dll' (GetLastError=126)
LogWindows: File 'VtuneApi.dll' does not exist
LogWindows: Failed to load 'VtuneApi32e.dll' (GetLastError=126)
LogWindows: File 'VtuneApi32e.dll' does not exist
LogConsoleResponse: Display: Failed to find resolution value strings in scalability ini. Falling back to default.
LogInit: Display: Running engine for game: final_sample
LogPakFile: Registered encryption key '00000000000000000000000000000000': 0 pak files mounted, 0 remain pending
LogPlatformFile: Not using cached read wrapper
LogTaskGraph: Started task graph with 5 named threads and 35 total threads with 3 sets of task threads.
LogStats: Stats thread started at 0.415662
LogD3D11RHI: Loaded GFSDK_Aftermath_Lib.x64.dll
LogICUInternationalization: ICU TimeZone Detection - Raw Offset: -5:00, Platform Override: ''
LogPluginManager: Mounting plugin Paper2D
LogPluginManager: Mounting plugin AISupport
LogPluginManager: Mounting plugin LightPropagationVolume
LogPluginManager: Mounting plugin ActorLayerUtilities
LogPluginManager: Mounting plugin AnimationSharing
LogPluginManager: Mounting plugin CLionSourceCodeAccess
LogPluginManager: Mounting plugin CodeLiteSourceCodeAccess
LogPluginManager: Mounting plugin GitSourceControl
LogPluginManager: Mounting plugin KDevelopSourceCodeAccess
LogPluginManager: Mounting plugin NullSourceCodeAccess
LogPluginManager: Mounting plugin PerforceSourceControl
LogPluginManager: Mounting plugin SubversionSourceControl
LogPluginManager: Mounting plugin UObjectPlugin
LogPluginManager: Mounting plugin VisualStudioCodeSourceCodeAccess
LogPluginManager: Mounting plugin VisualStudioSourceCodeAccess
LogPluginManager: Mounting plugin XCodeSourceCodeAccess
LogPluginManager: Mounting plugin AssetManagerEditor
LogPluginManager: Mounting plugin CryptoKeys
LogPluginManager: Mounting plugin DataValidation
LogPluginManager: Mounting plugin FacialAnimation
LogPluginManager: Mounting plugin GameplayTagsEditor
LogPluginManager: Mounting plugin MacGraphicsSwitching
LogPluginManager: Mounting plugin MaterialAnalyzer
LogPluginManager: Mounting plugin MobileLauncherProfileWizard
LogPluginManager: Mounting plugin PluginBrowser
LogPluginManager: Mounting plugin SpeedTreeImporter
LogPluginManager: Mounting plugin DatasmithContent
LogPluginManager: Mounting plugin VariantManagerContent
LogPluginManager: Mounting plugin AlembicImporter
LogPluginManager: Mounting plugin AppleImageUtils
LogPluginManager: Mounting plugin AppleVision
LogPluginManager: Mounting plugin BackChannel
LogPluginManager: Mounting plugin CharacterAI
LogPluginManager: Mounting plugin GeometryCache
LogPluginManager: Mounting plugin HTML5Networking
LogPluginManager: Mounting plugin ProxyLODPlugin
LogPluginManager: Mounting plugin SkeletalReduction
LogPluginManager: Mounting plugin MagicLeap
LogPluginManager: Mounting plugin MagicLeapMedia
LogPluginManager: Mounting plugin AndroidMedia
LogPluginManager: Mounting plugin AvfMedia
LogPluginManager: Mounting plugin ImgMedia
LogPluginManager: Mounting plugin LinearTimecode
LogPluginManager: Mounting plugin MediaCompositing
LogPluginManager: Mounting plugin MediaPlayerEditor
LogPluginManager: Mounting plugin WebMMedia
LogPluginManager: Mounting plugin WmfMedia
LogPluginManager: Mounting plugin TcpMessaging
LogPluginManager: Mounting plugin UdpMessaging
LogPluginManager: Mounting plugin ActorSequence
LogPluginManager: Mounting plugin LevelSequenceEditor
LogPluginManager: Mounting plugin MatineeToLevelSequence
LogPluginManager: Mounting plugin NetcodeUnitTest
LogPluginManager: Mounting plugin NUTUnrealEngine4
LogPluginManager: Mounting plugin OnlineSubsystemGooglePlay
LogPluginManager: Mounting plugin OnlineSubsystemIOS
LogPluginManager: Mounting plugin OnlineSubsystem
LogPluginManager: Mounting plugin OnlineSubsystemNull
LogPluginManager: Mounting plugin OnlineSubsystemUtils
LogPluginManager: Mounting plugin LauncherChunkInstaller
LogPluginManager: Mounting plugin AndroidDeviceProfileSelector
LogPluginManager: Mounting plugin AndroidMoviePlayer
LogPluginManager: Mounting plugin AndroidPermission
LogPluginManager: Mounting plugin AppleMoviePlayer
LogPluginManager: Mounting plugin ArchVisCharacter
LogPluginManager: Mounting plugin AudioCapture
LogPluginManager: Mounting plugin CableComponent
LogPluginManager: Mounting plugin CustomMeshComponent
LogPluginManager: Mounting plugin EditableMesh
LogPluginManager: Mounting plugin ExampleDeviceProfileSelector
LogPluginManager: Mounting plugin Firebase
LogPluginManager: Mounting plugin GoogleCloudMessaging
LogPluginManager: Mounting plugin IOSDeviceProfileSelector
LogPluginManager: Mounting plugin LinuxDeviceProfileSelector
LogPluginManager: Mounting plugin LocationServicesBPLibrary
LogPluginManager: Mounting plugin MobilePatchingUtils
LogPluginManager: Mounting plugin OculusVR
LogPluginManager: Mounting plugin PhysXVehicles
LogPluginManager: Mounting plugin ProceduralMeshComponent
LogPluginManager: Mounting plugin RuntimePhysXCooking
LogPluginManager: Mounting plugin SignificanceManager
LogPluginManager: Mounting plugin SteamVR
LogPluginManager: Mounting plugin WebMMoviePlayer
LogPluginManager: Mounting plugin WindowsMoviePlayer
LogInit: Using libcurl 7.55.1-DEV
LogInit:  - built for x86_64-pc-win32
LogInit:  - supports SSL with OpenSSL/1.1.1
LogInit:  - supports HTTP deflate (compression) using libz 1.2.8
LogInit:  - other features:
LogInit:      CURL_VERSION_SSL
LogInit:      CURL_VERSION_LIBZ
LogInit:      CURL_VERSION_IPV6
LogInit:      CURL_VERSION_ASYNCHDNS
LogInit:      CURL_VERSION_LARGEFILE
LogInit:      CURL_VERSION_IDN
LogInit:  CurlRequestOptions (configurable via config and command line):
LogInit:  - bVerifyPeer = true  - Libcurl will verify peer certificate
LogInit:  - bUseHttpProxy = false  - Libcurl will NOT use HTTP proxy
LogInit:  - bDontReuseConnections = false  - Libcurl will reuse connections
LogInit:  - MaxHostConnections = 16  - Libcurl will limit the number of connections to a host
LogInit:  - LocalHostAddr = Default
LogInit:  - BufferSize = 65536
LogInit: WinSock: version 1.1 (2.2), MaxSocks=32767, MaxUdp=65467
LogInit: Build: ++UE4+Release-4.22-CL-7053642
LogInit: Engine Version: 4.22.3-7053642+++UE4+Release-4.22
LogInit: Compatible Engine Version: 4.22.0-5660361+++UE4+Release-4.22
LogInit: Net CL: 5660361
LogInit: OS: Windows 10 (Release 1903) (), CPU: Intel(R) Core(TM) i7-8700K CPU @ 3.70GHz, GPU: NVIDIA GeForce GTX 1080 Ti
LogInit: Compiled (64-bit): Jun 18 2019 03:09:11
LogInit: Compiled with Visual C++: 19.16.27025.01
LogInit: Build Configuration: Development
LogInit: Branch Name: ++UE4+Release-4.22
LogInit: Command Line:  -skipcompile
LogInit: Base Directory: C:/Program Files/Epic Games/UE_4.22/Engine/Binaries/Win64/
LogInit: Installed Engine Build: 1
LogDevObjectVersion: Number of dev versions registered: 23
LogDevObjectVersion:   Dev-Blueprints (B0D832E4-1F89-4F0D-ACCF-7EB736FD4AA2): 10
LogDevObjectVersion:   Dev-Build (E1C64328-A22C-4D53-A36C-8E866417BD8C): 0
LogDevObjectVersion:   Dev-Core (375EC13C-06E4-48FB-B500-84F0262A717E): 3
LogDevObjectVersion:   Dev-Editor (E4B068ED-F494-42E9-A231-DA0B2E46BB41): 30
LogDevObjectVersion:   Dev-Framework (CFFC743F-43B0-4480-9391-14DF171D2073): 35
LogDevObjectVersion:   Dev-Mobile (B02B49B5-BB20-44E9-A304-32B752E40360): 2
LogDevObjectVersion:   Dev-Networking (A4E4105C-59A1-49B5-A7C5-40C4547EDFEE): 0
LogDevObjectVersion:   Dev-Online (39C831C9-5AE6-47DC-9A44-9C173E1C8E7C): 0
LogDevObjectVersion:   Dev-Physics (78F01B33-EBEA-4F98-B9B4-84EACCB95AA2): 0
LogDevObjectVersion:   Dev-Platform (6631380F-2D4D-43E0-8009-CF276956A95A): 0
LogDevObjectVersion:   Dev-Rendering (12F88B9F-8875-4AFC-A67C-D90C383ABD29): 28
LogDevObjectVersion:   Dev-Sequencer (7B5AE74C-D270-4C10-A958-57980B212A5A): 11
LogDevObjectVersion:   Dev-VR (D7296918-1DD6-4BDD-9DE2-64A83CC13884): 2
LogDevObjectVersion:   Dev-LoadTimes (C2A15278-BFE7-4AFE-6C17-90FF531DF755): 1
LogDevObjectVersion:   Private-Geometry (6EACA3D4-40EC-4CC1-B786-8BED09428FC5): 3
LogDevObjectVersion:   Dev-AnimPhys (29E575DD-E0A3-4627-9D10-D276232CDCEA): 17
LogDevObjectVersion:   Dev-Anim (AF43A65D-7FD3-4947-9873-3E8ED9C1BB05): 2
LogDevObjectVersion:   Dev-ReflectionCapture (6B266CEC-1EC7-4B8F-A30B-E4D90942FC07): 1
LogDevObjectVersion:   Dev-Automation (0DF73D61-A23F-47EA-B727-89E90C41499A): 1
LogDevObjectVersion:   FortniteMain (601D1886-AC64-4F84-AA16-D3DE0DEAC7D6): 25
LogDevObjectVersion:   Dev-Enterprise (9DFFBCD6-494F-0158-E221-12823C92A888): 6
LogDevObjectVersion:   Dev-Niagara (F2AED0AC-9AFE-416F-8664-AA7FFA26D6FC): 1
LogDevObjectVersion:   Dev-Destruction (174F1F0B-B4C6-45A5-B13F-2EE8D0FB917D): 2
LogInit: Presizing for max 16777216 objects, including 0 objects not considered by GC, pre-allocating 0 bytes for permanent pool.
LogInit: Object subsystem initialized
LogConfig: Setting CVar [[con.DebugEarlyDefault:1]]
LogConfig: Setting CVar [[r.setres:1280x720]]
[2019.12.10-02.58.19:502][  0]LogConfig: Setting CVar [[r.VSync:0]]
[2019.12.10-02.58.19:502][  0]LogConfig: Setting CVar [[r.RHICmdBypass:0]]
[2019.12.10-02.58.19:502][  0]LogConfig: Applying CVar settings from Section [/Script/Engine.RendererSettings] File [B:/Unreal Projects/GE3_Final-Exam/final_sample/Saved/Config/Windows/Engine.ini]
[2019.12.10-02.58.19:502][  0]LogConfig: Setting CVar [[r.GPUCrashDebugging:0]]
[2019.12.10-02.58.19:502][  0]LogConfig: Applying CVar settings from Section [/Script/Engine.RendererOverrideSettings] File [B:/Unreal Projects/GE3_Final-Exam/final_sample/Saved/Config/Windows/Engine.ini]
[2019.12.10-02.58.19:502][  0]LogConfig: Applying CVar settings from Section [/Script/Engine.StreamingSettings] File [B:/Unreal Projects/GE3_Final-Exam/final_sample/Saved/Config/Windows/Engine.ini]
[2019.12.10-02.58.19:502][  0]LogConfig: Setting CVar [[s.MinBulkDataSizeForAsyncLoading:131072]]
[2019.12.10-02.58.19:502][  0]LogConfig: Setting CVar [[s.AsyncLoadingThreadEnabled:0]]
[2019.12.10-02.58.19:502][  0]LogConfig: Setting CVar [[s.EventDrivenLoaderEnabled:1]]
[2019.12.10-02.58.19:502][  0]LogConfig: Setting CVar [[s.WarnIfTimeLimitExceeded:0]]
[2019.12.10-02.58.19:502][  0]LogConfig: Setting CVar [[s.TimeLimitExceededMultiplier:1.5]]
[2019.12.10-02.58.19:502][  0]LogConfig: Setting CVar [[s.TimeLimitExceededMinTime:0.005]]
[2019.12.10-02.58.19:502][  0]LogConfig: Setting CVar [[s.UseBackgroundLevelStreaming:1]]
[2019.12.10-02.58.19:502][  0]LogConfig: Setting CVar [[s.PriorityAsyncLoadingExtraTime:15.0]]
[2019.12.10-02.58.19:502][  0]LogConfig: Setting CVar [[s.LevelStreamingActorsUpdateTimeLimit:5.0]]
[2019.12.10-02.58.19:502][  0]LogConfig: Setting CVar [[s.PriorityLevelStreamingActorsUpdateExtraTime:5.0]]
[2019.12.10-02.58.19:502][  0]LogConfig: Setting CVar [[s.LevelStreamingComponentsRegistrationGranularity:10]]
[2019.12.10-02.58.19:503][  0]LogConfig: Setting CVar [[s.UnregisterComponentsTimeLimit:1.0]]
[2019.12.10-02.58.19:503][  0]LogConfig: Setting CVar [[s.LevelStreamingComponentsUnregistrationGranularity:5]]
[2019.12.10-02.58.19:503][  0]LogConfig: Applying CVar settings from Section [/Script/Engine.GarbageCollectionSettings] File [B:/Unreal Projects/GE3_Final-Exam/final_sample/Saved/Config/Windows/Engine.ini]
[2019.12.10-02.58.19:503][  0]LogConfig: Setting CVar [[gc.MaxObjectsNotConsideredByGC:1]]
[2019.12.10-02.58.19:503][  0]LogConfig: Setting CVar [[gc.SizeOfPermanentObjectPool:0]]
[2019.12.10-02.58.19:503][  0]LogConfig: Setting CVar [[gc.FlushStreamingOnGC:0]]
[2019.12.10-02.58.19:503][  0]LogConfig: Setting CVar [[gc.NumRetriesBeforeForcingGC:10]]
[2019.12.10-02.58.19:503][  0]LogConfig: Setting CVar [[gc.AllowParallelGC:1]]
[2019.12.10-02.58.19:503][  0]LogConfig: Setting CVar [[gc.TimeBetweenPurgingPendingKillObjects:61.1]]
[2019.12.10-02.58.19:503][  0]LogConfig: Setting CVar [[gc.MaxObjectsInEditor:16777216]]
[2019.12.10-02.58.19:503][  0]LogConfig: Setting CVar [[gc.IncrementalBeginDestroyEnabled:1]]
[2019.12.10-02.58.19:503][  0]LogConfig: Setting CVar [[gc.CreateGCClusters:1]]
[2019.12.10-02.58.19:503][  0]LogConfig: Setting CVar [[gc.MinGCClusterSize:5]]
[2019.12.10-02.58.19:503][  0]LogConfig: Setting CVar [[gc.ActorClusteringEnabled:0]]
[2019.12.10-02.58.19:503][  0]LogConfig: Setting CVar [[gc.BlueprintClusteringEnabled:0]]
[2019.12.10-02.58.19:503][  0]LogConfig: Setting CVar [[gc.UseDisregardForGCOnDedicatedServers:0]]
[2019.12.10-02.58.19:503][  0]LogConfig: Applying CVar settings from Section [/Script/Engine.NetworkSettings] File [B:/Unreal Projects/GE3_Final-Exam/final_sample/Saved/Config/Windows/Engine.ini]
[2019.12.10-02.58.19:503][  0]LogConfig: Applying CVar settings from Section [/Script/UnrealEd.CookerSettings] File [B:/Unreal Projects/GE3_Final-Exam/final_sample/Saved/Config/Windows/Engine.ini]
[2019.12.10-02.58.19:507][  0]LogConfig: Applying CVar settings from Section [ViewDistanceQuality@3] File [B:/Unreal Projects/GE3_Final-Exam/final_sample/Saved/Config/Windows/Scalability.ini]
[2019.12.10-02.58.19:507][  0]LogConfig: Setting CVar [[r.SkeletalMeshLODBias:0]]
[2019.12.10-02.58.19:507][  0]LogConfig: Setting CVar [[r.ViewDistanceScale:1.0]]
[2019.12.10-02.58.19:507][  0]LogConfig: Applying CVar settings from Section [AntiAliasingQuality@3] File [B:/Unreal Projects/GE3_Final-Exam/final_sample/Saved/Config/Windows/Scalability.ini]
[2019.12.10-02.58.19:507][  0]LogConfig: Setting CVar [[r.PostProcessAAQuality:4]]
[2019.12.10-02.58.19:507][  0]LogConfig: Applying CVar settings from Section [ShadowQuality@3] File [B:/Unreal Projects/GE3_Final-Exam/final_sample/Saved/Config/Windows/Scalability.ini]
[2019.12.10-02.58.19:507][  0]LogConfig: Setting CVar [[r.LightFunctionQuality:1]]
[2019.12.10-02.58.19:507][  0]LogConfig: Setting CVar [[r.ShadowQuality:5]]
[2019.12.10-02.58.19:507][  0]LogConfig: Setting CVar [[r.Shadow.CSM.MaxCascades:10]]
[2019.12.10-02.58.19:507][  0]LogConfig: Setting CVar [[r.Shadow.MaxResolution:2048]]
[2019.12.10-02.58.19:507][  0]LogConfig: Setting CVar [[r.Shadow.MaxCSMResolution:2048]]
[2019.12.10-02.58.19:507][  0]LogConfig: Setting CVar [[r.Shadow.RadiusThreshold:0.01]]
[2019.12.10-02.58.19:507][  0]LogConfig: Setting CVar [[r.Shadow.DistanceScale:1.0]]
[2019.12.10-02.58.19:507][  0]LogConfig: Setting CVar [[r.Shadow.CSM.TransitionScale:1.0]]
[2019.12.10-02.58.19:507][  0]LogConfig: Setting CVar [[r.Shadow.PreShadowResolutionFactor:1.0]]
[2019.12.10-02.58.19:507][  0]LogConfig: Setting CVar [[r.DistanceFieldShadowing:1]]
[2019.12.10-02.58.19:507][  0]LogConfig: Setting CVar [[r.DistanceFieldAO:1]]
[2019.12.10-02.58.19:507][  0]LogConfig: Setting CVar [[r.AOQuality:2]]
[2019.12.10-02.58.19:507][  0]LogConfig: Setting CVar [[r.VolumetricFog:1]]
[2019.12.10-02.58.19:507][  0]LogConfig: Setting CVar [[r.VolumetricFog.GridPixelSize:8]]
[2019.12.10-02.58.19:507][  0]LogConfig: Setting CVar [[r.VolumetricFog.GridSizeZ:128]]
[2019.12.10-02.58.19:507][  0]LogConfig: Setting CVar [[r.VolumetricFog.HistoryMissSupersampleCount:4]]
[2019.12.10-02.58.19:507][  0]LogConfig: Setting CVar [[r.LightMaxDrawDistanceScale:1]]
[2019.12.10-02.58.19:507][  0]LogConfig: Setting CVar [[r.CapsuleShadows:1]]
[2019.12.10-02.58.19:507][  0]LogConfig: Applying CVar settings from Section [PostProcessQuality@3] File [B:/Unreal Projects/GE3_Final-Exam/final_sample/Saved/Config/Windows/Scalability.ini]
[2019.12.10-02.58.19:507][  0]LogConfig: Setting CVar [[r.MotionBlurQuality:4]]
[2019.12.10-02.58.19:507][  0]LogConfig: Setting CVar [[r.AmbientOcclusionMipLevelFactor:0.4]]
[2019.12.10-02.58.19:507][  0]LogConfig: Setting CVar [[r.AmbientOcclusionMaxQuality:100]]
[2019.12.10-02.58.19:507][  0]LogConfig: Setting CVar [[r.AmbientOcclusionLevels:-1]]
[2019.12.10-02.58.19:507][  0]LogConfig: Setting CVar [[r.AmbientOcclusionRadiusScale:1.0]]
[2019.12.10-02.58.19:507][  0]LogConfig: Setting CVar [[r.DepthOfFieldQuality:2]]
[2019.12.10-02.58.19:507][  0]LogConfig: Setting CVar [[r.RenderTargetPoolMin:400]]
[2019.12.10-02.58.19:507][  0]LogConfig: Setting CVar [[r.LensFlareQuality:2]]
[2019.12.10-02.58.19:507][  0]LogConfig: Setting CVar [[r.SceneColorFringeQuality:1]]
[2019.12.10-02.58.19:507][  0]LogConfig: Setting CVar [[r.EyeAdaptationQuality:2]]
[2019.12.10-02.58.19:507][  0]LogConfig: Setting CVar [[r.BloomQuality:5]]
[2019.12.10-02.58.19:507][  0]LogConfig: Setting CVar [[r.FastBlurThreshold:100]]
[2019.12.10-02.58.19:507][  0]LogConfig: Setting CVar [[r.Upscale.Quality:3]]
[2019.12.10-02.58.19:507][  0]LogConfig: Setting CVar [[r.Tonemapper.GrainQuantization:1]]
[2019.12.10-02.58.19:507][  0]LogConfig: Setting CVar [[r.LightShaftQuality:1]]
[2019.12.10-02.58.19:507][  0]LogConfig: Setting CVar [[r.Filter.SizeScale:1]]
[2019.12.10-02.58.19:507][  0]LogConfig: Setting CVar [[r.Tonemapper.Quality:5]]
[2019.12.10-02.58.19:507][  0]LogConfig: Setting CVar [[r.DOF.Gather.AccumulatorQuality:1        ; higher gathering accumulator quality]]
[2019.12.10-02.58.19:507][  0]LogConfig: Setting CVar [[r.DOF.Gather.PostfilterMethod:1          ; Median3x3 postfilering method]]
[2019.12.10-02.58.19:507][  0]LogConfig: Setting CVar [[r.DOF.Gather.EnableBokehSettings:0       ; no bokeh simulation when gathering]]
[2019.12.10-02.58.19:507][  0]LogConfig: Setting CVar [[r.DOF.Gather.RingCount:4                 ; medium number of samples when gathering]]
[2019.12.10-02.58.19:507][  0]LogConfig: Setting CVar [[r.DOF.Scatter.ForegroundCompositing:1    ; additive foreground scattering]]
[2019.12.10-02.58.19:507][  0]LogConfig: Setting CVar [[r.DOF.Scatter.BackgroundCompositing:2    ; additive background scattering]]
[2019.12.10-02.58.19:507][  0]LogConfig: Setting CVar [[r.DOF.Scatter.EnableBokehSettings:1      ; bokeh simulation when scattering]]
[2019.12.10-02.58.19:507][  0]LogConfig: Setting CVar [[r.DOF.Scatter.MaxSpriteRatio:0.1         ; only a maximum of 10% of scattered bokeh]]
[2019.12.10-02.58.19:507][  0]LogConfig: Setting CVar [[r.DOF.Recombine.Quality:1                ; cheap slight out of focus]]
[2019.12.10-02.58.19:507][  0]LogConfig: Setting CVar [[r.DOF.Recombine.EnableBokehSettings:0    ; no bokeh simulation on slight out of focus]]
[2019.12.10-02.58.19:508][  0]LogConfig: Setting CVar [[r.DOF.TemporalAAQuality:1                ; more stable temporal accumulation]]
[2019.12.10-02.58.19:508][  0]LogConfig: Setting CVar [[r.DOF.Kernel.MaxForegroundRadius:0.025]]
[2019.12.10-02.58.19:508][  0]LogConfig: Setting CVar [[r.DOF.Kernel.MaxBackgroundRadius:0.025]]
[2019.12.10-02.58.19:508][  0]LogConfig: Applying CVar settings from Section [TextureQuality@3] File [B:/Unreal Projects/GE3_Final-Exam/final_sample/Saved/Config/Windows/Scalability.ini]
[2019.12.10-02.58.19:508][  0]LogConfig: Setting CVar [[r.Streaming.MipBias:0]]
[2019.12.10-02.58.19:508][  0]LogConfig: Setting CVar [[r.Streaming.AmortizeCPUToGPUCopy:0]]
[2019.12.10-02.58.19:508][  0]LogConfig: Setting CVar [[r.Streaming.MaxNumTexturesToStreamPerFrame:0]]
[2019.12.10-02.58.19:508][  0]LogConfig: Setting CVar [[r.Streaming.Boost:1]]
[2019.12.10-02.58.19:508][  0]LogConfig: Setting CVar [[r.MaxAnisotropy:8]]
[2019.12.10-02.58.19:508][  0]LogConfig: Setting CVar [[r.Streaming.LimitPoolSizeToVRAM:0]]
[2019.12.10-02.58.19:508][  0]LogConfig: Setting CVar [[r.Streaming.PoolSize:1000]]
[2019.12.10-02.58.19:508][  0]LogConfig: Setting CVar [[r.Streaming.MaxEffectiveScreenSize:0]]
[2019.12.10-02.58.19:508][  0]LogConfig: Applying CVar settings from Section [EffectsQuality@3] File [B:/Unreal Projects/GE3_Final-Exam/final_sample/Saved/Config/Windows/Scalability.ini]
[2019.12.10-02.58.19:508][  0]LogConfig: Setting CVar [[r.TranslucencyLightingVolumeDim:64]]
[2019.12.10-02.58.19:508][  0]LogConfig: Setting CVar [[r.RefractionQuality:2]]
[2019.12.10-02.58.19:508][  0]LogConfig: Setting CVar [[r.SSR.Quality:3]]
[2019.12.10-02.58.19:508][  0]LogConfig: Setting CVar [[r.SceneColorFormat:4]]
[2019.12.10-02.58.19:508][  0]LogConfig: Setting CVar [[r.DetailMode:2]]
[2019.12.10-02.58.19:508][  0]LogConfig: Setting CVar [[r.TranslucencyVolumeBlur:1]]
[2019.12.10-02.58.19:508][  0]LogConfig: Setting CVar [[r.MaterialQualityLevel:1 ; High quality]]
[2019.12.10-02.58.19:508][  0]LogConfig: Setting CVar [[r.SSS.Scale:1]]
[2019.12.10-02.58.19:508][  0]LogConfig: Setting CVar [[r.SSS.SampleSet:2]]
[2019.12.10-02.58.19:508][  0]LogConfig: Setting CVar [[r.SSS.Quality:1]]
[2019.12.10-02.58.19:508][  0]LogConfig: Setting CVar [[r.SSS.HalfRes:1]]
[2019.12.10-02.58.19:508][  0]LogConfig: Setting CVar [[r.EmitterSpawnRateScale:1.0]]
[2019.12.10-02.58.19:508][  0]LogConfig: Setting CVar [[r.ParticleLightQuality:2]]
[2019.12.10-02.58.19:508][  0]LogConfig: Applying CVar settings from Section [FoliageQuality@3] File [B:/Unreal Projects/GE3_Final-Exam/final_sample/Saved/Config/Windows/Scalability.ini]
[2019.12.10-02.58.19:508][  0]LogConfig: Setting CVar [[foliage.DensityScale:1.0]]
[2019.12.10-02.58.19:508][  0]LogConfig: Setting CVar [[grass.DensityScale:1.0]]
[2019.12.10-02.58.19:508][  0]LogInit: Selected Device Profile: [Windows]
[2019.12.10-02.58.19:508][  0]LogInit: Applying CVar settings loaded from the selected device profile: [Windows]
[2019.12.10-02.58.19:516][  0]LogHAL: Display: Platform has ~ 16 GB [17125888000 / 17179869184 / 16], which maps to Larger [LargestMinGB=32, LargerMinGB=12, DefaultMinGB=8, SmallerMinGB=6, SmallestMinGB=0)
[2019.12.10-02.58.19:516][  0]LogConfig: Setting CVar [[r.Vulkan.UseRealUBs:0		; Required until we fix HLR fall-out]]
[2019.12.10-02.58.19:516][  0]LogInit: Going up to parent DeviceProfile []
[2019.12.10-02.58.19:516][  0]LogConfig: Applying CVar settings from Section [ViewDistanceQuality@3] File [B:/Unreal Projects/GE3_Final-Exam/final_sample/Saved/Config/Windows/Scalability.ini]
[2019.12.10-02.58.19:516][  0]LogConfig: Setting CVar [[r.SkeletalMeshLODBias:0]]
[2019.12.10-02.58.19:516][  0]LogConfig: Setting CVar [[r.ViewDistanceScale:1.0]]
[2019.12.10-02.58.19:516][  0]LogConfig: Applying CVar settings from Section [AntiAliasingQuality@3] File [B:/Unreal Projects/GE3_Final-Exam/final_sample/Saved/Config/Windows/Scalability.ini]
[2019.12.10-02.58.19:516][  0]LogConfig: Setting CVar [[r.PostProcessAAQuality:4]]
[2019.12.10-02.58.19:516][  0]LogConfig: Applying CVar settings from Section [ShadowQuality@3] File [B:/Unreal Projects/GE3_Final-Exam/final_sample/Saved/Config/Windows/Scalability.ini]
[2019.12.10-02.58.19:516][  0]LogConfig: Setting CVar [[r.LightFunctionQuality:1]]
[2019.12.10-02.58.19:516][  0]LogConfig: Setting CVar [[r.ShadowQuality:5]]
[2019.12.10-02.58.19:516][  0]LogConfig: Setting CVar [[r.Shadow.CSM.MaxCascades:10]]
[2019.12.10-02.58.19:516][  0]LogConfig: Setting CVar [[r.Shadow.MaxResolution:2048]]
[2019.12.10-02.58.19:516][  0]LogConfig: Setting CVar [[r.Shadow.MaxCSMResolution:2048]]
[2019.12.10-02.58.19:516][  0]LogConfig: Setting CVar [[r.Shadow.RadiusThreshold:0.01]]
[2019.12.10-02.58.19:516][  0]LogConfig: Setting CVar [[r.Shadow.DistanceScale:1.0]]
[2019.12.10-02.58.19:516][  0]LogConfig: Setting CVar [[r.Shadow.CSM.TransitionScale:1.0]]
[2019.12.10-02.58.19:516][  0]LogConfig: Setting CVar [[r.Shadow.PreShadowResolutionFactor:1.0]]
[2019.12.10-02.58.19:516][  0]LogConfig: Setting CVar [[r.DistanceFieldShadowing:1]]
[2019.12.10-02.58.19:516][  0]LogConfig: Setting CVar [[r.DistanceFieldAO:1]]
[2019.12.10-02.58.19:516][  0]LogConfig: Setting CVar [[r.AOQuality:2]]
[2019.12.10-02.58.19:516][  0]LogConfig: Setting CVar [[r.VolumetricFog:1]]
[2019.12.10-02.58.19:516][  0]LogConfig: Setting CVar [[r.VolumetricFog.GridPixelSize:8]]
[2019.12.10-02.58.19:516][  0]LogConfig: Setting CVar [[r.VolumetricFog.GridSizeZ:128]]
[2019.12.10-02.58.19:516][  0]LogConfig: Setting CVar [[r.VolumetricFog.HistoryMissSupersampleCount:4]]
[2019.12.10-02.58.19:516][  0]LogConfig: Setting CVar [[r.LightMaxDrawDistanceScale:1]]
[2019.12.10-02.58.19:516][  0]LogConfig: Setting CVar [[r.CapsuleShadows:1]]
[2019.12.10-02.58.19:516][  0]LogConfig: Applying CVar settings from Section [PostProcessQuality@3] File [B:/Unreal Projects/GE3_Final-Exam/final_sample/Saved/Config/Windows/Scalability.ini]
[2019.12.10-02.58.19:516][  0]LogConfig: Setting CVar [[r.MotionBlurQuality:4]]
[2019.12.10-02.58.19:516][  0]LogConfig: Setting CVar [[r.AmbientOcclusionMipLevelFactor:0.4]]
[2019.12.10-02.58.19:516][  0]LogConfig: Setting CVar [[r.AmbientOcclusionMaxQuality:100]]
[2019.12.10-02.58.19:516][  0]LogConfig: Setting CVar [[r.AmbientOcclusionLevels:-1]]
[2019.12.10-02.58.19:516][  0]LogConfig: Setting CVar [[r.AmbientOcclusionRadiusScale:1.0]]
[2019.12.10-02.58.19:516][  0]LogConfig: Setting CVar [[r.DepthOfFieldQuality:2]]
[2019.12.10-02.58.19:516][  0]LogConfig: Setting CVar [[r.RenderTargetPoolMin:400]]
[2019.12.10-02.58.19:516][  0]LogConfig: Setting CVar [[r.LensFlareQuality:2]]
[2019.12.10-02.58.19:516][  0]LogConfig: Setting CVar [[r.SceneColorFringeQuality:1]]
[2019.12.10-02.58.19:516][  0]LogConfig: Setting CVar [[r.EyeAdaptationQuality:2]]
[2019.12.10-02.58.19:516][  0]LogConfig: Setting CVar [[r.BloomQuality:5]]
[2019.12.10-02.58.19:516][  0]LogConfig: Setting CVar [[r.FastBlurThreshold:100]]
[2019.12.10-02.58.19:516][  0]LogConfig: Setting CVar [[r.Upscale.Quality:3]]
[2019.12.10-02.58.19:516][  0]LogConfig: Setting CVar [[r.Tonemapper.GrainQuantization:1]]
[2019.12.10-02.58.19:516][  0]LogConfig: Setting CVar [[r.LightShaftQuality:1]]
[2019.12.10-02.58.19:516][  0]LogConfig: Setting CVar [[r.Filter.SizeScale:1]]
[2019.12.10-02.58.19:516][  0]LogConfig: Setting CVar [[r.Tonemapper.Quality:5]]
[2019.12.10-02.58.19:516][  0]LogConfig: Setting CVar [[r.DOF.Gather.AccumulatorQuality:1        ; higher gathering accumulator quality]]
[2019.12.10-02.58.19:516][  0]LogConfig: Setting CVar [[r.DOF.Gather.PostfilterMethod:1          ; Median3x3 postfilering method]]
[2019.12.10-02.58.19:516][  0]LogConfig: Setting CVar [[r.DOF.Gather.EnableBokehSettings:0       ; no bokeh simulation when gathering]]
[2019.12.10-02.58.19:516][  0]LogConfig: Setting CVar [[r.DOF.Gather.RingCount:4                 ; medium number of samples when gathering]]
[2019.12.10-02.58.19:516][  0]LogConfig: Setting CVar [[r.DOF.Scatter.ForegroundCompositing:1    ; additive foreground scattering]]
[2019.12.10-02.58.19:516][  0]LogConfig: Setting CVar [[r.DOF.Scatter.BackgroundCompositing:2    ; additive background scattering]]
[2019.12.10-02.58.19:516][  0]LogConfig: Setting CVar [[r.DOF.Scatter.EnableBokehSettings:1      ; bokeh simulation when scattering]]
[2019.12.10-02.58.19:516][  0]LogConfig: Setting CVar [[r.DOF.Scatter.MaxSpriteRatio:0.1         ; only a maximum of 10% of scattered bokeh]]
[2019.12.10-02.58.19:516][  0]LogConfig: Setting CVar [[r.DOF.Recombine.Quality:1                ; cheap slight out of focus]]
[2019.12.10-02.58.19:516][  0]LogConfig: Setting CVar [[r.DOF.Recombine.EnableBokehSettings:0    ; no bokeh simulation on slight out of focus]]
[2019.12.10-02.58.19:516][  0]LogConfig: Setting CVar [[r.DOF.TemporalAAQuality:1                ; more stable temporal accumulation]]
[2019.12.10-02.58.19:516][  0]LogConfig: Setting CVar [[r.DOF.Kernel.MaxForegroundRadius:0.025]]
[2019.12.10-02.58.19:516][  0]LogConfig: Setting CVar [[r.DOF.Kernel.MaxBackgroundRadius:0.025]]
[2019.12.10-02.58.19:516][  0]LogConfig: Applying CVar settings from Section [TextureQuality@3] File [B:/Unreal Projects/GE3_Final-Exam/final_sample/Saved/Config/Windows/Scalability.ini]
[2019.12.10-02.58.19:516][  0]LogConfig: Setting CVar [[r.Streaming.MipBias:0]]
[2019.12.10-02.58.19:516][  0]LogConfig: Setting CVar [[r.Streaming.AmortizeCPUToGPUCopy:0]]
[2019.12.10-02.58.19:516][  0]LogConfig: Setting CVar [[r.Streaming.MaxNumTexturesToStreamPerFrame:0]]
[2019.12.10-02.58.19:516][  0]LogConfig: Setting CVar [[r.Streaming.Boost:1]]
[2019.12.10-02.58.19:516][  0]LogConfig: Setting CVar [[r.MaxAnisotropy:8]]
[2019.12.10-02.58.19:516][  0]LogConfig: Setting CVar [[r.Streaming.LimitPoolSizeToVRAM:0]]
[2019.12.10-02.58.19:516][  0]LogConfig: Setting CVar [[r.Streaming.PoolSize:1000]]
[2019.12.10-02.58.19:516][  0]LogConfig: Setting CVar [[r.Streaming.MaxEffectiveScreenSize:0]]
[2019.12.10-02.58.19:517][  0]LogConfig: Applying CVar settings from Section [EffectsQuality@3] File [B:/Unreal Projects/GE3_Final-Exam/final_sample/Saved/Config/Windows/Scalability.ini]
[2019.12.10-02.58.19:517][  0]LogConfig: Setting CVar [[r.TranslucencyLightingVolumeDim:64]]
[2019.12.10-02.58.19:517][  0]LogConfig: Setting CVar [[r.RefractionQuality:2]]
[2019.12.10-02.58.19:517][  0]LogConfig: Setting CVar [[r.SSR.Quality:3]]
[2019.12.10-02.58.19:517][  0]LogConfig: Setting CVar [[r.SceneColorFormat:4]]
[2019.12.10-02.58.19:517][  0]LogConfig: Setting CVar [[r.DetailMode:2]]
[2019.12.10-02.58.19:517][  0]LogConfig: Setting CVar [[r.TranslucencyVolumeBlur:1]]
[2019.12.10-02.58.19:517][  0]LogConfig: Setting CVar [[r.MaterialQualityLevel:1 ; High quality]]
[2019.12.10-02.58.19:517][  0]LogConfig: Setting CVar [[r.SSS.Scale:1]]
[2019.12.10-02.58.19:517][  0]LogConfig: Setting CVar [[r.SSS.SampleSet:2]]
[2019.12.10-02.58.19:517][  0]LogConfig: Setting CVar [[r.SSS.Quality:1]]
[2019.12.10-02.58.19:517][  0]LogConfig: Setting CVar [[r.SSS.HalfRes:1]]
[2019.12.10-02.58.19:517][  0]LogConfig: Setting CVar [[r.EmitterSpawnRateScale:1.0]]
[2019.12.10-02.58.19:517][  0]LogConfig: Setting CVar [[r.ParticleLightQuality:2]]
[2019.12.10-02.58.19:517][  0]LogConfig: Applying CVar settings from Section [FoliageQuality@3] File [B:/Unreal Projects/GE3_Final-Exam/final_sample/Saved/Config/Windows/Scalability.ini]
[2019.12.10-02.58.19:517][  0]LogConfig: Setting CVar [[foliage.DensityScale:1.0]]
[2019.12.10-02.58.19:517][  0]LogConfig: Setting CVar [[grass.DensityScale:1.0]]
[2019.12.10-02.58.19:517][  0]LogConfig: Applying CVar settings from Section [Startup] File [../../../Engine/Config/ConsoleVariables.ini]
[2019.12.10-02.58.19:517][  0]LogConfig: Setting CVar [[net.UseAdaptiveNetUpdateFrequency:0]]
[2019.12.10-02.58.19:517][  0]LogConfig: Setting CVar [[p.chaos.AllowCreatePhysxBodies:1]]
[2019.12.10-02.58.19:517][  0]LogConfig: Applying CVar settings from Section [ConsoleVariables] File [B:/Unreal Projects/GE3_Final-Exam/final_sample/Saved/Config/Windows/Engine.ini]
[2019.12.10-02.58.19:517][  0]LogInit: Computer: YUUKI-PC
[2019.12.10-02.58.19:517][  0]LogInit: User: Angeline
[2019.12.10-02.58.19:517][  0]LogInit: CPU Page size=4096, Cores=6
[2019.12.10-02.58.19:517][  0]LogInit: High frequency timer resolution =10.000000 MHz
[2019.12.10-02.58.19:517][  0]LogMemory: Memory total: Physical=15.9GB (16GB approx)
[2019.12.10-02.58.19:517][  0]LogMemory: Platform Memory Stats for Windows
[2019.12.10-02.58.19:517][  0]LogMemory: Process Physical Memory: 98.36 MB used, 98.37 MB peak
[2019.12.10-02.58.19:517][  0]LogMemory: Process Virtual Memory: 90.13 MB used, 90.13 MB peak
[2019.12.10-02.58.19:517][  0]LogMemory: Physical Memory: 7010.41 MB used,  9322.11 MB free, 16332.52 MB total
[2019.12.10-02.58.19:517][  0]LogMemory: Virtual Memory: 4660.45 MB used,  134213064.00 MB free, 134217728.00 MB total
[2019.12.10-02.58.19:534][  0]LogInit: Using OS detected language (en-US).
[2019.12.10-02.58.19:534][  0]LogInit: Using OS detected locale (en-US).
[2019.12.10-02.58.19:534][  0]LogTextLocalizationManager: No specific localization for 'en-US' exists, so the 'en' localization will be used.
[2019.12.10-02.58.19:654][  0]LogInit: Setting process to per monitor DPI aware
[2019.12.10-02.58.19:678][  0]LogSlate: New Slate User Created.  User Index 0, Is Virtual User: 0
[2019.12.10-02.58.19:678][  0]LogSlate: Slate User Registered.  User Index 0, Is Virtual User: 0
[2019.12.10-02.58.19:824][  0]LogHMD: Failed to initialize OpenVR with code 110
[2019.12.10-02.58.19:824][  0]LogD3D11RHI: D3D11 adapters:
[2019.12.10-02.58.19:882][  0]LogD3D11RHI:    0. 'NVIDIA GeForce GTX 1080 Ti' (Feature Level 11_0)
[2019.12.10-02.58.19:882][  0]LogD3D11RHI:       11127/0/8166 MB DedicatedVideo/DedicatedSystem/SharedSystem, Outputs:2, VendorId:0x10de
[2019.12.10-02.58.19:885][  0]LogD3D11RHI:    1. 'Microsoft Basic Render Driver' (Feature Level 11_0)
[2019.12.10-02.58.19:885][  0]LogD3D11RHI:       0/0/8166 MB DedicatedVideo/DedicatedSystem/SharedSystem, Outputs:0, VendorId:0x1414
[2019.12.10-02.58.19:885][  0]LogD3D11RHI: Chosen D3D11 Adapter: 0
[2019.12.10-02.58.19:898][  0]LogD3D11RHI: Creating new Direct3DDevice
[2019.12.10-02.58.19:898][  0]LogD3D11RHI:     GPU DeviceId: 0x1b06 (for the marketing name, search the web for "GPU Device Id")
[2019.12.10-02.58.19:898][  0]LogWindows: EnumDisplayDevices:
[2019.12.10-02.58.19:898][  0]LogWindows:    0. 'NVIDIA GeForce GTX 1080 Ti' (P:1 D:1)
[2019.12.10-02.58.19:898][  0]LogWindows:    1. 'NVIDIA GeForce GTX 1080 Ti' (P:0 D:1)
[2019.12.10-02.58.19:898][  0]LogWindows:    2. 'NVIDIA GeForce GTX 1080 Ti' (P:0 D:0)
[2019.12.10-02.58.19:899][  0]LogWindows:    3. 'NVIDIA GeForce GTX 1080 Ti' (P:0 D:0)
[2019.12.10-02.58.19:899][  0]LogWindows: DebugString: FoundDriverCount:4 
[2019.12.10-02.58.19:899][  0]LogD3D11RHI:     Adapter Name: NVIDIA GeForce GTX 1080 Ti
[2019.12.10-02.58.19:899][  0]LogD3D11RHI:   Driver Version: 430.86 (internal:26.21.14.3086, unified:430.86)
[2019.12.10-02.58.19:899][  0]LogD3D11RHI:      Driver Date: 5-22-2019
[2019.12.10-02.58.19:899][  0]LogRHI: Texture pool is 7788 MB (70% of 11127 MB)
[2019.12.10-02.58.19:943][  0]LogD3D11RHI: Async texture creation enabled
[2019.12.10-02.58.19:946][  0]LogRendererCore: FGlobalReadBuffer::InitRHI
[2019.12.10-02.58.19:947][  0]LogRendererCore: FGlobalReadBuffer::InitRHI
[2019.12.10-02.58.19:947][  0]LogRendererCore: FGlobalReadBuffer::InitRHI
[2019.12.10-02.58.19:955][  0]LogD3D11RHI: GPU Timing Frequency: 1000.000000 (Debug: 2 1)
[2019.12.10-02.58.20:430][  0]LogTemp: Display: Module 'AllDesktopTargetPlatform' loaded TargetPlatform 'AllDesktop'
[2019.12.10-02.58.20:441][  0]LogTemp: Display: Module 'MacClientTargetPlatform' loaded TargetPlatform 'MacClient'
[2019.12.10-02.58.20:452][  0]LogTemp: Display: Module 'MacNoEditorTargetPlatform' loaded TargetPlatform 'MacNoEditor'
[2019.12.10-02.58.20:463][  0]LogTemp: Display: Module 'MacServerTargetPlatform' loaded TargetPlatform 'MacServer'
[2019.12.10-02.58.20:475][  0]LogTemp: Display: Module 'MacTargetPlatform' loaded TargetPlatform 'Mac'
[2019.12.10-02.58.20:487][  0]LogTemp: Display: Module 'WindowsClientTargetPlatform' loaded TargetPlatform 'WindowsClient'
[2019.12.10-02.58.20:499][  0]LogTemp: Display: Module 'WindowsNoEditorTargetPlatform' loaded TargetPlatform 'WindowsNoEditor'
[2019.12.10-02.58.20:510][  0]LogTemp: Display: Module 'WindowsServerTargetPlatform' loaded TargetPlatform 'WindowsServer'
[2019.12.10-02.58.20:515][  0]LogTemp: Display: Module 'WindowsTargetPlatform' loaded TargetPlatform 'Windows'
[2019.12.10-02.58.20:579][  0]LogTemp: Display: Module 'AndroidTargetPlatform' loaded TargetPlatform 'Android'
[2019.12.10-02.58.20:579][  0]LogTemp: Display: Module 'AndroidTargetPlatform' loaded TargetPlatform 'Android_ASTC'
[2019.12.10-02.58.20:579][  0]LogTemp: Display: Module 'AndroidTargetPlatform' loaded TargetPlatform 'Android_ATC'
[2019.12.10-02.58.20:579][  0]LogTemp: Display: Module 'AndroidTargetPlatform' loaded TargetPlatform 'Android_DXT'
[2019.12.10-02.58.20:579][  0]LogTemp: Display: Module 'AndroidTargetPlatform' loaded TargetPlatform 'Android_ETC1'
[2019.12.10-02.58.20:580][  0]LogTemp: Display: Module 'AndroidTargetPlatform' loaded TargetPlatform 'Android_ETC1a'
[2019.12.10-02.58.20:580][  0]LogTemp: Display: Module 'AndroidTargetPlatform' loaded TargetPlatform 'Android_ETC2'
[2019.12.10-02.58.20:580][  0]LogTemp: Display: Module 'AndroidTargetPlatform' loaded TargetPlatform 'Android_PVRTC'
[2019.12.10-02.58.20:580][  0]LogTemp: Display: Module 'AndroidTargetPlatform' loaded TargetPlatform 'AndroidClient'
[2019.12.10-02.58.20:580][  0]LogTemp: Display: Module 'AndroidTargetPlatform' loaded TargetPlatform 'Android_ASTCClient'
[2019.12.10-02.58.20:580][  0]LogTemp: Display: Module 'AndroidTargetPlatform' loaded TargetPlatform 'Android_ATCClient'
[2019.12.10-02.58.20:580][  0]LogTemp: Display: Module 'AndroidTargetPlatform' loaded TargetPlatform 'Android_DXTClient'
[2019.12.10-02.58.20:580][  0]LogTemp: Display: Module 'AndroidTargetPlatform' loaded TargetPlatform 'Android_ETC1Client'
[2019.12.10-02.58.20:580][  0]LogTemp: Display: Module 'AndroidTargetPlatform' loaded TargetPlatform 'Android_ETC1aClient'
[2019.12.10-02.58.20:580][  0]LogTemp: Display: Module 'AndroidTargetPlatform' loaded TargetPlatform 'Android_ETC2Client'
[2019.12.10-02.58.20:580][  0]LogTemp: Display: Module 'AndroidTargetPlatform' loaded TargetPlatform 'Android_PVRTCClient'
[2019.12.10-02.58.20:580][  0]LogTemp: Display: Module 'AndroidTargetPlatform' loaded TargetPlatform 'Android_Multi'
[2019.12.10-02.58.20:580][  0]LogTemp: Display: Module 'AndroidTargetPlatform' loaded TargetPlatform 'Android_MultiClient'
[2019.12.10-02.58.20:582][  0]LogTemp: Display: Module 'HTML5TargetPlatform' loaded TargetPlatform 'HTML5'
[2019.12.10-02.58.20:625][  0]LogTemp: Display: Module 'IOSTargetPlatform' loaded TargetPlatform 'IOSClient'
[2019.12.10-02.58.20:625][  0]LogTemp: Display: Module 'IOSTargetPlatform' loaded TargetPlatform 'IOS'
[2019.12.10-02.58.20:644][  0]LogTemp: Display: Module 'TVOSTargetPlatform' loaded TargetPlatform 'TVOSClient'
[2019.12.10-02.58.20:644][  0]LogTemp: Display: Module 'TVOSTargetPlatform' loaded TargetPlatform 'TVOS'
[2019.12.10-02.58.20:653][  0]LogTemp: Display: Module 'LinuxClientTargetPlatform' loaded TargetPlatform 'LinuxClient'
[2019.12.10-02.58.20:664][  0]LogTemp: Display: Module 'LinuxNoEditorTargetPlatform' loaded TargetPlatform 'LinuxNoEditor'
[2019.12.10-02.58.20:675][  0]LogTemp: Display: Module 'LinuxServerTargetPlatform' loaded TargetPlatform 'LinuxServer'
[2019.12.10-02.58.20:685][  0]LogTemp: Display: Module 'LinuxTargetPlatform' loaded TargetPlatform 'Linux'
[2019.12.10-02.58.20:717][  0]LogTemp: Display: Module 'LuminTargetPlatform' loaded TargetPlatform 'Lumin'
[2019.12.10-02.58.20:717][  0]LogTemp: Display: Module 'LuminTargetPlatform' loaded TargetPlatform 'LuminClient'
[2019.12.10-02.58.20:717][  0]LogTargetPlatformManager: Display: Building Assets For Windows
[2019.12.10-02.58.20:726][  0]LogAudioDebug: Display: Lib vorbis DLL was dynamically loaded.
[2019.12.10-02.58.20:770][  0]LogShaderCompilers: Guid format shader working directory is 2 characters bigger than the processId version (B:/Unreal Projects/GE3_Final-Exam/final_sample/Intermediate/Shaders/WorkingDirectory/47056/).
[2019.12.10-02.58.20:770][  0]LogShaderCompilers: Cleaned the shader compiler working directory 'C:/Users/Angeline/AppData/Local/Temp/UnrealShaderWorkingDir/4FA93C9B4C60CE98D2A2F7869789652A/'.
[2019.12.10-02.58.20:772][  0]LogXGEController: Cleaning working directory: C:/Users/Angeline/AppData/Local/Temp/UnrealXGEWorkingDir/
[2019.12.10-02.58.20:772][  0]LogXGEController: Cannot use XGE Controller as Incredibuild is not installed on this machine.
[2019.12.10-02.58.20:772][  0]LogShaderCompilers: Cannot use XGE Shader Compiler as Incredibuild is not installed on this machine.
[2019.12.10-02.58.20:772][  0]LogShaderCompilers: Display: Using Local Shader Compiler.
[2019.12.10-02.58.21:271][  0]LogDerivedDataCache: Display: Max Cache Size: 512 MB
[2019.12.10-02.58.21:313][  0]LogDerivedDataCache: Loaded boot cache 0.04s 74MB C:/Users/Angeline/AppData/Local/UnrealEngine/4.22/DerivedDataCache/Boot.ddc.
[2019.12.10-02.58.21:313][  0]LogDerivedDataCache: Display: Loaded Boot cache: C:/Users/Angeline/AppData/Local/UnrealEngine/4.22/DerivedDataCache/Boot.ddc
[2019.12.10-02.58.21:313][  0]LogDerivedDataCache: FDerivedDataBackendGraph:  Pak pak cache file B:/Unreal Projects/GE3_Final-Exam/final_sample/DerivedDataCache/DDC.ddp not found, will not use a pak cache.
[2019.12.10-02.58.21:313][  0]LogDerivedDataCache: Unable to find inner node Pak for hierarchical cache Hierarchy.
[2019.12.10-02.58.21:313][  0]LogDerivedDataCache: FDerivedDataBackendGraph:  CompressedPak pak cache file B:/Unreal Projects/GE3_Final-Exam/final_sample/DerivedDataCache/Compressed.ddp not found, will not use a pak cache.
[2019.12.10-02.58.21:313][  0]LogDerivedDataCache: Unable to find inner node CompressedPak for hierarchical cache Hierarchy.
[2019.12.10-02.58.21:323][  0]LogDerivedDataCache: Display: Pak cache opened for reading ../../../Engine/DerivedDataCache/Compressed.ddp.
[2019.12.10-02.58.21:324][  0]LogDerivedDataCache: FDerivedDataBackendGraph:  EnterprisePak pak cache file ../../../Enterprise/DerivedDataCache/Compressed.ddp not found, will not use a pak cache.
[2019.12.10-02.58.21:324][  0]LogDerivedDataCache: Unable to find inner node EnterprisePak for hierarchical cache Hierarchy.
[2019.12.10-02.58.21:337][  0]LogDerivedDataCache: Using Local data cache path C:/Users/Angeline/AppData/Local/UnrealEngine/Common/DerivedDataCache: Writable
[2019.12.10-02.58.21:337][  0]LogDerivedDataCache: Shared data cache path not found in *engine.ini, will not use an Shared cache.
[2019.12.10-02.58.21:337][  0]LogDerivedDataCache: Unable to find inner node Shared for hierarchical cache Hierarchy.
[2019.12.10-02.58.21:360][  0]LogMaterial: Verifying Global Shaders for PCD3D_SM5
[2019.12.10-02.58.21:363][  0]LogSlate: Using FreeType 2.6.0
[2019.12.10-02.58.21:363][  0]LogSlate: SlateFontServices - WITH_FREETYPE: 1, WITH_HARFBUZZ: 1
[2019.12.10-02.58.21:473][  0]LogAssetRegistry: FAssetRegistry took 0.0314 seconds to start up
[2019.12.10-02.58.21:745][  0]LogInit: Selected Device Profile: [Windows]
[2019.12.10-02.58.21:860][  0]LogMeshReduction: Using QuadricMeshReduction for automatic static mesh reduction
[2019.12.10-02.58.21:860][  0]LogMeshReduction: Using SimplygonMeshReduction for automatic skeletal mesh reduction
[2019.12.10-02.58.21:860][  0]LogMeshReduction: Using ProxyLODMeshReduction for automatic mesh merging
[2019.12.10-02.58.21:860][  0]LogMeshReduction: No distributed automatic mesh merging module available
[2019.12.10-02.58.21:860][  0]LogMeshMerging: No distributed automatic mesh merging module available
[2019.12.10-02.58.21:874][  0]LogNetVersion: final_sample 1.0.0, NetCL: 5660361, EngineNetVer: 10, GameNetVer: 0 (Checksum: 4118418613)
[2019.12.10-02.58.22:304][  0]LogPackageLocalizationCache: Processed 10 localized package path(s) for 1 prioritized culture(s) in 0.030329 seconds
[2019.12.10-02.58.22:312][  0]LogUObjectArray: 42205 objects as part of root set at end of initial load.
[2019.12.10-02.58.22:312][  0]LogUObjectAllocator: 7325032 out of 0 bytes used by permanent object pool.
[2019.12.10-02.58.22:312][  0]LogUObjectArray: CloseDisregardForGC: 0/0 objects in disregard for GC pool
[2019.12.10-02.58.23:103][  0]LogTcpMessaging: Initializing TcpMessaging bridge
[2019.12.10-02.58.23:116][  0]LogUdpMessaging: Initializing bridge on interface 0.0.0.0:0 to multicast group 230.0.0.1:6666.
[2019.12.10-02.58.23:343][  0]SourceControl: Source control is disabled
[2019.12.10-02.58.23:343][  0]SourceControl: Source control is disabled
[2019.12.10-02.58.23:345][  0]SourceControl: Source control is disabled
[2019.12.10-02.58.23:346][  0]SourceControl: Source control is disabled
[2019.12.10-02.58.23:414][  0]LogAndroidPermission: UAndroidPermissionCallbackProxy::GetInstance
[2019.12.10-02.58.23:565][  0]LogOcInput: OculusInput pre-init called
[2019.12.10-02.58.24:233][  0]LogEngine: Initializing Engine...
[2019.12.10-02.58.24:234][  0]LogHMD: Failed to initialize OpenVR with code 110
[2019.12.10-02.58.24:235][  0]LogStats: UGameplayTagsManager::InitializeManager -  0.000 s
[2019.12.10-02.58.24:415][  0]LogInit: Initializing FReadOnlyCVARCache
[2019.12.10-02.58.24:427][  0]LogAIModule: Creating AISystem for world Untitled
[2019.12.10-02.58.24:513][  0]LogInit: XAudio2 using 'Headphones (4- Arctis 7 Game)' : 2 channels at 48 kHz using 16 bits per sample (channel mask 0x3)
[2019.12.10-02.58.24:553][  0]LogInit: FAudioDevice initialized.
[2019.12.10-02.58.24:554][  0]LogNetVersion: Set ProjectVersion to 1.0.0.0. Version Checksum will be recalculated on next use.
[2019.12.10-02.58.24:617][  0]LogDerivedDataCache: Saved boot cache 0.06s 74MB C:/Users/Angeline/AppData/Local/UnrealEngine/4.22/DerivedDataCache/Boot.ddc.
[2019.12.10-02.58.24:627][  0]LogInit: Texture streaming: Enabled
[2019.12.10-02.58.24:665][  0]LogEngineSessionManager: EngineSessionManager initialized
[2019.12.10-02.58.24:665][  0]LogEngineSessionManager: EngineSessionManager sent abnormal shutdown report. Type=Crashed, SessionId={2DA7BC3F-49D0-D896-0598-18A9EE6AA7FC}
[2019.12.10-02.58.24:694][  0]LogInit: Transaction tracking system initialized
[2019.12.10-02.58.24:716][  0]BlueprintLog: New page: Editor Load
[2019.12.10-02.58.24:785][  0]LocalizationService: Localization service is disabled
[2019.12.10-02.58.25:038][  0]LogFileCache: Scanning file cache for directory 'B:/Unreal Projects/GE3_Final-Exam/final_sample/Content/' took 0.01s
[2019.12.10-02.58.25:038][  0]LogCook: Display: Max memory allowance for cook 16384mb min free memory 0mb
[2019.12.10-02.58.25:038][  0]LogCook: Display: Mobile HDR setting 1
[2019.12.10-02.58.25:185][  0]SourceControl: Source control is disabled
[2019.12.10-02.58.25:185][  0]Cmd: MAP LOAD FILE="B:/Unreal Projects/GE3_Final-Exam/final_sample/Content/FirstPersonCPP/Maps/FirstPersonExampleMap.umap" TEMPLATE=0 SHOWPROGRESS=1 FEATURELEVEL=3
[2019.12.10-02.58.25:185][  0]LightingResults: New page: Lighting Build
[2019.12.10-02.58.25:187][  0]MapCheck: New page: Map Check
[2019.12.10-02.58.25:188][  0]LightingResults: New page: Lighting Build
[2019.12.10-02.58.25:212][  0]LogUObjectHash: Compacting FUObjectHashTables data took   1.45ms
[2019.12.10-02.58.25:312][  0]LogAIModule: Creating AISystem for world FirstPersonExampleMap
[2019.12.10-02.58.25:320][  0]LogEditorServer: Finished looking for orphan Actors (0.000 secs)
[2019.12.10-02.58.25:346][  0]LogUObjectHash: Compacting FUObjectHashTables data took   1.52ms
[2019.12.10-02.58.25:346][  0]Cmd: MAP CHECKDEP NOCLEARLOG
[2019.12.10-02.58.25:346][  0]MapCheck: Map check complete: 0 Error(s), 0 Warning(s), took 0.073ms to complete.
[2019.12.10-02.58.25:346][  0]LogFileHelpers: Loading map 'FirstPersonExampleMap' took 0.161
[2019.12.10-02.58.25:432][  0]LogSlate: Updating window title bar state: overlay mode, drag disabled, window buttons hidden, title bar hidden
[2019.12.10-02.58.25:438][  0]LogSlate: Updating window title bar state: overlay mode, drag disabled, window buttons hidden, title bar hidden
[2019.12.10-02.58.25:443][  0]LogSlate: Updating window title bar state: overlay mode, drag disabled, window buttons hidden, title bar hidden
[2019.12.10-02.58.25:449][  0]LogSlate: Updating window title bar state: overlay mode, drag disabled, window buttons hidden, title bar hidden
[2019.12.10-02.58.25:457][  0]LogCollectionManager: Loaded 0 collections in 0.001343 seconds
[2019.12.10-02.58.25:471][  0]LogFileCache: Scanning file cache for directory 'B:/Unreal Projects/GE3_Final-Exam/final_sample/Saved/Collections/' took 0.01s
[2019.12.10-02.58.25:471][  0]LogFileCache: Scanning file cache for directory 'B:/Unreal Projects/GE3_Final-Exam/final_sample/Content/Developers/Angeline/Collections/' took 0.00s
[2019.12.10-02.58.25:471][  0]LogFileCache: Scanning file cache for directory 'B:/Unreal Projects/GE3_Final-Exam/final_sample/Content/Collections/' took 0.00s
[2019.12.10-02.58.25:471][  0]LogCollectionManager: Rebuilt the GUID cache for 0 collections in 0.000000 seconds
[2019.12.10-02.58.25:478][  0]LogContentBrowser: Native class hierarchy populated in 0.0067 seconds. Added 2741 classes and 661 folders.
[2019.12.10-02.58.25:484][  0]LogContentBrowser: Native class hierarchy updated for 'WidgetCarousel' in 0.0002 seconds. Added 0 classes and 0 folders.
[2019.12.10-02.58.25:490][  0]LogPakFile: Registered encryption key '00000000000000000000000000000000': 0 pak files mounted, 0 remain pending
[2019.12.10-02.58.25:491][  0]LogPakFile: Registered encryption key '00000000000000000000000000000000': 0 pak files mounted, 0 remain pending
[2019.12.10-02.58.25:491][  0]LogPakFile: Registered encryption key '00000000000000000000000000000000': 0 pak files mounted, 0 remain pending
[2019.12.10-02.58.25:492][  0]LogPakFile: Registered encryption key '00000000000000000000000000000000': 0 pak files mounted, 0 remain pending
[2019.12.10-02.58.25:492][  0]LogPakFile: Registered encryption key '00000000000000000000000000000000': 0 pak files mounted, 0 remain pending
[2019.12.10-02.58.25:493][  0]LogPakFile: Registered encryption key '00000000000000000000000000000000': 0 pak files mounted, 0 remain pending
[2019.12.10-02.58.25:493][  0]LogPakFile: Registered encryption key '00000000000000000000000000000000': 0 pak files mounted, 0 remain pending
[2019.12.10-02.58.25:493][  0]LogPakFile: Registered encryption key '00000000000000000000000000000000': 0 pak files mounted, 0 remain pending
[2019.12.10-02.58.25:494][  0]LogPakFile: Registered encryption key '00000000000000000000000000000000': 0 pak files mounted, 0 remain pending
[2019.12.10-02.58.25:494][  0]LogPakFile: Registered encryption key '00000000000000000000000000000000': 0 pak files mounted, 0 remain pending
[2019.12.10-02.58.25:495][  0]LogPakFile: Registered encryption key '00000000000000000000000000000000': 0 pak files mounted, 0 remain pending
[2019.12.10-02.58.25:495][  0]LogPakFile: Registered encryption key '00000000000000000000000000000000': 0 pak files mounted, 0 remain pending
[2019.12.10-02.58.25:495][  0]LogPakFile: Registered encryption key '00000000000000000000000000000000': 0 pak files mounted, 0 remain pending
[2019.12.10-02.58.25:496][  0]LogPakFile: Registered encryption key '00000000000000000000000000000000': 0 pak files mounted, 0 remain pending
[2019.12.10-02.58.25:496][  0]LogPakFile: Registered encryption key '00000000000000000000000000000000': 0 pak files mounted, 0 remain pending
[2019.12.10-02.58.25:497][  0]LogPakFile: Registered encryption key '00000000000000000000000000000000': 0 pak files mounted, 0 remain pending
[2019.12.10-02.58.25:497][  0]LogPakFile: Registered encryption key '00000000000000000000000000000000': 0 pak files mounted, 0 remain pending
[2019.12.10-02.58.25:497][  0]LogPakFile: Registered encryption key '00000000000000000000000000000000': 0 pak files mounted, 0 remain pending
[2019.12.10-02.58.25:498][  0]LogPakFile: Registered encryption key '00000000000000000000000000000000': 0 pak files mounted, 0 remain pending
[2019.12.10-02.58.25:498][  0]LogPakFile: Registered encryption key '00000000000000000000000000000000': 0 pak files mounted, 0 remain pending
[2019.12.10-02.58.25:499][  0]LogPakFile: Registered encryption key '00000000000000000000000000000000': 0 pak files mounted, 0 remain pending
[2019.12.10-02.58.25:499][  0]LogPakFile: Registered encryption key '00000000000000000000000000000000': 0 pak files mounted, 0 remain pending
[2019.12.10-02.58.25:499][  0]LogPakFile: Registered encryption key '00000000000000000000000000000000': 0 pak files mounted, 0 remain pending
[2019.12.10-02.58.25:500][  0]LogPakFile: Registered encryption key '00000000000000000000000000000000': 0 pak files mounted, 0 remain pending
[2019.12.10-02.58.25:500][  0]LogPakFile: Registered encryption key '00000000000000000000000000000000': 0 pak files mounted, 0 remain pending
[2019.12.10-02.58.25:501][  0]LogPakFile: Registered encryption key '00000000000000000000000000000000': 0 pak files mounted, 0 remain pending
[2019.12.10-02.58.25:529][  0]LogContentBrowser: Native class hierarchy updated for 'AddContentDialog' in 0.0003 seconds. Added 0 classes and 0 folders.
[2019.12.10-02.58.25:534][  0]LogContentBrowser: Native class hierarchy updated for 'SceneOutliner' in 0.0003 seconds. Added 1 classes and 2 folders.
[2019.12.10-02.58.25:605][  0]LogSlate: Took 0.000176 seconds to synchronously load lazily loaded font '../../../Engine/Content/Slate/Fonts/Roboto-Regular.ttf' (155K)
[2019.12.10-02.58.25:606][  0]LogSlate: Took 0.000142 seconds to synchronously load lazily loaded font '../../../Engine/Content/Slate/Fonts/Roboto-Bold.ttf' (160K)
[2019.12.10-02.58.25:610][  0]LogSlate: Took 0.000142 seconds to synchronously load lazily loaded font '../../../Engine/Content/Editor/Slate/Fonts/FontAwesome.ttf' (139K)
[2019.12.10-02.58.25:660][  0]LogRenderer: Reallocating scene render targets to support 1208x572 Format 10 NumSamples 1 (Frame:1).
[2019.12.10-02.58.25:700][  0]LogSlate: Took 0.000139 seconds to synchronously load lazily loaded font '../../../Engine/Content/Slate/Fonts/Roboto-Light.ttf' (167K)
[2019.12.10-02.58.25:801][  0]LogContentBrowser: Native class hierarchy updated for 'HierarchicalLODOutliner' in 0.0003 seconds. Added 0 classes and 0 folders.
[2019.12.10-02.58.25:801][  0]LogLoad: (Engine Initialization) Total time: 8.04 seconds
[2019.12.10-02.58.25:801][  0]LogLoad: (Engine Initialization) Total Blueprint compile time: 0.00 seconds
[2019.12.10-02.58.25:833][  0]LogAssetRegistry: Asset discovery search completed in 4.3821 seconds
[2019.12.10-02.58.25:834][  0]LogCollectionManager: Rebuilt the object cache for 0 collections in 0.000000 seconds (found 0 objects)
[2019.12.10-02.58.25:835][  0]LogCollectionManager: Fixed up redirectors for 0 collections in 0.000036 seconds (updated 0 objects)
[2019.12.10-02.58.25:836][  0]LogContentStreaming: Texture pool size now 1000 MB
[2019.12.10-02.59.02:566][216]LogHotReload: New module detected: UE4Editor-final_sample-0001.dll
[2019.12.10-02.59.04:263][222]LogHotReload: Starting Hot-Reload from IDE
[2019.12.10-02.59.04:265][222]LogSlate: Took 0.000266 seconds to synchronously load lazily loaded font '../../../Engine/Content/Slate/Fonts/Roboto-Light.ttf' (167K)
[2019.12.10-02.59.04:296][222]LogUObjectHash: Compacting FUObjectHashTables data took   0.48ms
[2019.12.10-02.59.04:311][222]LogHotReload: Re-instancing HealKit after hot-reload.
[2019.12.10-02.59.04:458][222]LogContentBrowser: Native class hierarchy updated for 'final_sample' in 0.0004 seconds. Added 9 classes and 2 folders.
[2019.12.10-02.59.04:460][222]Display: HotReload successful (2 functions remapped  0 scriptstructs remapped)
[2019.12.10-02.59.04:635][222]LogUObjectHash: Compacting FUObjectHashTables data took   1.21ms
[2019.12.10-02.59.04:647][222]LogContentBrowser: Native class hierarchy populated in 0.0081 seconds. Added 2742 classes and 663 folders.
[2019.12.10-02.59.04:656][222]Display: HotReload took  0.4s.
[2019.12.10-02.59.28:598][350]LogSlate: FSceneViewport::OnFocusLost() reason 0
[2019.12.10-02.59.28:955][393]LogTemp: Repeating last play command: Selected Viewport
[2019.12.10-02.59.28:963][393]LogBlueprintUserMessages: Early PlayInEditor Detection: Level '/Game/FirstPersonCPP/Maps/FirstPersonExampleMap.FirstPersonExampleMap:PersistentLevel' has LevelScriptBlueprint '/Game/FirstPersonCPP/Maps/FirstPersonExampleMap.FirstPersonExampleMap:PersistentLevel.FirstPersonExampleMap' with GeneratedClass '/Game/FirstPersonCPP/Maps/FirstPersonExampleMap.FirstPersonExampleMap_C' with ClassGeneratedBy '/Game/FirstPersonCPP/Maps/FirstPersonExampleMap.FirstPersonExampleMap:PersistentLevel.FirstPersonExampleMap'
[2019.12.10-02.59.28:963][393]LogPlayLevel: PlayLevel: No blueprints needed recompiling
[2019.12.10-02.59.28:964][393]PIE: New page: PIE session: FirstPersonExampleMap (Dec 9, 2019, 4:59:28 PM)
[2019.12.10-02.59.28:976][393]LogPlayLevel: Creating play world package: /Game/FirstPersonCPP/Maps/UEDPIE_0_FirstPersonExampleMap
[2019.12.10-02.59.28:989][393]LogPlayLevel: PIE: StaticDuplicateObject took: (0.012948s)
[2019.12.10-02.59.28:990][393]LogAIModule: Creating AISystem for world FirstPersonExampleMap
[2019.12.10-02.59.28:990][393]LogPlayLevel: PIE: World Init took: (0.000686s)
[2019.12.10-02.59.28:990][393]LogPlayLevel: PIE: Created PIE world by copying editor world from /Game/FirstPersonCPP/Maps/FirstPersonExampleMap.FirstPersonExampleMap to /Game/FirstPersonCPP/Maps/UEDPIE_0_FirstPersonExampleMap.FirstPersonExampleMap (0.013872s)
[2019.12.10-02.59.29:013][393]LogUObjectHash: Compacting FUObjectHashTables data took   0.91ms
[2019.12.10-02.59.29:038][393]LogInit: XAudio2 using 'Headphones (4- Arctis 7 Game)' : 2 channels at 48 kHz using 16 bits per sample (channel mask 0x3)
[2019.12.10-02.59.29:070][393]LogInit: FAudioDevice initialized.
[2019.12.10-02.59.29:113][393]LogLoad: Game class is 'final_sampleGameMode'
[2019.12.10-02.59.29:115][393]LogWorld: Bringing World /Game/FirstPersonCPP/Maps/UEDPIE_0_FirstPersonExampleMap.FirstPersonExampleMap up for play (max tick rate 0) at 2019.12.09-21.59.29
[2019.12.10-02.59.29:116][393]LogWorld: Bringing up level for play took: 0.001642
[2019.12.10-02.59.29:205][393]LogContentBrowser: Native class hierarchy updated for 'MovieSceneCapture' in 0.0005 seconds. Added 20 classes and 0 folders.
[2019.12.10-02.59.29:206][393]PIE: Play in editor start time for /Game/FirstPersonCPP/Maps/UEDPIE_0_FirstPersonExampleMap -0.058
[2019.12.10-02.59.29:206][393]LogBlueprintUserMessages: Late PlayInEditor Detection: Level '/Game/FirstPersonCPP/Maps/FirstPersonExampleMap.FirstPersonExampleMap:PersistentLevel' has LevelScriptBlueprint '/Game/FirstPersonCPP/Maps/FirstPersonExampleMap.FirstPersonExampleMap:PersistentLevel.FirstPersonExampleMap' with GeneratedClass '/Game/FirstPersonCPP/Maps/FirstPersonExampleMap.FirstPersonExampleMap_C' with ClassGeneratedBy '/Game/FirstPersonCPP/Maps/FirstPersonExampleMap.FirstPersonExampleMap:PersistentLevel.FirstPersonExampleMap'
[2019.12.10-02.59.36:103][218]LogBlueprintUserMessages: Early EndPlayMap Detection: Level '/Game/FirstPersonCPP/Maps/FirstPersonExampleMap.FirstPersonExampleMap:PersistentLevel' has LevelScriptBlueprint '/Game/FirstPersonCPP/Maps/FirstPersonExampleMap.FirstPersonExampleMap:PersistentLevel.FirstPersonExampleMap' with GeneratedClass '/Game/FirstPersonCPP/Maps/FirstPersonExampleMap.FirstPersonExampleMap_C' with ClassGeneratedBy '/Game/FirstPersonCPP/Maps/FirstPersonExampleMap.FirstPersonExampleMap:PersistentLevel.FirstPersonExampleMap'
[2019.12.10-02.59.36:104][218]LogSlate: Updating window title bar state: overlay mode, drag disabled, window buttons hidden, title bar hidden
[2019.12.10-02.59.36:132][218]LogPlayLevel: Display: Shutting down PIE online subsystems
[2019.12.10-02.59.36:132][218]LogBlueprintUserMessages: Late EndPlayMap Detection: Level '/Game/FirstPersonCPP/Maps/FirstPersonExampleMap.FirstPersonExampleMap:PersistentLevel' has LevelScriptBlueprint '/Game/FirstPersonCPP/Maps/FirstPersonExampleMap.FirstPersonExampleMap:PersistentLevel.FirstPersonExampleMap' with GeneratedClass '/Game/FirstPersonCPP/Maps/FirstPersonExampleMap.FirstPersonExampleMap_C' with ClassGeneratedBy '/Game/FirstPersonCPP/Maps/FirstPersonExampleMap.FirstPersonExampleMap:PersistentLevel.FirstPersonExampleMap'
[2019.12.10-02.59.36:162][218]LogSlate: Updating window title bar state: overlay mode, drag disabled, window buttons hidden, title bar hidden
[2019.12.10-02.59.36:165][218]LogUObjectHash: Compacting FUObjectHashTables data took   1.20ms
[2019.12.10-02.59.36:209][222]LogPlayLevel: Display: Destroying online subsystem :Context_1
[2019.12.10-02.59.36:810][294]LogSlate: FSceneViewport::OnFocusLost() reason 0
[2019.12.10-02.59.36:876][302]LogTemp: Repeating last play command: Selected Viewport
[2019.12.10-02.59.36:882][302]LogBlueprintUserMessages: Early PlayInEditor Detection: Level '/Game/FirstPersonCPP/Maps/FirstPersonExampleMap.FirstPersonExampleMap:PersistentLevel' has LevelScriptBlueprint '/Game/FirstPersonCPP/Maps/FirstPersonExampleMap.FirstPersonExampleMap:PersistentLevel.FirstPersonExampleMap' with GeneratedClass '/Game/FirstPersonCPP/Maps/FirstPersonExampleMap.FirstPersonExampleMap_C' with ClassGeneratedBy '/Game/FirstPersonCPP/Maps/FirstPersonExampleMap.FirstPersonExampleMap:PersistentLevel.FirstPersonExampleMap'
[2019.12.10-02.59.36:882][302]LogPlayLevel: PlayLevel: No blueprints needed recompiling
[2019.12.10-02.59.36:882][302]PIE: New page: PIE session: FirstPersonExampleMap (Dec 9, 2019, 4:59:36 PM)
[2019.12.10-02.59.36:882][302]LogPlayLevel: Creating play world package: /Game/FirstPersonCPP/Maps/UEDPIE_0_FirstPersonExampleMap
[2019.12.10-02.59.36:891][302]LogPlayLevel: PIE: StaticDuplicateObject took: (0.009286s)
[2019.12.10-02.59.36:892][302]LogAIModule: Creating AISystem for world FirstPersonExampleMap
[2019.12.10-02.59.36:892][302]LogPlayLevel: PIE: World Init took: (0.000562s)
[2019.12.10-02.59.36:892][302]LogPlayLevel: PIE: Created PIE world by copying editor world from /Game/FirstPersonCPP/Maps/FirstPersonExampleMap.FirstPersonExampleMap to /Game/FirstPersonCPP/Maps/UEDPIE_0_FirstPersonExampleMap.FirstPersonExampleMap (0.009989s)
[2019.12.10-02.59.36:916][302]LogUObjectHash: Compacting FUObjectHashTables data took   0.87ms
[2019.12.10-02.59.36:941][302]LogInit: XAudio2 using 'Headphones (4- Arctis 7 Game)' : 2 channels at 48 kHz using 16 bits per sample (channel mask 0x3)
[2019.12.10-02.59.36:973][302]LogInit: FAudioDevice initialized.
[2019.12.10-02.59.37:002][302]LogLoad: Game class is 'final_sampleGameMode'
[2019.12.10-02.59.37:003][302]LogWorld: Bringing World /Game/FirstPersonCPP/Maps/UEDPIE_0_FirstPersonExampleMap.FirstPersonExampleMap up for play (max tick rate 0) at 2019.12.09-21.59.37
[2019.12.10-02.59.37:004][302]LogWorld: Bringing up level for play took: 0.001442
[2019.12.10-02.59.37:017][302]PIE: Play in editor start time for /Game/FirstPersonCPP/Maps/UEDPIE_0_FirstPersonExampleMap -0.246
[2019.12.10-02.59.37:018][302]LogBlueprintUserMessages: Late PlayInEditor Detection: Level '/Game/FirstPersonCPP/Maps/FirstPersonExampleMap.FirstPersonExampleMap:PersistentLevel' has LevelScriptBlueprint '/Game/FirstPersonCPP/Maps/FirstPersonExampleMap.FirstPersonExampleMap:PersistentLevel.FirstPersonExampleMap' with GeneratedClass '/Game/FirstPersonCPP/Maps/FirstPersonExampleMap.FirstPersonExampleMap_C' with ClassGeneratedBy '/Game/FirstPersonCPP/Maps/FirstPersonExampleMap.FirstPersonExampleMap:PersistentLevel.FirstPersonExampleMap'
[2019.12.10-02.59.40:279][690]LogBlueprintUserMessages: Early EndPlayMap Detection: Level '/Game/FirstPersonCPP/Maps/FirstPersonExampleMap.FirstPersonExampleMap:PersistentLevel' has LevelScriptBlueprint '/Game/FirstPersonCPP/Maps/FirstPersonExampleMap.FirstPersonExampleMap:PersistentLevel.FirstPersonExampleMap' with GeneratedClass '/Game/FirstPersonCPP/Maps/FirstPersonExampleMap.FirstPersonExampleMap_C' with ClassGeneratedBy '/Game/FirstPersonCPP/Maps/FirstPersonExampleMap.FirstPersonExampleMap:PersistentLevel.FirstPersonExampleMap'
[2019.12.10-02.59.40:279][690]LogSlate: Updating window title bar state: overlay mode, drag disabled, window buttons hidden, title bar hidden
[2019.12.10-02.59.40:307][690]LogPlayLevel: Display: Shutting down PIE online subsystems
[2019.12.10-02.59.40:308][690]LogBlueprintUserMessages: Late EndPlayMap Detection: Level '/Game/FirstPersonCPP/Maps/FirstPersonExampleMap.FirstPersonExampleMap:PersistentLevel' has LevelScriptBlueprint '/Game/FirstPersonCPP/Maps/FirstPersonExampleMap.FirstPersonExampleMap:PersistentLevel.FirstPersonExampleMap' with GeneratedClass '/Game/FirstPersonCPP/Maps/FirstPersonExampleMap.FirstPersonExampleMap_C' with ClassGeneratedBy '/Game/FirstPersonCPP/Maps/FirstPersonExampleMap.FirstPersonExampleMap:PersistentLevel.FirstPersonExampleMap'
[2019.12.10-02.59.40:336][690]LogSlate: Updating window title bar state: overlay mode, drag disabled, window buttons hidden, title bar hidden
[2019.12.10-02.59.40:339][690]LogUObjectHash: Compacting FUObjectHashTables data took   1.25ms
[2019.12.10-02.59.40:385][694]LogPlayLevel: Display: Destroying online subsystem :Context_2
[2019.12.10-02.59.57:204][831]LogHotReload: New module detected: UE4Editor-final_sample-0002.dll
[2019.12.10-02.59.58:566][836]LogHotReload: Starting Hot-Reload from IDE
[2019.12.10-02.59.58:595][836]LogUObjectHash: Compacting FUObjectHashTables data took   0.52ms
[2019.12.10-02.59.58:611][836]LogContentBrowser: Native class hierarchy updated for 'final_sample' in 0.0003 seconds. Added 9 classes and 2 folders.
[2019.12.10-02.59.58:613][836]Display: HotReload successful (2 functions remapped  0 scriptstructs remapped)
[2019.12.10-02.59.58:655][836]LogUObjectHash: Compacting FUObjectHashTables data took   0.99ms
[2019.12.10-02.59.58:665][836]LogContentBrowser: Native class hierarchy populated in 0.0065 seconds. Added 2742 classes and 663 folders.
[2019.12.10-02.59.58:667][836]Display: HotReload took  0.1s.
[2019.12.10-03.00.27:142][968]LogSlate: FSceneViewport::OnFocusLost() reason 0
[2019.12.10-03.00.27:218][977]LogTemp: Repeating last play command: Selected Viewport
[2019.12.10-03.00.27:226][977]LogBlueprintUserMessages: Early PlayInEditor Detection: Level '/Game/FirstPersonCPP/Maps/FirstPersonExampleMap.FirstPersonExampleMap:PersistentLevel' has LevelScriptBlueprint '/Game/FirstPersonCPP/Maps/FirstPersonExampleMap.FirstPersonExampleMap:PersistentLevel.FirstPersonExampleMap' with GeneratedClass '/Game/FirstPersonCPP/Maps/FirstPersonExampleMap.FirstPersonExampleMap_C' with ClassGeneratedBy '/Game/FirstPersonCPP/Maps/FirstPersonExampleMap.FirstPersonExampleMap:PersistentLevel.FirstPersonExampleMap'
[2019.12.10-03.00.27:226][977]LogPlayLevel: PlayLevel: No blueprints needed recompiling
[2019.12.10-03.00.27:226][977]PIE: New page: PIE session: FirstPersonExampleMap (Dec 9, 2019, 5:00:27 PM)
[2019.12.10-03.00.27:226][977]LogPlayLevel: Creating play world package: /Game/FirstPersonCPP/Maps/UEDPIE_0_FirstPersonExampleMap
[2019.12.10-03.00.27:236][977]LogPlayLevel: PIE: StaticDuplicateObject took: (0.010349s)
[2019.12.10-03.00.27:237][977]LogAIModule: Creating AISystem for world FirstPersonExampleMap
[2019.12.10-03.00.27:237][977]LogPlayLevel: PIE: World Init took: (0.000695s)
[2019.12.10-03.00.27:237][977]LogPlayLevel: PIE: Created PIE world by copying editor world from /Game/FirstPersonCPP/Maps/FirstPersonExampleMap.FirstPersonExampleMap to /Game/FirstPersonCPP/Maps/UEDPIE_0_FirstPersonExampleMap.FirstPersonExampleMap (0.011159s)
[2019.12.10-03.00.27:260][977]LogUObjectHash: Compacting FUObjectHashTables data took   0.96ms
[2019.12.10-03.00.27:284][977]LogInit: XAudio2 using 'Headphones (4- Arctis 7 Game)' : 2 channels at 48 kHz using 16 bits per sample (channel mask 0x3)
[2019.12.10-03.00.27:318][977]LogInit: FAudioDevice initialized.
[2019.12.10-03.00.27:350][977]LogLoad: Game class is 'final_sampleGameMode'
[2019.12.10-03.00.27:352][977]LogWorld: Bringing World /Game/FirstPersonCPP/Maps/UEDPIE_0_FirstPersonExampleMap.FirstPersonExampleMap up for play (max tick rate 0) at 2019.12.09-22.00.27
[2019.12.10-03.00.27:352][977]LogWorld: Bringing up level for play took: 0.001441
[2019.12.10-03.00.27:364][977]PIE: Play in editor start time for /Game/FirstPersonCPP/Maps/UEDPIE_0_FirstPersonExampleMap 0.101
[2019.12.10-03.00.27:364][977]LogBlueprintUserMessages: Late PlayInEditor Detection: Level '/Game/FirstPersonCPP/Maps/FirstPersonExampleMap.FirstPersonExampleMap:PersistentLevel' has LevelScriptBlueprint '/Game/FirstPersonCPP/Maps/FirstPersonExampleMap.FirstPersonExampleMap:PersistentLevel.FirstPersonExampleMap' with GeneratedClass '/Game/FirstPersonCPP/Maps/FirstPersonExampleMap.FirstPersonExampleMap_C' with ClassGeneratedBy '/Game/FirstPersonCPP/Maps/FirstPersonExampleMap.FirstPersonExampleMap:PersistentLevel.FirstPersonExampleMap'
[2019.12.10-03.00.30:595][362]LogBlueprintUserMessages: Early EndPlayMap Detection: Level '/Game/FirstPersonCPP/Maps/FirstPersonExampleMap.FirstPersonExampleMap:PersistentLevel' has LevelScriptBlueprint '/Game/FirstPersonCPP/Maps/FirstPersonExampleMap.FirstPersonExampleMap:PersistentLevel.FirstPersonExampleMap' with GeneratedClass '/Game/FirstPersonCPP/Maps/FirstPersonExampleMap.FirstPersonExampleMap_C' with ClassGeneratedBy '/Game/FirstPersonCPP/Maps/FirstPersonExampleMap.FirstPersonExampleMap:PersistentLevel.FirstPersonExampleMap'
[2019.12.10-03.00.30:595][362]LogSlate: Updating window title bar state: overlay mode, drag disabled, window buttons hidden, title bar hidden
[2019.12.10-03.00.30:626][362]LogPlayLevel: Display: Shutting down PIE online subsystems
[2019.12.10-03.00.30:626][362]LogBlueprintUserMessages: Late EndPlayMap Detection: Level '/Game/FirstPersonCPP/Maps/FirstPersonExampleMap.FirstPersonExampleMap:PersistentLevel' has LevelScriptBlueprint '/Game/FirstPersonCPP/Maps/FirstPersonExampleMap.FirstPersonExampleMap:PersistentLevel.FirstPersonExampleMap' with GeneratedClass '/Game/FirstPersonCPP/Maps/FirstPersonExampleMap.FirstPersonExampleMap_C' with ClassGeneratedBy '/Game/FirstPersonCPP/Maps/FirstPersonExampleMap.FirstPersonExampleMap:PersistentLevel.FirstPersonExampleMap'
[2019.12.10-03.00.30:655][362]LogSlate: Updating window title bar state: overlay mode, drag disabled, window buttons hidden, title bar hidden
[2019.12.10-03.00.30:657][362]LogUObjectHash: Compacting FUObjectHashTables data took   0.81ms
[2019.12.10-03.00.30:699][365]LogPlayLevel: Display: Destroying online subsystem :Context_3
[2019.12.10-03.00.42:722][477]LogHotReload: New module detected: UE4Editor-final_sample-0003.dll
[2019.12.10-03.00.44:087][482]LogHotReload: Starting Hot-Reload from IDE
[2019.12.10-03.00.44:114][482]LogUObjectHash: Compacting FUObjectHashTables data took   0.50ms
[2019.12.10-03.00.44:133][482]LogContentBrowser: Native class hierarchy updated for 'final_sample' in 0.0005 seconds. Added 9 classes and 2 folders.
[2019.12.10-03.00.44:136][482]Display: HotReload successful (2 functions remapped  0 scriptstructs remapped)
[2019.12.10-03.00.44:177][482]LogUObjectHash: Compacting FUObjectHashTables data took   0.96ms
[2019.12.10-03.00.44:187][482]LogContentBrowser: Native class hierarchy populated in 0.0070 seconds. Added 2742 classes and 663 folders.
[2019.12.10-03.00.44:192][482]Display: HotReload took  0.1s.
[2019.12.10-03.00.52:101][582]LogSlate: FSceneViewport::OnFocusLost() reason 0
[2019.12.10-03.00.52:417][620]LogTemp: Repeating last play command: Selected Viewport
[2019.12.10-03.00.52:424][620]LogBlueprintUserMessages: Early PlayInEditor Detection: Level '/Game/FirstPersonCPP/Maps/FirstPersonExampleMap.FirstPersonExampleMap:PersistentLevel' has LevelScriptBlueprint '/Game/FirstPersonCPP/Maps/FirstPersonExampleMap.FirstPersonExampleMap:PersistentLevel.FirstPersonExampleMap' with GeneratedClass '/Game/FirstPersonCPP/Maps/FirstPersonExampleMap.FirstPersonExampleMap_C' with ClassGeneratedBy '/Game/FirstPersonCPP/Maps/FirstPersonExampleMap.FirstPersonExampleMap:PersistentLevel.FirstPersonExampleMap'
[2019.12.10-03.00.52:424][620]LogPlayLevel: PlayLevel: No blueprints needed recompiling
[2019.12.10-03.00.52:424][620]PIE: New page: PIE session: FirstPersonExampleMap (Dec 9, 2019, 5:00:52 PM)
[2019.12.10-03.00.52:425][620]LogPlayLevel: Creating play world package: /Game/FirstPersonCPP/Maps/UEDPIE_0_FirstPersonExampleMap
[2019.12.10-03.00.52:434][620]LogPlayLevel: PIE: StaticDuplicateObject took: (0.009838s)
[2019.12.10-03.00.52:435][620]LogAIModule: Creating AISystem for world FirstPersonExampleMap
[2019.12.10-03.00.52:435][620]LogPlayLevel: PIE: World Init took: (0.000812s)
[2019.12.10-03.00.52:435][620]LogPlayLevel: PIE: Created PIE world by copying editor world from /Game/FirstPersonCPP/Maps/FirstPersonExampleMap.FirstPersonExampleMap to /Game/FirstPersonCPP/Maps/UEDPIE_0_FirstPersonExampleMap.FirstPersonExampleMap (0.010813s)
[2019.12.10-03.00.52:458][620]LogUObjectHash: Compacting FUObjectHashTables data took   0.84ms
[2019.12.10-03.00.52:483][620]LogInit: XAudio2 using 'Headphones (4- Arctis 7 Game)' : 2 channels at 48 kHz using 16 bits per sample (channel mask 0x3)
[2019.12.10-03.00.52:517][620]LogInit: FAudioDevice initialized.
[2019.12.10-03.00.52:550][620]LogLoad: Game class is 'final_sampleGameMode'
[2019.12.10-03.00.52:552][620]LogWorld: Bringing World /Game/FirstPersonCPP/Maps/UEDPIE_0_FirstPersonExampleMap.FirstPersonExampleMap up for play (max tick rate 0) at 2019.12.09-22.00.52
[2019.12.10-03.00.52:552][620]LogWorld: Bringing up level for play took: 0.001419
[2019.12.10-03.00.52:565][620]PIE: Play in editor start time for /Game/FirstPersonCPP/Maps/UEDPIE_0_FirstPersonExampleMap -0.699
[2019.12.10-03.00.52:565][620]LogBlueprintUserMessages: Late PlayInEditor Detection: Level '/Game/FirstPersonCPP/Maps/FirstPersonExampleMap.FirstPersonExampleMap:PersistentLevel' has LevelScriptBlueprint '/Game/FirstPersonCPP/Maps/FirstPersonExampleMap.FirstPersonExampleMap:PersistentLevel.FirstPersonExampleMap' with GeneratedClass '/Game/FirstPersonCPP/Maps/FirstPersonExampleMap.FirstPersonExampleMap_C' with ClassGeneratedBy '/Game/FirstPersonCPP/Maps/FirstPersonExampleMap.FirstPersonExampleMap:PersistentLevel.FirstPersonExampleMap'
[2019.12.10-03.00.55:961][ 25]LogBlueprintUserMessages: Early EndPlayMap Detection: Level '/Game/FirstPersonCPP/Maps/FirstPersonExampleMap.FirstPersonExampleMap:PersistentLevel' has LevelScriptBlueprint '/Game/FirstPersonCPP/Maps/FirstPersonExampleMap.FirstPersonExampleMap:PersistentLevel.FirstPersonExampleMap' with GeneratedClass '/Game/FirstPersonCPP/Maps/FirstPersonExampleMap.FirstPersonExampleMap_C' with ClassGeneratedBy '/Game/FirstPersonCPP/Maps/FirstPersonExampleMap.FirstPersonExampleMap:PersistentLevel.FirstPersonExampleMap'
[2019.12.10-03.00.55:961][ 25]LogSlate: Updating window title bar state: overlay mode, drag disabled, window buttons hidden, title bar hidden
[2019.12.10-03.00.55:991][ 25]LogPlayLevel: Display: Shutting down PIE online subsystems
[2019.12.10-03.00.55:992][ 25]LogBlueprintUserMessages: Late EndPlayMap Detection: Level '/Game/FirstPersonCPP/Maps/FirstPersonExampleMap.FirstPersonExampleMap:PersistentLevel' has LevelScriptBlueprint '/Game/FirstPersonCPP/Maps/FirstPersonExampleMap.FirstPersonExampleMap:PersistentLevel.FirstPersonExampleMap' with GeneratedClass '/Game/FirstPersonCPP/Maps/FirstPersonExampleMap.FirstPersonExampleMap_C' with ClassGeneratedBy '/Game/FirstPersonCPP/Maps/FirstPersonExampleMap.FirstPersonExampleMap:PersistentLevel.FirstPersonExampleMap'
[2019.12.10-03.00.56:018][ 25]LogSlate: Updating window title bar state: overlay mode, drag disabled, window buttons hidden, title bar hidden
[2019.12.10-03.00.56:021][ 25]LogUObjectHash: Compacting FUObjectHashTables data took   0.88ms
[2019.12.10-03.00.56:062][ 28]LogPlayLevel: Display: Destroying online subsystem :Context_4
[2019.12.10-03.12.07:396][337]LogEditorViewport: Clicking on Actor (LMB): BP_LaunchPad_C (BP_LaunchPad)
[2019.12.10-03.12.08:122][416]LogEditorViewport: Clicking on Actor (LMB): BP_HealKit_C (BP_HealKit)
[2019.12.10-03.12.12:882][982]LogSlate: FSceneViewport::OnFocusLost() reason 0
[2019.12.10-03.14.52:937][ 50]LogEditorViewport: Clicking on Actor (LMB): TextRenderActor (TemplateLabel)
[2019.12.10-03.14.53:377][ 99]LogEditorViewport: Clicking on Actor (LMB): BP_HealKit_C (BP_HealKit)
[2019.12.10-03.14.56:939][522]LogSlate: FSceneViewport::OnFocusLost() reason 0
[2019.12.10-03.14.57:020][531]LogAssetEditorManager: Opening Asset editor for Blueprint /Game/FirstPersonCPP/Blueprints/BP_HealKit.BP_HealKit
[2019.12.10-03.14.57:317][531]LogContentBrowser: Native class hierarchy updated for 'BlueprintGraph' in 0.0006 seconds. Added 121 classes and 0 folders.
[2019.12.10-03.15.00:422][815]LogSlate: Window 'BP_HealKit' being destroyed
[2019.12.10-03.15.00:485][815]LogAssetEditorManager: Opening Asset editor for Blueprint /Game/FirstPersonCPP/Blueprints/BP_HealKit.BP_HealKit
[2019.12.10-03.15.00:755][815]LogSlate: Took 0.001797 seconds to synchronously load lazily loaded font '../../../Engine/Content/Slate/Fonts/Roboto-BoldCondensed.ttf' (158K)
[2019.12.10-03.15.27:966][888]BlueprintLog: New page: Compile BP_HealKit
[2019.12.10-03.15.28:121][888]LogUObjectHash: Compacting FUObjectHashTables data took   2.61ms
[2019.12.10-03.15.28:156][888]Cmd: OBJ SAVEPACKAGE PACKAGE="/Game/FirstPersonCPP/Blueprints/BP_HealKit" FILE="B:/Unreal Projects/GE3_Final-Exam/final_sample/Content/FirstPersonCPP/Blueprints/BP_HealKit.uasset" SILENT=true
[2019.12.10-03.15.28:178][888]LogSavePackage: Moving 'B:/Unreal Projects/GE3_Final-Exam/final_sample/Saved/BP_HealKit184EA5C84F73DD8ACC199F873C3743B4.tmp' to 'B:/Unreal Projects/GE3_Final-Exam/final_sample/Content/FirstPersonCPP/Blueprints/BP_HealKit.uasset'
[2019.12.10-03.15.28:567][927]Cmd: OBJ SAVEPACKAGE PACKAGE="/Game/FirstPersonCPP/Blueprints/BP_HealKit" FILE="B:/Unreal Projects/GE3_Final-Exam/final_sample/Content/FirstPersonCPP/Blueprints/BP_HealKit.uasset" SILENT=true
[2019.12.10-03.15.28:574][927]LogSavePackage: Moving 'B:/Unreal Projects/GE3_Final-Exam/final_sample/Saved/BP_HealKit28A5E24643CFCD2240499B99383E9AEE.tmp' to 'B:/Unreal Projects/GE3_Final-Exam/final_sample/Content/FirstPersonCPP/Blueprints/BP_HealKit.uasset'
[2019.12.10-03.18.44:933][286]LogUObjectHash: Compacting FUObjectHashTables data took   1.65ms
[2019.12.10-03.18.45:099][286]LogSavePackage: Moving 'B:/Unreal Projects/GE3_Final-Exam/final_sample/Saved/FirstPersonExampleMap_Auto14E8A5ABB476B3AAA35736EA4C97685C1.tmp' to 'B:/Unreal Projects/GE3_Final-Exam/final_sample/Saved/Autosaves/Game/FirstPersonCPP/Maps/FirstPersonExampleMap_Auto1.umap'
[2019.12.10-03.18.45:101][286]LogFileHelpers: Editor autosave (incl. sublevels) for '/Game/FirstPersonCPP/Maps/FirstPersonExampleMap' took 0.198
[2019.12.10-03.18.45:101][286]LogFileHelpers: Editor autosave (incl. sublevels) for all levels took 0.198
[2019.12.10-03.19.56:151][499]LogHotReload: New module detected: UE4Editor-final_sample-0005.dll
[2019.12.10-03.19.57:855][505]LogHotReload: Starting Hot-Reload from IDE
[2019.12.10-03.19.57:889][505]LogUObjectHash: Compacting FUObjectHashTables data took   1.68ms
[2019.12.10-03.19.57:889][505]LogBlueprintActionDatabase: Requesting refresh due to module change: final_sample (unloaded)
[2019.12.10-03.19.57:915][505]LogBlueprintActionDatabase: Requesting refresh due to module change: final_sample (loaded)
[2019.12.10-03.19.57:915][505]LogContentBrowser: Native class hierarchy updated for 'final_sample' in 0.0003 seconds. Added 9 classes and 2 folders.
[2019.12.10-03.19.57:918][505]Display: HotReload successful (2 functions remapped  0 scriptstructs remapped)
[2019.12.10-03.19.57:971][505]LogUObjectHash: Compacting FUObjectHashTables data took   1.23ms
[2019.12.10-03.19.57:971][505]LogBlueprintActionDatabase: Requesting refresh due to hot reload
[2019.12.10-03.19.57:984][505]LogContentBrowser: Native class hierarchy populated in 0.0071 seconds. Added 2742 classes and 663 folders.
[2019.12.10-03.19.57:986][505]Display: HotReload took  0.1s.
[2019.12.10-03.20.54:023][672]LogHotReload: New module detected: UE4Editor-final_sample-0007.dll
[2019.12.10-03.20.55:719][678]LogHotReload: Starting Hot-Reload from IDE
[2019.12.10-03.20.55:770][678]LogUObjectHash: Compacting FUObjectHashTables data took   3.30ms
[2019.12.10-03.20.55:770][678]LogBlueprintActionDatabase: Requesting refresh due to module change: final_sample (unloaded)
[2019.12.10-03.20.55:794][678]LogBlueprintActionDatabase: Requesting refresh due to module change: final_sample (loaded)
[2019.12.10-03.20.55:795][678]LogContentBrowser: Native class hierarchy updated for 'final_sample' in 0.0004 seconds. Added 9 classes and 2 folders.
[2019.12.10-03.20.55:798][678]Display: HotReload successful (2 functions remapped  0 scriptstructs remapped)
[2019.12.10-03.20.55:854][678]LogUObjectHash: Compacting FUObjectHashTables data took   2.09ms
[2019.12.10-03.20.55:854][678]LogBlueprintActionDatabase: Requesting refresh due to hot reload
[2019.12.10-03.20.55:867][678]LogContentBrowser: Native class hierarchy populated in 0.0068 seconds. Added 2742 classes and 663 folders.
[2019.12.10-03.20.55:869][678]Display: HotReload took  0.1s.
[2019.12.10-03.21.01:204][776]LogSlate: Window 'BP_HealKit' being destroyed
[2019.12.10-03.21.01:209][776]LogSlate: Window 'BP_HealKit' being destroyed
[2019.12.10-03.21.02:009][862]LogTemp: Repeating last play command: Selected Viewport
[2019.12.10-03.21.02:020][862]LogBlueprintUserMessages: Early PlayInEditor Detection: Level '/Game/FirstPersonCPP/Maps/FirstPersonExampleMap.FirstPersonExampleMap:PersistentLevel' has LevelScriptBlueprint '/Game/FirstPersonCPP/Maps/FirstPersonExampleMap.FirstPersonExampleMap:PersistentLevel.FirstPersonExampleMap' with GeneratedClass '/Game/FirstPersonCPP/Maps/FirstPersonExampleMap.FirstPersonExampleMap_C' with ClassGeneratedBy '/Game/FirstPersonCPP/Maps/FirstPersonExampleMap.FirstPersonExampleMap:PersistentLevel.FirstPersonExampleMap'
[2019.12.10-03.21.02:020][862]LogPlayLevel: PlayLevel: No blueprints needed recompiling
[2019.12.10-03.21.02:021][862]PIE: New page: PIE session: FirstPersonExampleMap (Dec 9, 2019, 5:21:02 PM)
[2019.12.10-03.21.02:021][862]LogPlayLevel: Creating play world package: /Game/FirstPersonCPP/Maps/UEDPIE_0_FirstPersonExampleMap
[2019.12.10-03.21.02:033][862]LogPlayLevel: PIE: StaticDuplicateObject took: (0.012347s)
[2019.12.10-03.21.02:034][862]LogAIModule: Creating AISystem for world FirstPersonExampleMap
[2019.12.10-03.21.02:034][862]LogPlayLevel: PIE: World Init took: (0.000700s)
[2019.12.10-03.21.02:034][862]LogPlayLevel: PIE: Created PIE world by copying editor world from /Game/FirstPersonCPP/Maps/FirstPersonExampleMap.FirstPersonExampleMap to /Game/FirstPersonCPP/Maps/UEDPIE_0_FirstPersonExampleMap.FirstPersonExampleMap (0.013174s)
[2019.12.10-03.21.02:132][862]LogUObjectHash: Compacting FUObjectHashTables data took   3.62ms
[2019.12.10-03.21.02:160][862]LogInit: XAudio2 using 'Headphones (4- Arctis 7 Game)' : 2 channels at 48 kHz using 16 bits per sample (channel mask 0x3)
[2019.12.10-03.21.02:194][862]LogInit: FAudioDevice initialized.
[2019.12.10-03.21.02:228][862]LogLoad: Game class is 'final_sampleGameMode'
[2019.12.10-03.21.02:230][862]LogWorld: Bringing World /Game/FirstPersonCPP/Maps/UEDPIE_0_FirstPersonExampleMap.FirstPersonExampleMap up for play (max tick rate 0) at 2019.12.09-22.21.02
[2019.12.10-03.21.02:230][862]LogWorld: Bringing up level for play took: 0.001680
[2019.12.10-03.21.02:243][862]PIE: Play in editor start time for /Game/FirstPersonCPP/Maps/UEDPIE_0_FirstPersonExampleMap 0.979
[2019.12.10-03.21.02:243][862]LogBlueprintUserMessages: Late PlayInEditor Detection: Level '/Game/FirstPersonCPP/Maps/FirstPersonExampleMap.FirstPersonExampleMap:PersistentLevel' has LevelScriptBlueprint '/Game/FirstPersonCPP/Maps/FirstPersonExampleMap.FirstPersonExampleMap:PersistentLevel.FirstPersonExampleMap' with GeneratedClass '/Game/FirstPersonCPP/Maps/FirstPersonExampleMap.FirstPersonExampleMap_C' with ClassGeneratedBy '/Game/FirstPersonCPP/Maps/FirstPersonExampleMap.FirstPersonExampleMap:PersistentLevel.FirstPersonExampleMap'
[2019.12.10-03.21.08:251][281]LogWindows: Error: === Critical error: ===
[2019.12.10-03.21.08:251][281]LogWindows: Error: 
[2019.12.10-03.21.08:251][281]LogWindows: Error: Fatal error!
[2019.12.10-03.21.08:251][281]LogWindows: Error: 
[2019.12.10-03.21.08:251][281]LogWindows: Error: Unhandled Exception: EXCEPTION_ACCESS_VIOLATION reading address 0x00000460
[2019.12.10-03.21.08:251][281]LogWindows: Error: 
[2019.12.10-03.21.08:251][281]LogWindows: Error: [Callstack] 0x00007ffda14e94c8 UE4Editor-final_sample-0007.dll!ALaunchPad::NotifyHit() [b:\unreal projects\ge3_final-exam\final_sample\source\final_sample\launchpad.cpp:38]
[2019.12.10-03.21.08:251][281]LogWindows: Error: [Callstack] 0x00007ffd9daef653 UE4Editor-Engine.dll!UnknownFunction []
[2019.12.10-03.21.08:251][281]LogWindows: Error: [Callstack] 0x00007ffd9dad1c22 UE4Editor-Engine.dll!UnknownFunction []
[2019.12.10-03.21.08:251][281]LogWindows: Error: [Callstack] 0x00007ffd9deba30c UE4Editor-Engine.dll!UnknownFunction []
[2019.12.10-03.21.08:251][281]LogWindows: Error: [Callstack] 0x00007ffd9ded3211 UE4Editor-Engine.dll!UnknownFunction []
[2019.12.10-03.21.08:251][281]LogWindows: Error: [Callstack] 0x00007ffd9ded3497 UE4Editor-Engine.dll!UnknownFunction []
[2019.12.10-03.21.08:251][281]LogWindows: Error: [Callstack] 0x00007ffd9dede7fb UE4Editor-Engine.dll!UnknownFunction []
[2019.12.10-03.21.08:251][281]LogWindows: Error: [Callstack] 0x00007ffd9df419c4 UE4Editor-Engine.dll!UnknownFunction []
[2019.12.10-03.21.08:251][281]LogWindows: Error: [Callstack] 0x00007ffd9de2f3fa UE4Editor-Engine.dll!UnknownFunction []
[2019.12.10-03.21.08:251][281]LogWindows: Error: [Callstack] 0x00007ffd9de55464 UE4Editor-Engine.dll!UnknownFunction []
[2019.12.10-03.21.08:251][281]LogWindows: Error: [Callstack] 0x00007ffd9ea972bc UE4Editor-Engine.dll!UnknownFunction []
[2019.12.10-03.21.08:251][281]LogWindows: Error: [Callstack] 0x00007ffd9cff22d8 UE4Editor-Core.dll!UnknownFunction []
[2019.12.10-03.21.08:251][281]LogWindows: Error: [Callstack] 0x00007ffd9cff2563 UE4Editor-Core.dll!UnknownFunction []
[2019.12.10-03.21.08:251][281]LogWindows: Error: [Callstack] 0x00007ffd9d002309 UE4Editor-Core.dll!UnknownFunction []
[2019.12.10-03.21.08:251][281]LogWindows: Error: [Callstack] 0x00007ffd9eadf9e3 UE4Editor-Engine.dll!UnknownFunction []
[2019.12.10-03.21.08:251][281]LogWindows: Error: [Callstack] 0x00007ffd9eaebd12 UE4Editor-Engine.dll!UnknownFunction []
[2019.12.10-03.21.08:252][281]LogWindows: Error: [Callstack] 0x00007ffd9e30dc4f UE4Editor-Engine.dll!UnknownFunction []
[2019.12.10-03.21.08:252][281]LogWindows: Error: [Callstack] 0x00007ffd9e317e28 UE4Editor-Engine.dll!UnknownFunction []
[2019.12.10-03.21.08:252][281]LogWindows: Error: [Callstack] 0x00007ffd92a502f7 UE4Editor-UnrealEd.dll!UnknownFunction []
[2019.12.10-03.21.08:252][281]LogWindows: Error: [Callstack] 0x00007ffd9326d396 UE4Editor-UnrealEd.dll!UnknownFunction []
[2019.12.10-03.21.08:252][281]LogWindows: Error: [Callstack] 0x00007ff765936bb1 UE4Editor.exe!UnknownFunction []
[2019.12.10-03.21.08:252][281]LogWindows: Error: [Callstack] 0x00007ff76594554c UE4Editor.exe!UnknownFunction []
[2019.12.10-03.21.08:252][281]LogWindows: Error: [Callstack] 0x00007ff7659455ca UE4Editor.exe!UnknownFunction []
[2019.12.10-03.21.08:252][281]LogWindows: Error: [Callstack] 0x00007ff76595316c UE4Editor.exe!UnknownFunction []
[2019.12.10-03.21.08:252][281]LogWindows: Error: [Callstack] 0x00007ff765955b8e UE4Editor.exe!UnknownFunction []
[2019.12.10-03.21.08:252][281]LogWindows: Error: [Callstack] 0x00007ffdfe387bd4 KERNEL32.DLL!UnknownFunction []
[2019.12.10-03.21.08:252][281]LogWindows: Error: [Callstack] 0x00007ffe0030ced1 ntdll.dll!UnknownFunction []
[2019.12.10-03.21.08:252][281]LogWindows: Error: 
[2019.12.10-03.21.08:266][281]LogExit: Executing StaticShutdownAfterError
[2019.12.10-03.21.08:270][281]LogWindows: FPlatformMisc::RequestExit(1)
[2019.12.10-03.21.08:273][281]Log file closed, 12/09/19 22:21:08
